23:02:18 **** Build of configuration Debug for project huinya ****
make -j16 all 
arm-none-eabi-gcc "../Drivers/STM32F4xx_HAL_Driver/Src/stm32f4xx_hal.c" -mcpu=cortex-m4 -std=gnu11 -g3 -DDEBUG -DUSE_HAL_DRIVER -DSTM32F401xC -c -I../Core/Inc -I../Drivers/STM32F4xx_HAL_Driver/Inc -I../Drivers/STM32F4xx_HAL_Driver/Inc/Legacy -I../Drivers/CMSIS/Device/ST/STM32F4xx/Include -I../Drivers/CMSIS/Include -O0 -ffunction-sections -fdata-sections -Wall -fstack-usage -MMD -MP -MF"Drivers/STM32F4xx_HAL_Driver/Src/stm32f4xx_hal.d" -MT"Drivers/STM32F4xx_HAL_Driver/Src/stm32f4xx_hal.o" --specs=nano.specs -mfpu=fpv4-sp-d16 -mfloat-abi=hard -mthumb -o "Drivers/STM32F4xx_HAL_Driver/Src/stm32f4xx_hal.o"
arm-none-eabi-gcc "../Drivers/STM32F4xx_HAL_Driver/Src/stm32f4xx_hal_cortex.c" -mcpu=cortex-m4 -std=gnu11 -g3 -DDEBUG -DUSE_HAL_DRIVER -DSTM32F401xC -c -I../Core/Inc -I../Drivers/STM32F4xx_HAL_Driver/Inc -I../Drivers/STM32F4xx_HAL_Driver/Inc/Legacy -I../Drivers/CMSIS/Device/ST/STM32F4xx/Include -I../Drivers/CMSIS/Include -O0 -ffunction-sections -fdata-sections -Wall -fstack-usage -MMD -MP -MF"Drivers/STM32F4xx_HAL_Driver/Src/stm32f4xx_hal_cortex.d" -MT"Drivers/STM32F4xx_HAL_Driver/Src/stm32f4xx_hal_cortex.o" --specs=nano.specs -mfpu=fpv4-sp-d16 -mfloat-abi=hard -mthumb -o "Drivers/STM32F4xx_HAL_Driver/Src/stm32f4xx_hal_cortex.o"
arm-none-eabi-gcc "../Drivers/STM32F4xx_HAL_Driver/Src/stm32f4xx_hal_dma.c" -mcpu=cortex-m4 -std=gnu11 -g3 -DDEBUG -DUSE_HAL_DRIVER -DSTM32F401xC -c -I../Core/Inc -I../Drivers/STM32F4xx_HAL_Driver/Inc -I../Drivers/STM32F4xx_HAL_Driver/Inc/Legacy -I../Drivers/CMSIS/Device/ST/STM32F4xx/Include -I../Drivers/CMSIS/Include -O0 -ffunction-sections -fdata-sections -Wall -fstack-usage -MMD -MP -MF"Drivers/STM32F4xx_HAL_Driver/Src/stm32f4xx_hal_dma.d" -MT"Drivers/STM32F4xx_HAL_Driver/Src/stm32f4xx_hal_dma.o" --specs=nano.specs -mfpu=fpv4-sp-d16 -mfloat-abi=hard -mthumb -o "Drivers/STM32F4xx_HAL_Driver/Src/stm32f4xx_hal_dma.o"
arm-none-eabi-gcc "../Drivers/STM32F4xx_HAL_Driver/Src/stm32f4xx_hal_dma_ex.c" -mcpu=cortex-m4 -std=gnu11 -g3 -DDEBUG -DUSE_HAL_DRIVER -DSTM32F401xC -c -I../Core/Inc -I../Drivers/STM32F4xx_HAL_Driver/Inc -I../Drivers/STM32F4xx_HAL_Driver/Inc/Legacy -I../Drivers/CMSIS/Device/ST/STM32F4xx/Include -I../Drivers/CMSIS/Include -O0 -ffunction-sections -fdata-sections -Wall -fstack-usage -MMD -MP -MF"Drivers/STM32F4xx_HAL_Driver/Src/stm32f4xx_hal_dma_ex.d" -MT"Drivers/STM32F4xx_HAL_Driver/Src/stm32f4xx_hal_dma_ex.o" --specs=nano.specs -mfpu=fpv4-sp-d16 -mfloat-abi=hard -mthumb -o "Drivers/STM32F4xx_HAL_Driver/Src/stm32f4xx_hal_dma_ex.o"
arm-none-eabi-gcc "../Drivers/STM32F4xx_HAL_Driver/Src/stm32f4xx_hal_exti.c" -mcpu=cortex-m4 -std=gnu11 -g3 -DDEBUG -DUSE_HAL_DRIVER -DSTM32F401xC -c -I../Core/Inc -I../Drivers/STM32F4xx_HAL_Driver/Inc -I../Drivers/STM32F4xx_HAL_Driver/Inc/Legacy -I../Drivers/CMSIS/Device/ST/STM32F4xx/Include -I../Drivers/CMSIS/Include -O0 -ffunction-sections -fdata-sections -Wall -fstack-usage -MMD -MP -MF"Drivers/STM32F4xx_HAL_Driver/Src/stm32f4xx_hal_exti.d" -MT"Drivers/STM32F4xx_HAL_Driver/Src/stm32f4xx_hal_exti.o" --specs=nano.specs -mfpu=fpv4-sp-d16 -mfloat-abi=hard -mthumb -o "Drivers/STM32F4xx_HAL_Driver/Src/stm32f4xx_hal_exti.o"
arm-none-eabi-gcc "../Drivers/STM32F4xx_HAL_Driver/Src/stm32f4xx_hal_flash.c" -mcpu=cortex-m4 -std=gnu11 -g3 -DDEBUG -DUSE_HAL_DRIVER -DSTM32F401xC -c -I../Core/Inc -I../Drivers/STM32F4xx_HAL_Driver/Inc -I../Drivers/STM32F4xx_HAL_Driver/Inc/Legacy -I../Drivers/CMSIS/Device/ST/STM32F4xx/Include -I../Drivers/CMSIS/Include -O0 -ffunction-sections -fdata-sections -Wall -fstack-usage -MMD -MP -MF"Drivers/STM32F4xx_HAL_Driver/Src/stm32f4xx_hal_flash.d" -MT"Drivers/STM32F4xx_HAL_Driver/Src/stm32f4xx_hal_flash.o" --specs=nano.specs -mfpu=fpv4-sp-d16 -mfloat-abi=hard -mthumb -o "Drivers/STM32F4xx_HAL_Driver/Src/stm32f4xx_hal_flash.o"
arm-none-eabi-gcc "../Drivers/STM32F4xx_HAL_Driver/Src/stm32f4xx_hal_flash_ex.c" -mcpu=cortex-m4 -std=gnu11 -g3 -DDEBUG -DUSE_HAL_DRIVER -DSTM32F401xC -c -I../Core/Inc -I../Drivers/STM32F4xx_HAL_Driver/Inc -I../Drivers/STM32F4xx_HAL_Driver/Inc/Legacy -I../Drivers/CMSIS/Device/ST/STM32F4xx/Include -I../Drivers/CMSIS/Include -O0 -ffunction-sections -fdata-sections -Wall -fstack-usage -MMD -MP -MF"Drivers/STM32F4xx_HAL_Driver/Src/stm32f4xx_hal_flash_ex.d" -MT"Drivers/STM32F4xx_HAL_Driver/Src/stm32f4xx_hal_flash_ex.o" --specs=nano.specs -mfpu=fpv4-sp-d16 -mfloat-abi=hard -mthumb -o "Drivers/STM32F4xx_HAL_Driver/Src/stm32f4xx_hal_flash_ex.o"
arm-none-eabi-gcc "../Drivers/STM32F4xx_HAL_Driver/Src/stm32f4xx_hal_flash_ramfunc.c" -mcpu=cortex-m4 -std=gnu11 -g3 -DDEBUG -DUSE_HAL_DRIVER -DSTM32F401xC -c -I../Core/Inc -I../Drivers/STM32F4xx_HAL_Driver/Inc -I../Drivers/STM32F4xx_HAL_Driver/Inc/Legacy -I../Drivers/CMSIS/Device/ST/STM32F4xx/Include -I../Drivers/CMSIS/Include -O0 -ffunction-sections -fdata-sections -Wall -fstack-usage -MMD -MP -MF"Drivers/STM32F4xx_HAL_Driver/Src/stm32f4xx_hal_flash_ramfunc.d" -MT"Drivers/STM32F4xx_HAL_Driver/Src/stm32f4xx_hal_flash_ramfunc.o" --specs=nano.specs -mfpu=fpv4-sp-d16 -mfloat-abi=hard -mthumb -o "Drivers/STM32F4xx_HAL_Driver/Src/stm32f4xx_hal_flash_ramfunc.o"
arm-none-eabi-gcc "../Drivers/STM32F4xx_HAL_Driver/Src/stm32f4xx_hal_gpio.c" -mcpu=cortex-m4 -std=gnu11 -g3 -DDEBUG -DUSE_HAL_DRIVER -DSTM32F401xC -c -I../Core/Inc -I../Drivers/STM32F4xx_HAL_Driver/Inc -I../Drivers/STM32F4xx_HAL_Driver/Inc/Legacy -I../Drivers/CMSIS/Device/ST/STM32F4xx/Include -I../Drivers/CMSIS/Include -O0 -ffunction-sections -fdata-sections -Wall -fstack-usage -MMD -MP -MF"Drivers/STM32F4xx_HAL_Driver/Src/stm32f4xx_hal_gpio.d" -MT"Drivers/STM32F4xx_HAL_Driver/Src/stm32f4xx_hal_gpio.o" --specs=nano.specs -mfpu=fpv4-sp-d16 -mfloat-abi=hard -mthumb -o "Drivers/STM32F4xx_HAL_Driver/Src/stm32f4xx_hal_gpio.o"
arm-none-eabi-gcc "../Drivers/STM32F4xx_HAL_Driver/Src/stm32f4xx_hal_pwr.c" -mcpu=cortex-m4 -std=gnu11 -g3 -DDEBUG -DUSE_HAL_DRIVER -DSTM32F401xC -c -I../Core/Inc -I../Drivers/STM32F4xx_HAL_Driver/Inc -I../Drivers/STM32F4xx_HAL_Driver/Inc/Legacy -I../Drivers/CMSIS/Device/ST/STM32F4xx/Include -I../Drivers/CMSIS/Include -O0 -ffunction-sections -fdata-sections -Wall -fstack-usage -MMD -MP -MF"Drivers/STM32F4xx_HAL_Driver/Src/stm32f4xx_hal_pwr.d" -MT"Drivers/STM32F4xx_HAL_Driver/Src/stm32f4xx_hal_pwr.o" --specs=nano.specs -mfpu=fpv4-sp-d16 -mfloat-abi=hard -mthumb -o "Drivers/STM32F4xx_HAL_Driver/Src/stm32f4xx_hal_pwr.o"
arm-none-eabi-gcc "../Drivers/STM32F4xx_HAL_Driver/Src/stm32f4xx_hal_pwr_ex.c" -mcpu=cortex-m4 -std=gnu11 -g3 -DDEBUG -DUSE_HAL_DRIVER -DSTM32F401xC -c -I../Core/Inc -I../Drivers/STM32F4xx_HAL_Driver/Inc -I../Drivers/STM32F4xx_HAL_Driver/Inc/Legacy -I../Drivers/CMSIS/Device/ST/STM32F4xx/Include -I../Drivers/CMSIS/Include -O0 -ffunction-sections -fdata-sections -Wall -fstack-usage -MMD -MP -MF"Drivers/STM32F4xx_HAL_Driver/Src/stm32f4xx_hal_pwr_ex.d" -MT"Drivers/STM32F4xx_HAL_Driver/Src/stm32f4xx_hal_pwr_ex.o" --specs=nano.specs -mfpu=fpv4-sp-d16 -mfloat-abi=hard -mthumb -o "Drivers/STM32F4xx_HAL_Driver/Src/stm32f4xx_hal_pwr_ex.o"
arm-none-eabi-gcc "../Drivers/STM32F4xx_HAL_Driver/Src/stm32f4xx_hal_rcc.c" -mcpu=cortex-m4 -std=gnu11 -g3 -DDEBUG -DUSE_HAL_DRIVER -DSTM32F401xC -c -I../Core/Inc -I../Drivers/STM32F4xx_HAL_Driver/Inc -I../Drivers/STM32F4xx_HAL_Driver/Inc/Legacy -I../Drivers/CMSIS/Device/ST/STM32F4xx/Include -I../Drivers/CMSIS/Include -O0 -ffunction-sections -fdata-sections -Wall -fstack-usage -MMD -MP -MF"Drivers/STM32F4xx_HAL_Driver/Src/stm32f4xx_hal_rcc.d" -MT"Drivers/STM32F4xx_HAL_Driver/Src/stm32f4xx_hal_rcc.o" --specs=nano.specs -mfpu=fpv4-sp-d16 -mfloat-abi=hard -mthumb -o "Drivers/STM32F4xx_HAL_Driver/Src/stm32f4xx_hal_rcc.o"
arm-none-eabi-gcc "../Drivers/STM32F4xx_HAL_Driver/Src/stm32f4xx_hal_rcc_ex.c" -mcpu=cortex-m4 -std=gnu11 -g3 -DDEBUG -DUSE_HAL_DRIVER -DSTM32F401xC -c -I../Core/Inc -I../Drivers/STM32F4xx_HAL_Driver/Inc -I../Drivers/STM32F4xx_HAL_Driver/Inc/Legacy -I../Drivers/CMSIS/Device/ST/STM32F4xx/Include -I../Drivers/CMSIS/Include -O0 -ffunction-sections -fdata-sections -Wall -fstack-usage -MMD -MP -MF"Drivers/STM32F4xx_HAL_Driver/Src/stm32f4xx_hal_rcc_ex.d" -MT"Drivers/STM32F4xx_HAL_Driver/Src/stm32f4xx_hal_rcc_ex.o" --specs=nano.specs -mfpu=fpv4-sp-d16 -mfloat-abi=hard -mthumb -o "Drivers/STM32F4xx_HAL_Driver/Src/stm32f4xx_hal_rcc_ex.o"
arm-none-eabi-gcc -mcpu=cortex-m4 -g3 -DDEBUG -c -x assembler-with-cpp -MMD -MP -MF"Core/Startup/startup_stm32f401ccux.d" -MT"Core/Startup/startup_stm32f401ccux.o" --specs=nano.specs -mfpu=fpv4-sp-d16 -mfloat-abi=hard -mthumb -o "Core/Startup/startup_stm32f401ccux.o" "../Core/Startup/startup_stm32f401ccux.s"
arm-none-eabi-gcc "../Core/Src/main.c" -mcpu=cortex-m4 -std=gnu11 -g3 -DDEBUG -DUSE_HAL_DRIVER -DSTM32F401xC -c -I../Core/Inc -I../Drivers/STM32F4xx_HAL_Driver/Inc -I../Drivers/STM32F4xx_HAL_Driver/Inc/Legacy -I../Drivers/CMSIS/Device/ST/STM32F4xx/Include -I../Drivers/CMSIS/Include -O0 -ffunction-sections -fdata-sections -Wall -fstack-usage -MMD -MP -MF"Core/Src/main.d" -MT"Core/Src/main.o" --specs=nano.specs -mfpu=fpv4-sp-d16 -mfloat-abi=hard -mthumb -o "Core/Src/main.o"
arm-none-eabi-gcc "../Core/Src/stm32f4xx_hal_msp.c" -mcpu=cortex-m4 -std=gnu11 -g3 -DDEBUG -DUSE_HAL_DRIVER -DSTM32F401xC -c -I../Core/Inc -I../Drivers/STM32F4xx_HAL_Driver/Inc -I../Drivers/STM32F4xx_HAL_Driver/Inc/Legacy -I../Drivers/CMSIS/Device/ST/STM32F4xx/Include -I../Drivers/CMSIS/Include -O0 -ffunction-sections -fdata-sections -Wall -fstack-usage -MMD -MP -MF"Core/Src/stm32f4xx_hal_msp.d" -MT"Core/Src/stm32f4xx_hal_msp.o" --specs=nano.specs -mfpu=fpv4-sp-d16 -mfloat-abi=hard -mthumb -o "Core/Src/stm32f4xx_hal_msp.o"
arm-none-eabi-gcc "../Core/Src/stm32f4xx_it.c" -mcpu=cortex-m4 -std=gnu11 -g3 -DDEBUG -DUSE_HAL_DRIVER -DSTM32F401xC -c -I../Core/Inc -I../Drivers/STM32F4xx_HAL_Driver/Inc -I../Drivers/STM32F4xx_HAL_Driver/Inc/Legacy -I../Drivers/CMSIS/Device/ST/STM32F4xx/Include -I../Drivers/CMSIS/Include -O0 -ffunction-sections -fdata-sections -Wall -fstack-usage -MMD -MP -MF"Core/Src/stm32f4xx_it.d" -MT"Core/Src/stm32f4xx_it.o" --specs=nano.specs -mfpu=fpv4-sp-d16 -mfloat-abi=hard -mthumb -o "Core/Src/stm32f4xx_it.o"
arm-none-eabi-gcc "../Core/Src/syscalls.c" -mcpu=cortex-m4 -std=gnu11 -g3 -DDEBUG -DUSE_HAL_DRIVER -DSTM32F401xC -c -I../Core/Inc -I../Drivers/STM32F4xx_HAL_Driver/Inc -I../Drivers/STM32F4xx_HAL_Driver/Inc/Legacy -I../Drivers/CMSIS/Device/ST/STM32F4xx/Include -I../Drivers/CMSIS/Include -O0 -ffunction-sections -fdata-sections -Wall -fstack-usage -MMD -MP -MF"Core/Src/syscalls.d" -MT"Core/Src/syscalls.o" --specs=nano.specs -mfpu=fpv4-sp-d16 -mfloat-abi=hard -mthumb -o "Core/Src/syscalls.o"
arm-none-eabi-gcc "../Core/Src/sysmem.c" -mcpu=cortex-m4 -std=gnu11 -g3 -DDEBUG -DUSE_HAL_DRIVER -DSTM32F401xC -c -I../Core/Inc -I../Drivers/STM32F4xx_HAL_Driver/Inc -I../Drivers/STM32F4xx_HAL_Driver/Inc/Legacy -I../Drivers/CMSIS/Device/ST/STM32F4xx/Include -I../Drivers/CMSIS/Include -O0 -ffunction-sections -fdata-sections -Wall -fstack-usage -MMD -MP -MF"Core/Src/sysmem.d" -MT"Core/Src/sysmem.o" --specs=nano.specs -mfpu=fpv4-sp-d16 -mfloat-abi=hard -mthumb -o "Core/Src/sysmem.o"
arm-none-eabi-gcc "../Core/Src/system_stm32f4xx.c" -mcpu=cortex-m4 -std=gnu11 -g3 -DDEBUG -DUSE_HAL_DRIVER -DSTM32F401xC -c -I../Core/Inc -I../Drivers/STM32F4xx_HAL_Driver/Inc -I../Drivers/STM32F4xx_HAL_Driver/Inc/Legacy -I../Drivers/CMSIS/Device/ST/STM32F4xx/Include -I../Drivers/CMSIS/Include -O0 -ffunction-sections -fdata-sections -Wall -fstack-usage -MMD -MP -MF"Core/Src/system_stm32f4xx.d" -MT"Core/Src/system_stm32f4xx.o" --specs=nano.specs -mfpu=fpv4-sp-d16 -mfloat-abi=hard -mthumb -o "Core/Src/system_stm32f4xx.o"
arm-none-eabi-gcc -o "huinya.elf" @"objects.list"   -mcpu=cortex-m4 -T"C:\Users\LaL\STM32CubeIDE\workspace_1.10.1\huinya\STM32F401CCUX_FLASH.ld" --specs=nosys.specs -Wl,-Map="huinya.map" -Wl,--gc-sections -static --specs=nano.specs -mfpu=fpv4-sp-d16 -mfloat-abi=hard -mthumb -Wl,--start-group -lc -lm -Wl,--end-group
Finished building target: huinya.elf
 
arm-none-eabi-size   huinya.elf 
arm-none-eabi-objdump -h -S  huinya.elf  > "huinya.list"
   text	   data	    bss	    dec	    hex	filename
   4688	     20	   1572	   6280	   1888	huinya.elf
Finished building: default.size.stdout
 
Finished building: huinya.list
 
23:02:31 **** Incremental Build of configuration Debug for project huinya ****
make -j16 all 
arm-none-eabi-size   huinya.elf 
   text	   data	    bss	    dec	    hex	filename
   4688	     20	   1572	   6280	   1888	huinya.elf
Finished building: default.size.stdout
 
23:02:40 **** Incremental Build of configuration Debug for project huinya ****
make -j16 all 
arm-none-eabi-size   huinya.elf 
   text	   data	    bss	    dec	    hex	filename
   4688	     20	   1572	   6280	   1888	huinya.elf
Finished building: default.size.stdout
 
23:02:52 **** Incremental Build of configuration Debug for project huinya ****
make -j16 all 
arm-none-eabi-size   huinya.elf 
   text	   data	    bss	    dec	    hex	filename
   4688	     20	   1572	   6280	   1888	huinya.elf
Finished building: default.size.stdout
 
23:04:28 **** Incremental Build of configuration Debug for project huinya ****
make -j16 all 
arm-none-eabi-size   huinya.elf 
   text	   data	    bss	    dec	    hex	filename
   4688	     20	   1572	   6280	   1888	huinya.elf
Finished building: default.size.stdout
 
23:05:31 **** Build of configuration Debug for project 123 ****
make -j16 all 
arm-none-eabi-gcc "../Drivers/STM32F4xx_HAL_Driver/Src/stm32f4xx_hal.c" -mcpu=cortex-m4 -std=gnu11 -g3 -DDEBUG -DUSE_HAL_DRIVER -DSTM32F401xC -c -I../Core/Inc -I../Drivers/STM32F4xx_HAL_Driver/Inc -I../Drivers/STM32F4xx_HAL_Driver/Inc/Legacy -I../Drivers/CMSIS/Device/ST/STM32F4xx/Include -I../Drivers/CMSIS/Include -O0 -ffunction-sections -fdata-sections -Wall -fstack-usage -MMD -MP -MF"Drivers/STM32F4xx_HAL_Driver/Src/stm32f4xx_hal.d" -MT"Drivers/STM32F4xx_HAL_Driver/Src/stm32f4xx_hal.o" --specs=nano.specs -mfpu=fpv4-sp-d16 -mfloat-abi=hard -mthumb -o "Drivers/STM32F4xx_HAL_Driver/Src/stm32f4xx_hal.o"
arm-none-eabi-gcc "../Drivers/STM32F4xx_HAL_Driver/Src/stm32f4xx_hal_cortex.c" -mcpu=cortex-m4 -std=gnu11 -g3 -DDEBUG -DUSE_HAL_DRIVER -DSTM32F401xC -c -I../Core/Inc -I../Drivers/STM32F4xx_HAL_Driver/Inc -I../Drivers/STM32F4xx_HAL_Driver/Inc/Legacy -I../Drivers/CMSIS/Device/ST/STM32F4xx/Include -I../Drivers/CMSIS/Include -O0 -ffunction-sections -fdata-sections -Wall -fstack-usage -MMD -MP -MF"Drivers/STM32F4xx_HAL_Driver/Src/stm32f4xx_hal_cortex.d" -MT"Drivers/STM32F4xx_HAL_Driver/Src/stm32f4xx_hal_cortex.o" --specs=nano.specs -mfpu=fpv4-sp-d16 -mfloat-abi=hard -mthumb -o "Drivers/STM32F4xx_HAL_Driver/Src/stm32f4xx_hal_cortex.o"
arm-none-eabi-gcc "../Drivers/STM32F4xx_HAL_Driver/Src/stm32f4xx_hal_dma.c" -mcpu=cortex-m4 -std=gnu11 -g3 -DDEBUG -DUSE_HAL_DRIVER -DSTM32F401xC -c -I../Core/Inc -I../Drivers/STM32F4xx_HAL_Driver/Inc -I../Drivers/STM32F4xx_HAL_Driver/Inc/Legacy -I../Drivers/CMSIS/Device/ST/STM32F4xx/Include -I../Drivers/CMSIS/Include -O0 -ffunction-sections -fdata-sections -Wall -fstack-usage -MMD -MP -MF"Drivers/STM32F4xx_HAL_Driver/Src/stm32f4xx_hal_dma.d" -MT"Drivers/STM32F4xx_HAL_Driver/Src/stm32f4xx_hal_dma.o" --specs=nano.specs -mfpu=fpv4-sp-d16 -mfloat-abi=hard -mthumb -o "Drivers/STM32F4xx_HAL_Driver/Src/stm32f4xx_hal_dma.o"
arm-none-eabi-gcc "../Drivers/STM32F4xx_HAL_Driver/Src/stm32f4xx_hal_dma_ex.c" -mcpu=cortex-m4 -std=gnu11 -g3 -DDEBUG -DUSE_HAL_DRIVER -DSTM32F401xC -c -I../Core/Inc -I../Drivers/STM32F4xx_HAL_Driver/Inc -I../Drivers/STM32F4xx_HAL_Driver/Inc/Legacy -I../Drivers/CMSIS/Device/ST/STM32F4xx/Include -I../Drivers/CMSIS/Include -O0 -ffunction-sections -fdata-sections -Wall -fstack-usage -MMD -MP -MF"Drivers/STM32F4xx_HAL_Driver/Src/stm32f4xx_hal_dma_ex.d" -MT"Drivers/STM32F4xx_HAL_Driver/Src/stm32f4xx_hal_dma_ex.o" --specs=nano.specs -mfpu=fpv4-sp-d16 -mfloat-abi=hard -mthumb -o "Drivers/STM32F4xx_HAL_Driver/Src/stm32f4xx_hal_dma_ex.o"
arm-none-eabi-gcc "../Drivers/STM32F4xx_HAL_Driver/Src/stm32f4xx_hal_exti.c" -mcpu=cortex-m4 -std=gnu11 -g3 -DDEBUG -DUSE_HAL_DRIVER -DSTM32F401xC -c -I../Core/Inc -I../Drivers/STM32F4xx_HAL_Driver/Inc -I../Drivers/STM32F4xx_HAL_Driver/Inc/Legacy -I../Drivers/CMSIS/Device/ST/STM32F4xx/Include -I../Drivers/CMSIS/Include -O0 -ffunction-sections -fdata-sections -Wall -fstack-usage -MMD -MP -MF"Drivers/STM32F4xx_HAL_Driver/Src/stm32f4xx_hal_exti.d" -MT"Drivers/STM32F4xx_HAL_Driver/Src/stm32f4xx_hal_exti.o" --specs=nano.specs -mfpu=fpv4-sp-d16 -mfloat-abi=hard -mthumb -o "Drivers/STM32F4xx_HAL_Driver/Src/stm32f4xx_hal_exti.o"
arm-none-eabi-gcc "../Drivers/STM32F4xx_HAL_Driver/Src/stm32f4xx_hal_flash.c" -mcpu=cortex-m4 -std=gnu11 -g3 -DDEBUG -DUSE_HAL_DRIVER -DSTM32F401xC -c -I../Core/Inc -I../Drivers/STM32F4xx_HAL_Driver/Inc -I../Drivers/STM32F4xx_HAL_Driver/Inc/Legacy -I../Drivers/CMSIS/Device/ST/STM32F4xx/Include -I../Drivers/CMSIS/Include -O0 -ffunction-sections -fdata-sections -Wall -fstack-usage -MMD -MP -MF"Drivers/STM32F4xx_HAL_Driver/Src/stm32f4xx_hal_flash.d" -MT"Drivers/STM32F4xx_HAL_Driver/Src/stm32f4xx_hal_flash.o" --specs=nano.specs -mfpu=fpv4-sp-d16 -mfloat-abi=hard -mthumb -o "Drivers/STM32F4xx_HAL_Driver/Src/stm32f4xx_hal_flash.o"
arm-none-eabi-gcc "../Drivers/STM32F4xx_HAL_Driver/Src/stm32f4xx_hal_flash_ex.c" -mcpu=cortex-m4 -std=gnu11 -g3 -DDEBUG -DUSE_HAL_DRIVER -DSTM32F401xC -c -I../Core/Inc -I../Drivers/STM32F4xx_HAL_Driver/Inc -I../Drivers/STM32F4xx_HAL_Driver/Inc/Legacy -I../Drivers/CMSIS/Device/ST/STM32F4xx/Include -I../Drivers/CMSIS/Include -O0 -ffunction-sections -fdata-sections -Wall -fstack-usage -MMD -MP -MF"Drivers/STM32F4xx_HAL_Driver/Src/stm32f4xx_hal_flash_ex.d" -MT"Drivers/STM32F4xx_HAL_Driver/Src/stm32f4xx_hal_flash_ex.o" --specs=nano.specs -mfpu=fpv4-sp-d16 -mfloat-abi=hard -mthumb -o "Drivers/STM32F4xx_HAL_Driver/Src/stm32f4xx_hal_flash_ex.o"
arm-none-eabi-gcc "../Drivers/STM32F4xx_HAL_Driver/Src/stm32f4xx_hal_flash_ramfunc.c" -mcpu=cortex-m4 -std=gnu11 -g3 -DDEBUG -DUSE_HAL_DRIVER -DSTM32F401xC -c -I../Core/Inc -I../Drivers/STM32F4xx_HAL_Driver/Inc -I../Drivers/STM32F4xx_HAL_Driver/Inc/Legacy -I../Drivers/CMSIS/Device/ST/STM32F4xx/Include -I../Drivers/CMSIS/Include -O0 -ffunction-sections -fdata-sections -Wall -fstack-usage -MMD -MP -MF"Drivers/STM32F4xx_HAL_Driver/Src/stm32f4xx_hal_flash_ramfunc.d" -MT"Drivers/STM32F4xx_HAL_Driver/Src/stm32f4xx_hal_flash_ramfunc.o" --specs=nano.specs -mfpu=fpv4-sp-d16 -mfloat-abi=hard -mthumb -o "Drivers/STM32F4xx_HAL_Driver/Src/stm32f4xx_hal_flash_ramfunc.o"
arm-none-eabi-gcc "../Drivers/STM32F4xx_HAL_Driver/Src/stm32f4xx_hal_gpio.c" -mcpu=cortex-m4 -std=gnu11 -g3 -DDEBUG -DUSE_HAL_DRIVER -DSTM32F401xC -c -I../Core/Inc -I../Drivers/STM32F4xx_HAL_Driver/Inc -I../Drivers/STM32F4xx_HAL_Driver/Inc/Legacy -I../Drivers/CMSIS/Device/ST/STM32F4xx/Include -I../Drivers/CMSIS/Include -O0 -ffunction-sections -fdata-sections -Wall -fstack-usage -MMD -MP -MF"Drivers/STM32F4xx_HAL_Driver/Src/stm32f4xx_hal_gpio.d" -MT"Drivers/STM32F4xx_HAL_Driver/Src/stm32f4xx_hal_gpio.o" --specs=nano.specs -mfpu=fpv4-sp-d16 -mfloat-abi=hard -mthumb -o "Drivers/STM32F4xx_HAL_Driver/Src/stm32f4xx_hal_gpio.o"
arm-none-eabi-gcc "../Drivers/STM32F4xx_HAL_Driver/Src/stm32f4xx_hal_pwr.c" -mcpu=cortex-m4 -std=gnu11 -g3 -DDEBUG -DUSE_HAL_DRIVER -DSTM32F401xC -c -I../Core/Inc -I../Drivers/STM32F4xx_HAL_Driver/Inc -I../Drivers/STM32F4xx_HAL_Driver/Inc/Legacy -I../Drivers/CMSIS/Device/ST/STM32F4xx/Include -I../Drivers/CMSIS/Include -O0 -ffunction-sections -fdata-sections -Wall -fstack-usage -MMD -MP -MF"Drivers/STM32F4xx_HAL_Driver/Src/stm32f4xx_hal_pwr.d" -MT"Drivers/STM32F4xx_HAL_Driver/Src/stm32f4xx_hal_pwr.o" --specs=nano.specs -mfpu=fpv4-sp-d16 -mfloat-abi=hard -mthumb -o "Drivers/STM32F4xx_HAL_Driver/Src/stm32f4xx_hal_pwr.o"
arm-none-eabi-gcc "../Drivers/STM32F4xx_HAL_Driver/Src/stm32f4xx_hal_pwr_ex.c" -mcpu=cortex-m4 -std=gnu11 -g3 -DDEBUG -DUSE_HAL_DRIVER -DSTM32F401xC -c -I../Core/Inc -I../Drivers/STM32F4xx_HAL_Driver/Inc -I../Drivers/STM32F4xx_HAL_Driver/Inc/Legacy -I../Drivers/CMSIS/Device/ST/STM32F4xx/Include -I../Drivers/CMSIS/Include -O0 -ffunction-sections -fdata-sections -Wall -fstack-usage -MMD -MP -MF"Drivers/STM32F4xx_HAL_Driver/Src/stm32f4xx_hal_pwr_ex.d" -MT"Drivers/STM32F4xx_HAL_Driver/Src/stm32f4xx_hal_pwr_ex.o" --specs=nano.specs -mfpu=fpv4-sp-d16 -mfloat-abi=hard -mthumb -o "Drivers/STM32F4xx_HAL_Driver/Src/stm32f4xx_hal_pwr_ex.o"
arm-none-eabi-gcc "../Drivers/STM32F4xx_HAL_Driver/Src/stm32f4xx_hal_rcc.c" -mcpu=cortex-m4 -std=gnu11 -g3 -DDEBUG -DUSE_HAL_DRIVER -DSTM32F401xC -c -I../Core/Inc -I../Drivers/STM32F4xx_HAL_Driver/Inc -I../Drivers/STM32F4xx_HAL_Driver/Inc/Legacy -I../Drivers/CMSIS/Device/ST/STM32F4xx/Include -I../Drivers/CMSIS/Include -O0 -ffunction-sections -fdata-sections -Wall -fstack-usage -MMD -MP -MF"Drivers/STM32F4xx_HAL_Driver/Src/stm32f4xx_hal_rcc.d" -MT"Drivers/STM32F4xx_HAL_Driver/Src/stm32f4xx_hal_rcc.o" --specs=nano.specs -mfpu=fpv4-sp-d16 -mfloat-abi=hard -mthumb -o "Drivers/STM32F4xx_HAL_Driver/Src/stm32f4xx_hal_rcc.o"
arm-none-eabi-gcc "../Drivers/STM32F4xx_HAL_Driver/Src/stm32f4xx_hal_rcc_ex.c" -mcpu=cortex-m4 -std=gnu11 -g3 -DDEBUG -DUSE_HAL_DRIVER -DSTM32F401xC -c -I../Core/Inc -I../Drivers/STM32F4xx_HAL_Driver/Inc -I../Drivers/STM32F4xx_HAL_Driver/Inc/Legacy -I../Drivers/CMSIS/Device/ST/STM32F4xx/Include -I../Drivers/CMSIS/Include -O0 -ffunction-sections -fdata-sections -Wall -fstack-usage -MMD -MP -MF"Drivers/STM32F4xx_HAL_Driver/Src/stm32f4xx_hal_rcc_ex.d" -MT"Drivers/STM32F4xx_HAL_Driver/Src/stm32f4xx_hal_rcc_ex.o" --specs=nano.specs -mfpu=fpv4-sp-d16 -mfloat-abi=hard -mthumb -o "Drivers/STM32F4xx_HAL_Driver/Src/stm32f4xx_hal_rcc_ex.o"
arm-none-eabi-gcc -mcpu=cortex-m4 -g3 -DDEBUG -c -x assembler-with-cpp -MMD -MP -MF"Core/Startup/startup_stm32f401ccux.d" -MT"Core/Startup/startup_stm32f401ccux.o" --specs=nano.specs -mfpu=fpv4-sp-d16 -mfloat-abi=hard -mthumb -o "Core/Startup/startup_stm32f401ccux.o" "../Core/Startup/startup_stm32f401ccux.s"
arm-none-eabi-gcc "../Core/Src/main.c" -mcpu=cortex-m4 -std=gnu11 -g3 -DDEBUG -DUSE_HAL_DRIVER -DSTM32F401xC -c -I../Core/Inc -I../Drivers/STM32F4xx_HAL_Driver/Inc -I../Drivers/STM32F4xx_HAL_Driver/Inc/Legacy -I../Drivers/CMSIS/Device/ST/STM32F4xx/Include -I../Drivers/CMSIS/Include -O0 -ffunction-sections -fdata-sections -Wall -fstack-usage -MMD -MP -MF"Core/Src/main.d" -MT"Core/Src/main.o" --specs=nano.specs -mfpu=fpv4-sp-d16 -mfloat-abi=hard -mthumb -o "Core/Src/main.o"
arm-none-eabi-gcc "../Core/Src/stm32f4xx_hal_msp.c" -mcpu=cortex-m4 -std=gnu11 -g3 -DDEBUG -DUSE_HAL_DRIVER -DSTM32F401xC -c -I../Core/Inc -I../Drivers/STM32F4xx_HAL_Driver/Inc -I../Drivers/STM32F4xx_HAL_Driver/Inc/Legacy -I../Drivers/CMSIS/Device/ST/STM32F4xx/Include -I../Drivers/CMSIS/Include -O0 -ffunction-sections -fdata-sections -Wall -fstack-usage -MMD -MP -MF"Core/Src/stm32f4xx_hal_msp.d" -MT"Core/Src/stm32f4xx_hal_msp.o" --specs=nano.specs -mfpu=fpv4-sp-d16 -mfloat-abi=hard -mthumb -o "Core/Src/stm32f4xx_hal_msp.o"
arm-none-eabi-gcc "../Core/Src/stm32f4xx_it.c" -mcpu=cortex-m4 -std=gnu11 -g3 -DDEBUG -DUSE_HAL_DRIVER -DSTM32F401xC -c -I../Core/Inc -I../Drivers/STM32F4xx_HAL_Driver/Inc -I../Drivers/STM32F4xx_HAL_Driver/Inc/Legacy -I../Drivers/CMSIS/Device/ST/STM32F4xx/Include -I../Drivers/CMSIS/Include -O0 -ffunction-sections -fdata-sections -Wall -fstack-usage -MMD -MP -MF"Core/Src/stm32f4xx_it.d" -MT"Core/Src/stm32f4xx_it.o" --specs=nano.specs -mfpu=fpv4-sp-d16 -mfloat-abi=hard -mthumb -o "Core/Src/stm32f4xx_it.o"
arm-none-eabi-gcc "../Core/Src/syscalls.c" -mcpu=cortex-m4 -std=gnu11 -g3 -DDEBUG -DUSE_HAL_DRIVER -DSTM32F401xC -c -I../Core/Inc -I../Drivers/STM32F4xx_HAL_Driver/Inc -I../Drivers/STM32F4xx_HAL_Driver/Inc/Legacy -I../Drivers/CMSIS/Device/ST/STM32F4xx/Include -I../Drivers/CMSIS/Include -O0 -ffunction-sections -fdata-sections -Wall -fstack-usage -MMD -MP -MF"Core/Src/syscalls.d" -MT"Core/Src/syscalls.o" --specs=nano.specs -mfpu=fpv4-sp-d16 -mfloat-abi=hard -mthumb -o "Core/Src/syscalls.o"
arm-none-eabi-gcc "../Core/Src/sysmem.c" -mcpu=cortex-m4 -std=gnu11 -g3 -DDEBUG -DUSE_HAL_DRIVER -DSTM32F401xC -c -I../Core/Inc -I../Drivers/STM32F4xx_HAL_Driver/Inc -I../Drivers/STM32F4xx_HAL_Driver/Inc/Legacy -I../Drivers/CMSIS/Device/ST/STM32F4xx/Include -I../Drivers/CMSIS/Include -O0 -ffunction-sections -fdata-sections -Wall -fstack-usage -MMD -MP -MF"Core/Src/sysmem.d" -MT"Core/Src/sysmem.o" --specs=nano.specs -mfpu=fpv4-sp-d16 -mfloat-abi=hard -mthumb -o "Core/Src/sysmem.o"
arm-none-eabi-gcc "../Core/Src/system_stm32f4xx.c" -mcpu=cortex-m4 -std=gnu11 -g3 -DDEBUG -DUSE_HAL_DRIVER -DSTM32F401xC -c -I../Core/Inc -I../Drivers/STM32F4xx_HAL_Driver/Inc -I../Drivers/STM32F4xx_HAL_Driver/Inc/Legacy -I../Drivers/CMSIS/Device/ST/STM32F4xx/Include -I../Drivers/CMSIS/Include -O0 -ffunction-sections -fdata-sections -Wall -fstack-usage -MMD -MP -MF"Core/Src/system_stm32f4xx.d" -MT"Core/Src/system_stm32f4xx.o" --specs=nano.specs -mfpu=fpv4-sp-d16 -mfloat-abi=hard -mthumb -o "Core/Src/system_stm32f4xx.o"
arm-none-eabi-gcc -o "123.elf" @"objects.list"   -mcpu=cortex-m4 -T"C:\Users\LaL\STM32CubeIDE\workspace_1.10.1\123\STM32F401CCUX_FLASH.ld" --specs=nosys.specs -Wl,-Map="123.map" -Wl,--gc-sections -static --specs=nano.specs -mfpu=fpv4-sp-d16 -mfloat-abi=hard -mthumb -Wl,--start-group -lc -lm -Wl,--end-group
Finished building target: 123.elf
 
arm-none-eabi-size   123.elf 
arm-none-eabi-objdump -h -S  123.elf  > "123.list"
   text	   data	    bss	    dec	    hex	filename
   5624	     20	   1572	   7216	   1c30	123.elf
Finished building: default.size.stdout
 
Finished building: 123.list
 
23:05:50 **** Incremental Build of configuration Debug for project 123 ****
make -j16 all 
arm-none-eabi-size   123.elf 
   text	   data	    bss	    dec	    hex	filename
   5624	     20	   1572	   7216	   1c30	123.elf
Finished building: default.size.stdout
 
23:07:16 **** Incremental Build of configuration Debug for project 123 ****
make -j16 all 
arm-none-eabi-size   123.elf 
   text	   data	    bss	    dec	    hex	filename
   5624	     20	   1572	   7216	   1c30	123.elf
Finished building: default.size.stdout
 
23:12:44 **** Clean-only build of configuration Debug for project task2 ****
make -j16 clean 
rm -rf ./Drivers/STM32F4xx_HAL_Driver/Src/stm32f4xx_hal.d ./Drivers/STM32F4xx_HAL_Driver/Src/stm32f4xx_hal.o ./Drivers/STM32F4xx_HAL_Driver/Src/stm32f4xx_hal.su ./Drivers/STM32F4xx_HAL_Driver/Src/stm32f4xx_hal_adc.d ./Drivers/STM32F4xx_HAL_Driver/Src/stm32f4xx_hal_adc.o ./Drivers/STM32F4xx_HAL_Driver/Src/stm32f4xx_hal_adc.su ./Drivers/STM32F4xx_HAL_Driver/Src/stm32f4xx_hal_adc_ex.d ./Drivers/STM32F4xx_HAL_Driver/Src/stm32f4xx_hal_adc_ex.o ./Drivers/STM32F4xx_HAL_Driver/Src/stm32f4xx_hal_adc_ex.su ./Drivers/STM32F4xx_HAL_Driver/Src/stm32f4xx_hal_cortex.d ./Drivers/STM32F4xx_HAL_Driver/Src/stm32f4xx_hal_cortex.o ./Drivers/STM32F4xx_HAL_Driver/Src/stm32f4xx_hal_cortex.su ./Drivers/STM32F4xx_HAL_Driver/Src/stm32f4xx_hal_dma.d ./Drivers/STM32F4xx_HAL_Driver/Src/stm32f4xx_hal_dma.o ./Drivers/STM32F4xx_HAL_Driver/Src/stm32f4xx_hal_dma.su ./Drivers/STM32F4xx_HAL_Driver/Src/stm32f4xx_hal_dma_ex.d ./Drivers/STM32F4xx_HAL_Driver/Src/stm32f4xx_hal_dma_ex.o ./Drivers/STM32F4xx_HAL_Driver/Src/stm32f4xx_hal_dma_ex.su ./Drivers/STM32F4xx_HAL_Driver/Src/stm32f4xx_hal_exti.d ./Drivers/STM32F4xx_HAL_Driver/Src/stm32f4xx_hal_exti.o ./Drivers/STM32F4xx_HAL_Driver/Src/stm32f4xx_hal_exti.su ./Drivers/STM32F4xx_HAL_Driver/Src/stm32f4xx_hal_flash.d ./Drivers/STM32F4xx_HAL_Driver/Src/stm32f4xx_hal_flash.o ./Drivers/STM32F4xx_HAL_Driver/Src/stm32f4xx_hal_flash.su ./Drivers/STM32F4xx_HAL_Driver/Src/stm32f4xx_hal_flash_ex.d ./Drivers/STM32F4xx_HAL_Driver/Src/stm32f4xx_hal_flash_ex.o ./Drivers/STM32F4xx_HAL_Driver/Src/stm32f4xx_hal_flash_ex.su ./Drivers/STM32F4xx_HAL_Driver/Src/stm32f4xx_hal_flash_ramfunc.d ./Drivers/STM32F4xx_HAL_Driver/Src/stm32f4xx_hal_flash_ramfunc.o ./Drivers/STM32F4xx_HAL_Driver/Src/stm32f4xx_hal_flash_ramfunc.su ./Drivers/STM32F4xx_HAL_Driver/Src/stm32f4xx_hal_gpio.d ./Drivers/STM32F4xx_HAL_Driver/Src/stm32f4xx_hal_gpio.o ./Drivers/STM32F4xx_HAL_Driver/Src/stm32f4xx_hal_gpio.su ./Drivers/STM32F4xx_HAL_Driver/Src/stm32f4xx_hal_pwr.d ./Drivers/STM32F4xx_HAL_Driver/Src/stm32f4xx_hal_pwr.o ./Drivers/STM32F4xx_HAL_Driver/Src/stm32f4xx_hal_pwr.su ./Drivers/STM32F4xx_HAL_Driver/Src/stm32f4xx_hal_pwr_ex.d ./Drivers/STM32F4xx_HAL_Driver/Src/stm32f4xx_hal_pwr_ex.o ./Drivers/STM32F4xx_HAL_Driver/Src/stm32f4xx_hal_pwr_ex.su ./Drivers/STM32F4xx_HAL_Driver/Src/stm32f4xx_hal_rcc.d ./Drivers/STM32F4xx_HAL_Driver/Src/stm32f4xx_hal_rcc.o ./Drivers/STM32F4xx_HAL_Driver/Src/stm32f4xx_hal_rcc.su ./Drivers/STM32F4xx_HAL_Driver/Src/stm32f4xx_hal_rcc_ex.d ./Drivers/STM32F4xx_HAL_Driver/Src/stm32f4xx_hal_rcc_ex.o ./Drivers/STM32F4xx_HAL_Driver/Src/stm32f4xx_hal_rcc_ex.su ./Drivers/STM32F4xx_HAL_Driver/Src/stm32f4xx_hal_spi.d ./Drivers/STM32F4xx_HAL_Driver/Src/stm32f4xx_hal_spi.o ./Drivers/STM32F4xx_HAL_Driver/Src/stm32f4xx_hal_spi.su ./Drivers/STM32F4xx_HAL_Driver/Src/stm32f4xx_hal_tim.d ./Drivers/STM32F4xx_HAL_Driver/Src/stm32f4xx_hal_tim.o ./Drivers/STM32F4xx_HAL_Driver/Src/stm32f4xx_hal_tim.su ./Drivers/STM32F4xx_HAL_Driver/Src/stm32f4xx_hal_tim_ex.d ./Drivers/STM32F4xx_HAL_Driver/Src/stm32f4xx_hal_tim_ex.o ./Drivers/STM32F4xx_HAL_Driver/Src/stm32f4xx_hal_tim_ex.su ./Drivers/STM32F4xx_HAL_Driver/Src/stm32f4xx_ll_adc.d ./Drivers/STM32F4xx_HAL_Driver/Src/stm32f4xx_ll_adc.o ./Drivers/STM32F4xx_HAL_Driver/Src/stm32f4xx_ll_adc.su
rm -rf ./Core/Startup/startup_stm32f401ccux.d ./Core/Startup/startup_stm32f401ccux.o
rm -rf ./Core/Src/fonts.d ./Core/Src/fonts.o ./Core/Src/fonts.su ./Core/Src/main.d ./Core/Src/main.o ./Core/Src/main.su ./Core/Src/st7735.d ./Core/Src/st7735.o ./Core/Src/st7735.su ./Core/Src/stm32f4xx_hal_msp.d ./Core/Src/stm32f4xx_hal_msp.o ./Core/Src/stm32f4xx_hal_msp.su ./Core/Src/stm32f4xx_it.d ./Core/Src/stm32f4xx_it.o ./Core/Src/stm32f4xx_it.su ./Core/Src/syscalls.d ./Core/Src/syscalls.o ./Core/Src/syscalls.su ./Core/Src/sysmem.d ./Core/Src/sysmem.o ./Core/Src/sysmem.su ./Core/Src/system_stm32f4xx.d ./Core/Src/system_stm32f4xx.o ./Core/Src/system_stm32f4xx.su
rm -rf default.size.stdout task2.elf task2.list task2.map
 
23:12:44 **** Build of configuration Debug for project task2 ****
make -j16 all 
arm-none-eabi-gcc "../Drivers/STM32F4xx_HAL_Driver/Src/stm32f4xx_hal.c" -mcpu=cortex-m4 -std=gnu11 -g3 -DDEBUG -DUSE_HAL_DRIVER -DSTM32F401xC -c -I../Core/Inc -I../Drivers/STM32F4xx_HAL_Driver/Inc -I../Drivers/STM32F4xx_HAL_Driver/Inc/Legacy -I../Drivers/CMSIS/Device/ST/STM32F4xx/Include -I../Drivers/CMSIS/Include -O0 -ffunction-sections -fdata-sections -Wall -fstack-usage -MMD -MP -MF"Drivers/STM32F4xx_HAL_Driver/Src/stm32f4xx_hal.d" -MT"Drivers/STM32F4xx_HAL_Driver/Src/stm32f4xx_hal.o" --specs=nano.specs -mfpu=fpv4-sp-d16 -mfloat-abi=hard -mthumb -o "Drivers/STM32F4xx_HAL_Driver/Src/stm32f4xx_hal.o"
arm-none-eabi-gcc "../Drivers/STM32F4xx_HAL_Driver/Src/stm32f4xx_hal_adc.c" -mcpu=cortex-m4 -std=gnu11 -g3 -DDEBUG -DUSE_HAL_DRIVER -DSTM32F401xC -c -I../Core/Inc -I../Drivers/STM32F4xx_HAL_Driver/Inc -I../Drivers/STM32F4xx_HAL_Driver/Inc/Legacy -I../Drivers/CMSIS/Device/ST/STM32F4xx/Include -I../Drivers/CMSIS/Include -O0 -ffunction-sections -fdata-sections -Wall -fstack-usage -MMD -MP -MF"Drivers/STM32F4xx_HAL_Driver/Src/stm32f4xx_hal_adc.d" -MT"Drivers/STM32F4xx_HAL_Driver/Src/stm32f4xx_hal_adc.o" --specs=nano.specs -mfpu=fpv4-sp-d16 -mfloat-abi=hard -mthumb -o "Drivers/STM32F4xx_HAL_Driver/Src/stm32f4xx_hal_adc.o"
arm-none-eabi-gcc "../Drivers/STM32F4xx_HAL_Driver/Src/stm32f4xx_hal_adc_ex.c" -mcpu=cortex-m4 -std=gnu11 -g3 -DDEBUG -DUSE_HAL_DRIVER -DSTM32F401xC -c -I../Core/Inc -I../Drivers/STM32F4xx_HAL_Driver/Inc -I../Drivers/STM32F4xx_HAL_Driver/Inc/Legacy -I../Drivers/CMSIS/Device/ST/STM32F4xx/Include -I../Drivers/CMSIS/Include -O0 -ffunction-sections -fdata-sections -Wall -fstack-usage -MMD -MP -MF"Drivers/STM32F4xx_HAL_Driver/Src/stm32f4xx_hal_adc_ex.d" -MT"Drivers/STM32F4xx_HAL_Driver/Src/stm32f4xx_hal_adc_ex.o" --specs=nano.specs -mfpu=fpv4-sp-d16 -mfloat-abi=hard -mthumb -o "Drivers/STM32F4xx_HAL_Driver/Src/stm32f4xx_hal_adc_ex.o"
arm-none-eabi-gcc "../Drivers/STM32F4xx_HAL_Driver/Src/stm32f4xx_hal_cortex.c" -mcpu=cortex-m4 -std=gnu11 -g3 -DDEBUG -DUSE_HAL_DRIVER -DSTM32F401xC -c -I../Core/Inc -I../Drivers/STM32F4xx_HAL_Driver/Inc -I../Drivers/STM32F4xx_HAL_Driver/Inc/Legacy -I../Drivers/CMSIS/Device/ST/STM32F4xx/Include -I../Drivers/CMSIS/Include -O0 -ffunction-sections -fdata-sections -Wall -fstack-usage -MMD -MP -MF"Drivers/STM32F4xx_HAL_Driver/Src/stm32f4xx_hal_cortex.d" -MT"Drivers/STM32F4xx_HAL_Driver/Src/stm32f4xx_hal_cortex.o" --specs=nano.specs -mfpu=fpv4-sp-d16 -mfloat-abi=hard -mthumb -o "Drivers/STM32F4xx_HAL_Driver/Src/stm32f4xx_hal_cortex.o"
arm-none-eabi-gcc "../Drivers/STM32F4xx_HAL_Driver/Src/stm32f4xx_hal_dma.c" -mcpu=cortex-m4 -std=gnu11 -g3 -DDEBUG -DUSE_HAL_DRIVER -DSTM32F401xC -c -I../Core/Inc -I../Drivers/STM32F4xx_HAL_Driver/Inc -I../Drivers/STM32F4xx_HAL_Driver/Inc/Legacy -I../Drivers/CMSIS/Device/ST/STM32F4xx/Include -I../Drivers/CMSIS/Include -O0 -ffunction-sections -fdata-sections -Wall -fstack-usage -MMD -MP -MF"Drivers/STM32F4xx_HAL_Driver/Src/stm32f4xx_hal_dma.d" -MT"Drivers/STM32F4xx_HAL_Driver/Src/stm32f4xx_hal_dma.o" --specs=nano.specs -mfpu=fpv4-sp-d16 -mfloat-abi=hard -mthumb -o "Drivers/STM32F4xx_HAL_Driver/Src/stm32f4xx_hal_dma.o"
arm-none-eabi-gcc "../Drivers/STM32F4xx_HAL_Driver/Src/stm32f4xx_hal_dma_ex.c" -mcpu=cortex-m4 -std=gnu11 -g3 -DDEBUG -DUSE_HAL_DRIVER -DSTM32F401xC -c -I../Core/Inc -I../Drivers/STM32F4xx_HAL_Driver/Inc -I../Drivers/STM32F4xx_HAL_Driver/Inc/Legacy -I../Drivers/CMSIS/Device/ST/STM32F4xx/Include -I../Drivers/CMSIS/Include -O0 -ffunction-sections -fdata-sections -Wall -fstack-usage -MMD -MP -MF"Drivers/STM32F4xx_HAL_Driver/Src/stm32f4xx_hal_dma_ex.d" -MT"Drivers/STM32F4xx_HAL_Driver/Src/stm32f4xx_hal_dma_ex.o" --specs=nano.specs -mfpu=fpv4-sp-d16 -mfloat-abi=hard -mthumb -o "Drivers/STM32F4xx_HAL_Driver/Src/stm32f4xx_hal_dma_ex.o"
arm-none-eabi-gcc "../Drivers/STM32F4xx_HAL_Driver/Src/stm32f4xx_hal_exti.c" -mcpu=cortex-m4 -std=gnu11 -g3 -DDEBUG -DUSE_HAL_DRIVER -DSTM32F401xC -c -I../Core/Inc -I../Drivers/STM32F4xx_HAL_Driver/Inc -I../Drivers/STM32F4xx_HAL_Driver/Inc/Legacy -I../Drivers/CMSIS/Device/ST/STM32F4xx/Include -I../Drivers/CMSIS/Include -O0 -ffunction-sections -fdata-sections -Wall -fstack-usage -MMD -MP -MF"Drivers/STM32F4xx_HAL_Driver/Src/stm32f4xx_hal_exti.d" -MT"Drivers/STM32F4xx_HAL_Driver/Src/stm32f4xx_hal_exti.o" --specs=nano.specs -mfpu=fpv4-sp-d16 -mfloat-abi=hard -mthumb -o "Drivers/STM32F4xx_HAL_Driver/Src/stm32f4xx_hal_exti.o"
arm-none-eabi-gcc "../Drivers/STM32F4xx_HAL_Driver/Src/stm32f4xx_hal_flash.c" -mcpu=cortex-m4 -std=gnu11 -g3 -DDEBUG -DUSE_HAL_DRIVER -DSTM32F401xC -c -I../Core/Inc -I../Drivers/STM32F4xx_HAL_Driver/Inc -I../Drivers/STM32F4xx_HAL_Driver/Inc/Legacy -I../Drivers/CMSIS/Device/ST/STM32F4xx/Include -I../Drivers/CMSIS/Include -O0 -ffunction-sections -fdata-sections -Wall -fstack-usage -MMD -MP -MF"Drivers/STM32F4xx_HAL_Driver/Src/stm32f4xx_hal_flash.d" -MT"Drivers/STM32F4xx_HAL_Driver/Src/stm32f4xx_hal_flash.o" --specs=nano.specs -mfpu=fpv4-sp-d16 -mfloat-abi=hard -mthumb -o "Drivers/STM32F4xx_HAL_Driver/Src/stm32f4xx_hal_flash.o"
arm-none-eabi-gcc "../Drivers/STM32F4xx_HAL_Driver/Src/stm32f4xx_hal_flash_ex.c" -mcpu=cortex-m4 -std=gnu11 -g3 -DDEBUG -DUSE_HAL_DRIVER -DSTM32F401xC -c -I../Core/Inc -I../Drivers/STM32F4xx_HAL_Driver/Inc -I../Drivers/STM32F4xx_HAL_Driver/Inc/Legacy -I../Drivers/CMSIS/Device/ST/STM32F4xx/Include -I../Drivers/CMSIS/Include -O0 -ffunction-sections -fdata-sections -Wall -fstack-usage -MMD -MP -MF"Drivers/STM32F4xx_HAL_Driver/Src/stm32f4xx_hal_flash_ex.d" -MT"Drivers/STM32F4xx_HAL_Driver/Src/stm32f4xx_hal_flash_ex.o" --specs=nano.specs -mfpu=fpv4-sp-d16 -mfloat-abi=hard -mthumb -o "Drivers/STM32F4xx_HAL_Driver/Src/stm32f4xx_hal_flash_ex.o"
arm-none-eabi-gcc "../Drivers/STM32F4xx_HAL_Driver/Src/stm32f4xx_hal_flash_ramfunc.c" -mcpu=cortex-m4 -std=gnu11 -g3 -DDEBUG -DUSE_HAL_DRIVER -DSTM32F401xC -c -I../Core/Inc -I../Drivers/STM32F4xx_HAL_Driver/Inc -I../Drivers/STM32F4xx_HAL_Driver/Inc/Legacy -I../Drivers/CMSIS/Device/ST/STM32F4xx/Include -I../Drivers/CMSIS/Include -O0 -ffunction-sections -fdata-sections -Wall -fstack-usage -MMD -MP -MF"Drivers/STM32F4xx_HAL_Driver/Src/stm32f4xx_hal_flash_ramfunc.d" -MT"Drivers/STM32F4xx_HAL_Driver/Src/stm32f4xx_hal_flash_ramfunc.o" --specs=nano.specs -mfpu=fpv4-sp-d16 -mfloat-abi=hard -mthumb -o "Drivers/STM32F4xx_HAL_Driver/Src/stm32f4xx_hal_flash_ramfunc.o"
arm-none-eabi-gcc "../Drivers/STM32F4xx_HAL_Driver/Src/stm32f4xx_hal_gpio.c" -mcpu=cortex-m4 -std=gnu11 -g3 -DDEBUG -DUSE_HAL_DRIVER -DSTM32F401xC -c -I../Core/Inc -I../Drivers/STM32F4xx_HAL_Driver/Inc -I../Drivers/STM32F4xx_HAL_Driver/Inc/Legacy -I../Drivers/CMSIS/Device/ST/STM32F4xx/Include -I../Drivers/CMSIS/Include -O0 -ffunction-sections -fdata-sections -Wall -fstack-usage -MMD -MP -MF"Drivers/STM32F4xx_HAL_Driver/Src/stm32f4xx_hal_gpio.d" -MT"Drivers/STM32F4xx_HAL_Driver/Src/stm32f4xx_hal_gpio.o" --specs=nano.specs -mfpu=fpv4-sp-d16 -mfloat-abi=hard -mthumb -o "Drivers/STM32F4xx_HAL_Driver/Src/stm32f4xx_hal_gpio.o"
arm-none-eabi-gcc "../Drivers/STM32F4xx_HAL_Driver/Src/stm32f4xx_hal_pwr.c" -mcpu=cortex-m4 -std=gnu11 -g3 -DDEBUG -DUSE_HAL_DRIVER -DSTM32F401xC -c -I../Core/Inc -I../Drivers/STM32F4xx_HAL_Driver/Inc -I../Drivers/STM32F4xx_HAL_Driver/Inc/Legacy -I../Drivers/CMSIS/Device/ST/STM32F4xx/Include -I../Drivers/CMSIS/Include -O0 -ffunction-sections -fdata-sections -Wall -fstack-usage -MMD -MP -MF"Drivers/STM32F4xx_HAL_Driver/Src/stm32f4xx_hal_pwr.d" -MT"Drivers/STM32F4xx_HAL_Driver/Src/stm32f4xx_hal_pwr.o" --specs=nano.specs -mfpu=fpv4-sp-d16 -mfloat-abi=hard -mthumb -o "Drivers/STM32F4xx_HAL_Driver/Src/stm32f4xx_hal_pwr.o"
arm-none-eabi-gcc "../Drivers/STM32F4xx_HAL_Driver/Src/stm32f4xx_hal_pwr_ex.c" -mcpu=cortex-m4 -std=gnu11 -g3 -DDEBUG -DUSE_HAL_DRIVER -DSTM32F401xC -c -I../Core/Inc -I../Drivers/STM32F4xx_HAL_Driver/Inc -I../Drivers/STM32F4xx_HAL_Driver/Inc/Legacy -I../Drivers/CMSIS/Device/ST/STM32F4xx/Include -I../Drivers/CMSIS/Include -O0 -ffunction-sections -fdata-sections -Wall -fstack-usage -MMD -MP -MF"Drivers/STM32F4xx_HAL_Driver/Src/stm32f4xx_hal_pwr_ex.d" -MT"Drivers/STM32F4xx_HAL_Driver/Src/stm32f4xx_hal_pwr_ex.o" --specs=nano.specs -mfpu=fpv4-sp-d16 -mfloat-abi=hard -mthumb -o "Drivers/STM32F4xx_HAL_Driver/Src/stm32f4xx_hal_pwr_ex.o"
arm-none-eabi-gcc "../Drivers/STM32F4xx_HAL_Driver/Src/stm32f4xx_hal_rcc.c" -mcpu=cortex-m4 -std=gnu11 -g3 -DDEBUG -DUSE_HAL_DRIVER -DSTM32F401xC -c -I../Core/Inc -I../Drivers/STM32F4xx_HAL_Driver/Inc -I../Drivers/STM32F4xx_HAL_Driver/Inc/Legacy -I../Drivers/CMSIS/Device/ST/STM32F4xx/Include -I../Drivers/CMSIS/Include -O0 -ffunction-sections -fdata-sections -Wall -fstack-usage -MMD -MP -MF"Drivers/STM32F4xx_HAL_Driver/Src/stm32f4xx_hal_rcc.d" -MT"Drivers/STM32F4xx_HAL_Driver/Src/stm32f4xx_hal_rcc.o" --specs=nano.specs -mfpu=fpv4-sp-d16 -mfloat-abi=hard -mthumb -o "Drivers/STM32F4xx_HAL_Driver/Src/stm32f4xx_hal_rcc.o"
arm-none-eabi-gcc "../Drivers/STM32F4xx_HAL_Driver/Src/stm32f4xx_hal_rcc_ex.c" -mcpu=cortex-m4 -std=gnu11 -g3 -DDEBUG -DUSE_HAL_DRIVER -DSTM32F401xC -c -I../Core/Inc -I../Drivers/STM32F4xx_HAL_Driver/Inc -I../Drivers/STM32F4xx_HAL_Driver/Inc/Legacy -I../Drivers/CMSIS/Device/ST/STM32F4xx/Include -I../Drivers/CMSIS/Include -O0 -ffunction-sections -fdata-sections -Wall -fstack-usage -MMD -MP -MF"Drivers/STM32F4xx_HAL_Driver/Src/stm32f4xx_hal_rcc_ex.d" -MT"Drivers/STM32F4xx_HAL_Driver/Src/stm32f4xx_hal_rcc_ex.o" --specs=nano.specs -mfpu=fpv4-sp-d16 -mfloat-abi=hard -mthumb -o "Drivers/STM32F4xx_HAL_Driver/Src/stm32f4xx_hal_rcc_ex.o"
arm-none-eabi-gcc "../Drivers/STM32F4xx_HAL_Driver/Src/stm32f4xx_hal_spi.c" -mcpu=cortex-m4 -std=gnu11 -g3 -DDEBUG -DUSE_HAL_DRIVER -DSTM32F401xC -c -I../Core/Inc -I../Drivers/STM32F4xx_HAL_Driver/Inc -I../Drivers/STM32F4xx_HAL_Driver/Inc/Legacy -I../Drivers/CMSIS/Device/ST/STM32F4xx/Include -I../Drivers/CMSIS/Include -O0 -ffunction-sections -fdata-sections -Wall -fstack-usage -MMD -MP -MF"Drivers/STM32F4xx_HAL_Driver/Src/stm32f4xx_hal_spi.d" -MT"Drivers/STM32F4xx_HAL_Driver/Src/stm32f4xx_hal_spi.o" --specs=nano.specs -mfpu=fpv4-sp-d16 -mfloat-abi=hard -mthumb -o "Drivers/STM32F4xx_HAL_Driver/Src/stm32f4xx_hal_spi.o"
arm-none-eabi-gcc "../Drivers/STM32F4xx_HAL_Driver/Src/stm32f4xx_hal_tim.c" -mcpu=cortex-m4 -std=gnu11 -g3 -DDEBUG -DUSE_HAL_DRIVER -DSTM32F401xC -c -I../Core/Inc -I../Drivers/STM32F4xx_HAL_Driver/Inc -I../Drivers/STM32F4xx_HAL_Driver/Inc/Legacy -I../Drivers/CMSIS/Device/ST/STM32F4xx/Include -I../Drivers/CMSIS/Include -O0 -ffunction-sections -fdata-sections -Wall -fstack-usage -MMD -MP -MF"Drivers/STM32F4xx_HAL_Driver/Src/stm32f4xx_hal_tim.d" -MT"Drivers/STM32F4xx_HAL_Driver/Src/stm32f4xx_hal_tim.o" --specs=nano.specs -mfpu=fpv4-sp-d16 -mfloat-abi=hard -mthumb -o "Drivers/STM32F4xx_HAL_Driver/Src/stm32f4xx_hal_tim.o"
arm-none-eabi-gcc "../Drivers/STM32F4xx_HAL_Driver/Src/stm32f4xx_hal_tim_ex.c" -mcpu=cortex-m4 -std=gnu11 -g3 -DDEBUG -DUSE_HAL_DRIVER -DSTM32F401xC -c -I../Core/Inc -I../Drivers/STM32F4xx_HAL_Driver/Inc -I../Drivers/STM32F4xx_HAL_Driver/Inc/Legacy -I../Drivers/CMSIS/Device/ST/STM32F4xx/Include -I../Drivers/CMSIS/Include -O0 -ffunction-sections -fdata-sections -Wall -fstack-usage -MMD -MP -MF"Drivers/STM32F4xx_HAL_Driver/Src/stm32f4xx_hal_tim_ex.d" -MT"Drivers/STM32F4xx_HAL_Driver/Src/stm32f4xx_hal_tim_ex.o" --specs=nano.specs -mfpu=fpv4-sp-d16 -mfloat-abi=hard -mthumb -o "Drivers/STM32F4xx_HAL_Driver/Src/stm32f4xx_hal_tim_ex.o"
arm-none-eabi-gcc "../Drivers/STM32F4xx_HAL_Driver/Src/stm32f4xx_ll_adc.c" -mcpu=cortex-m4 -std=gnu11 -g3 -DDEBUG -DUSE_HAL_DRIVER -DSTM32F401xC -c -I../Core/Inc -I../Drivers/STM32F4xx_HAL_Driver/Inc -I../Drivers/STM32F4xx_HAL_Driver/Inc/Legacy -I../Drivers/CMSIS/Device/ST/STM32F4xx/Include -I../Drivers/CMSIS/Include -O0 -ffunction-sections -fdata-sections -Wall -fstack-usage -MMD -MP -MF"Drivers/STM32F4xx_HAL_Driver/Src/stm32f4xx_ll_adc.d" -MT"Drivers/STM32F4xx_HAL_Driver/Src/stm32f4xx_ll_adc.o" --specs=nano.specs -mfpu=fpv4-sp-d16 -mfloat-abi=hard -mthumb -o "Drivers/STM32F4xx_HAL_Driver/Src/stm32f4xx_ll_adc.o"
arm-none-eabi-gcc -mcpu=cortex-m4 -g3 -DDEBUG -c -x assembler-with-cpp -MMD -MP -MF"Core/Startup/startup_stm32f401ccux.d" -MT"Core/Startup/startup_stm32f401ccux.o" --specs=nano.specs -mfpu=fpv4-sp-d16 -mfloat-abi=hard -mthumb -o "Core/Startup/startup_stm32f401ccux.o" "../Core/Startup/startup_stm32f401ccux.s"
arm-none-eabi-gcc "../Core/Src/fonts.c" -mcpu=cortex-m4 -std=gnu11 -g3 -DDEBUG -DUSE_HAL_DRIVER -DSTM32F401xC -c -I../Core/Inc -I../Drivers/STM32F4xx_HAL_Driver/Inc -I../Drivers/STM32F4xx_HAL_Driver/Inc/Legacy -I../Drivers/CMSIS/Device/ST/STM32F4xx/Include -I../Drivers/CMSIS/Include -O0 -ffunction-sections -fdata-sections -Wall -fstack-usage -MMD -MP -MF"Core/Src/fonts.d" -MT"Core/Src/fonts.o" --specs=nano.specs -mfpu=fpv4-sp-d16 -mfloat-abi=hard -mthumb -o "Core/Src/fonts.o"
arm-none-eabi-gcc "../Core/Src/main.c" -mcpu=cortex-m4 -std=gnu11 -g3 -DDEBUG -DUSE_HAL_DRIVER -DSTM32F401xC -c -I../Core/Inc -I../Drivers/STM32F4xx_HAL_Driver/Inc -I../Drivers/STM32F4xx_HAL_Driver/Inc/Legacy -I../Drivers/CMSIS/Device/ST/STM32F4xx/Include -I../Drivers/CMSIS/Include -O0 -ffunction-sections -fdata-sections -Wall -fstack-usage -MMD -MP -MF"Core/Src/main.d" -MT"Core/Src/main.o" --specs=nano.specs -mfpu=fpv4-sp-d16 -mfloat-abi=hard -mthumb -o "Core/Src/main.o"
arm-none-eabi-gcc "../Core/Src/st7735.c" -mcpu=cortex-m4 -std=gnu11 -g3 -DDEBUG -DUSE_HAL_DRIVER -DSTM32F401xC -c -I../Core/Inc -I../Drivers/STM32F4xx_HAL_Driver/Inc -I../Drivers/STM32F4xx_HAL_Driver/Inc/Legacy -I../Drivers/CMSIS/Device/ST/STM32F4xx/Include -I../Drivers/CMSIS/Include -O0 -ffunction-sections -fdata-sections -Wall -fstack-usage -MMD -MP -MF"Core/Src/st7735.d" -MT"Core/Src/st7735.o" --specs=nano.specs -mfpu=fpv4-sp-d16 -mfloat-abi=hard -mthumb -o "Core/Src/st7735.o"
arm-none-eabi-gcc "../Core/Src/stm32f4xx_hal_msp.c" -mcpu=cortex-m4 -std=gnu11 -g3 -DDEBUG -DUSE_HAL_DRIVER -DSTM32F401xC -c -I../Core/Inc -I../Drivers/STM32F4xx_HAL_Driver/Inc -I../Drivers/STM32F4xx_HAL_Driver/Inc/Legacy -I../Drivers/CMSIS/Device/ST/STM32F4xx/Include -I../Drivers/CMSIS/Include -O0 -ffunction-sections -fdata-sections -Wall -fstack-usage -MMD -MP -MF"Core/Src/stm32f4xx_hal_msp.d" -MT"Core/Src/stm32f4xx_hal_msp.o" --specs=nano.specs -mfpu=fpv4-sp-d16 -mfloat-abi=hard -mthumb -o "Core/Src/stm32f4xx_hal_msp.o"
arm-none-eabi-gcc "../Core/Src/stm32f4xx_it.c" -mcpu=cortex-m4 -std=gnu11 -g3 -DDEBUG -DUSE_HAL_DRIVER -DSTM32F401xC -c -I../Core/Inc -I../Drivers/STM32F4xx_HAL_Driver/Inc -I../Drivers/STM32F4xx_HAL_Driver/Inc/Legacy -I../Drivers/CMSIS/Device/ST/STM32F4xx/Include -I../Drivers/CMSIS/Include -O0 -ffunction-sections -fdata-sections -Wall -fstack-usage -MMD -MP -MF"Core/Src/stm32f4xx_it.d" -MT"Core/Src/stm32f4xx_it.o" --specs=nano.specs -mfpu=fpv4-sp-d16 -mfloat-abi=hard -mthumb -o "Core/Src/stm32f4xx_it.o"
arm-none-eabi-gcc "../Core/Src/syscalls.c" -mcpu=cortex-m4 -std=gnu11 -g3 -DDEBUG -DUSE_HAL_DRIVER -DSTM32F401xC -c -I../Core/Inc -I../Drivers/STM32F4xx_HAL_Driver/Inc -I../Drivers/STM32F4xx_HAL_Driver/Inc/Legacy -I../Drivers/CMSIS/Device/ST/STM32F4xx/Include -I../Drivers/CMSIS/Include -O0 -ffunction-sections -fdata-sections -Wall -fstack-usage -MMD -MP -MF"Core/Src/syscalls.d" -MT"Core/Src/syscalls.o" --specs=nano.specs -mfpu=fpv4-sp-d16 -mfloat-abi=hard -mthumb -o "Core/Src/syscalls.o"
arm-none-eabi-gcc "../Core/Src/sysmem.c" -mcpu=cortex-m4 -std=gnu11 -g3 -DDEBUG -DUSE_HAL_DRIVER -DSTM32F401xC -c -I../Core/Inc -I../Drivers/STM32F4xx_HAL_Driver/Inc -I../Drivers/STM32F4xx_HAL_Driver/Inc/Legacy -I../Drivers/CMSIS/Device/ST/STM32F4xx/Include -I../Drivers/CMSIS/Include -O0 -ffunction-sections -fdata-sections -Wall -fstack-usage -MMD -MP -MF"Core/Src/sysmem.d" -MT"Core/Src/sysmem.o" --specs=nano.specs -mfpu=fpv4-sp-d16 -mfloat-abi=hard -mthumb -o "Core/Src/sysmem.o"
arm-none-eabi-gcc "../Core/Src/system_stm32f4xx.c" -mcpu=cortex-m4 -std=gnu11 -g3 -DDEBUG -DUSE_HAL_DRIVER -DSTM32F401xC -c -I../Core/Inc -I../Drivers/STM32F4xx_HAL_Driver/Inc -I../Drivers/STM32F4xx_HAL_Driver/Inc/Legacy -I../Drivers/CMSIS/Device/ST/STM32F4xx/Include -I../Drivers/CMSIS/Include -O0 -ffunction-sections -fdata-sections -Wall -fstack-usage -MMD -MP -MF"Core/Src/system_stm32f4xx.d" -MT"Core/Src/system_stm32f4xx.o" --specs=nano.specs -mfpu=fpv4-sp-d16 -mfloat-abi=hard -mthumb -o "Core/Src/system_stm32f4xx.o"
../Core/Src/stm32f4xx_it.c: In function 'TIM1_UP_TIM10_IRQHandler':
../Core/Src/stm32f4xx_it.c:213:3: warning: implicit declaration of function 'logic' [-Wimplicit-function-declaration]
  213 |   logic();
      |   ^~~~~
../Core/Src/stm32f4xx_it.c:214:3: warning: implicit declaration of function 'input' [-Wimplicit-function-declaration]
  214 |   input();
      |   ^~~~~
../Core/Src/stm32f4xx_it.c:215:3: warning: implicit declaration of function 'draw' [-Wimplicit-function-declaration]
  215 |   draw();
      |   ^~~~
../Core/Src/main.c: In function 'input':
../Core/Src/main.c:332:29: warning: passing argument 2 of 'HAL_ADC_Start_DMA' from incompatible pointer type [-Wincompatible-pointer-types]
  332 |   HAL_ADC_Start_DMA(&hadc1, adcData, 2);
      |                             ^~~~~~~
      |                             |
      |                             int *
In file included from ../Core/Inc/stm32f4xx_hal_conf.h:295,
                 from ../Drivers/STM32F4xx_HAL_Driver/Inc/stm32f4xx_hal.h:29,
                 from ../Core/Inc/main.h:30,
                 from ../Core/Src/main.c:20:
../Drivers/STM32F4xx_HAL_Driver/Inc/stm32f4xx_hal_adc.h:594:72: note: expected 'uint32_t *' {aka 'long unsigned int *'} but argument is of type 'int *'
  594 | HAL_StatusTypeDef HAL_ADC_Start_DMA(ADC_HandleTypeDef* hadc, uint32_t* pData, uint32_t Length);
      |                                                              ~~~~~~~~~~^~~~~
../Core/Src/main.c: In function 'draw':
../Core/Src/main.c:432:28: warning: '           ' directive writing 11 bytes into a region of size between 0 and 2 [-Wformat-overflow=]
  432 |     sprintf(d, "Score: %d           ", score);
      |                          ~~^~~~~~~~~
../Core/Src/main.c:432:5: note: 'sprintf' output between 20 and 30 bytes into a destination of size 10
  432 |     sprintf(d, "Score: %d           ", score);
      |     ^~~~~~~~~~~~~~~~~~~~~~~~~~~~~~~~~~~~~~~~~
arm-none-eabi-gcc -o "task2.elf" @"objects.list"   -mcpu=cortex-m4 -T"C:\Users\LaL\STM32CubeIDE\workspace_1.10.1\task2\task2\STM32F401CCUX_FLASH.ld" --specs=nosys.specs -Wl,-Map="task2.map" -Wl,--gc-sections -static --specs=nano.specs -mfpu=fpv4-sp-d16 -mfloat-abi=hard -mthumb -Wl,--start-group -lc -lm -Wl,--end-group
Finished building target: task2.elf
 
arm-none-eabi-size   task2.elf 
arm-none-eabi-objdump -h -S  task2.elf  > "task2.list"
   text	   data	    bss	    dec	    hex	filename
  27368	    136	  12976	  40480	   9e20	task2.elf
Finished building: default.size.stdout
 
Finished building: task2.list
 
00:00:55 **** Incremental Build of configuration Debug for project task2 ****
make -j16 all 
arm-none-eabi-size   task2.elf 
   text	   data	    bss	    dec	    hex	filename
  27368	    136	  12976	  40480	   9e20	task2.elf
Finished building: default.size.stdout
 
00:32:47 **** Incremental Build of configuration Debug for project task2 ****
make -j16 all 
arm-none-eabi-size   task2.elf 
   text	   data	    bss	    dec	    hex	filename
  27368	    136	  12976	  40480	   9e20	task2.elf
Finished building: default.size.stdout
 
00:58:26 **** Incremental Build of configuration Debug for project task2 ****
make -j16 all 
arm-none-eabi-size   task2.elf 
   text	   data	    bss	    dec	    hex	filename
  27368	    136	  12976	  40480	   9e20	task2.elf
Finished building: default.size.stdout
 
01:02:55 **** Incremental Build of configuration Debug for project task2 ****
make -j16 all 
arm-none-eabi-gcc "../Core/Src/st7735.c" -mcpu=cortex-m4 -std=gnu11 -g3 -DDEBUG -DUSE_HAL_DRIVER -DSTM32F401xC -c -I../Core/Inc -I../Drivers/STM32F4xx_HAL_Driver/Inc -I../Drivers/STM32F4xx_HAL_Driver/Inc/Legacy -I../Drivers/CMSIS/Device/ST/STM32F4xx/Include -I../Drivers/CMSIS/Include -O0 -ffunction-sections -fdata-sections -Wall -fstack-usage -MMD -MP -MF"Core/Src/st7735.d" -MT"Core/Src/st7735.o" --specs=nano.specs -mfpu=fpv4-sp-d16 -mfloat-abi=hard -mthumb -o "Core/Src/st7735.o"
../Core/Src/st7735.c:156:5: error: 'ST7735_PURPLE' undeclared here (not in a function); did you mean 'ST7735_NOP'?
  156 |     ST7735_PURPLE,  // T
      |     ^~~~~~~~~~~~~
      |     ST7735_NOP
../Core/Src/st7735.c:160:5: error: 'ST7735_ORANGE' undeclared here (not in a function); did you mean 'ST7735_RAMRD'?
  160 |     ST7735_ORANGE   // L
      |     ^~~~~~~~~~~~~
      |     ST7735_RAMRD
../Core/Src/st7735.c: In function 'getInput':
../Core/Src/st7735.c:224:35: warning: passing argument 2 of 'HAL_ADC_Start_DMA' from incompatible pointer type [-Wincompatible-pointer-types]
  224 |         HAL_ADC_Start_DMA(&hadc1, adcData, 2);
      |                                   ^~~~~~~
      |                                   |
      |                                   int *
In file included from ../Core/Inc/stm32f4xx_hal_conf.h:295,
                 from ../Drivers/STM32F4xx_HAL_Driver/Inc/stm32f4xx_hal.h:29,
                 from ../Core/Inc/main.h:30,
                 from ../Core/Src/st7735.c:20:
../Drivers/STM32F4xx_HAL_Driver/Inc/stm32f4xx_hal_adc.h:594:72: note: expected 'uint32_t *' {aka 'long unsigned int *'} but argument is of type 'int *'
  594 | HAL_StatusTypeDef HAL_ADC_Start_DMA(ADC_HandleTypeDef* hadc, uint32_t* pData, uint32_t Length);
      |                                                              ~~~~~~~~~~^~~~~
../Core/Src/st7735.c: In function 'clearBoard':
../Core/Src/st7735.c:80:21: error: 'field_color' undeclared (first use in this function)
   80 | #define EMPTY_COLOR field_color
      |                     ^~~~~~~~~~~
../Core/Src/st7735.c:240:32: note: in expansion of macro 'EMPTY_COLOR'
  240 |             colorBoard[y][x] = EMPTY_COLOR;
      |                                ^~~~~~~~~~~
../Core/Src/st7735.c:80:21: note: each undeclared identifier is reported only once for each function it appears in
   80 | #define EMPTY_COLOR field_color
      |                     ^~~~~~~~~~~
../Core/Src/st7735.c:240:32: note: in expansion of macro 'EMPTY_COLOR'
  240 |             colorBoard[y][x] = EMPTY_COLOR;
      |                                ^~~~~~~~~~~
../Core/Src/st7735.c: In function 'removePiece':
../Core/Src/st7735.c:80:21: error: 'field_color' undeclared (first use in this function)
   80 | #define EMPTY_COLOR field_color
      |                     ^~~~~~~~~~~
../Core/Src/st7735.c:289:40: note: in expansion of macro 'EMPTY_COLOR'
  289 |                     colorBoard[y][x] = EMPTY_COLOR;
      |                                        ^~~~~~~~~~~
../Core/Src/st7735.c: In function 'drawBoard':
../Core/Src/st7735.c:320:5: warning: implicit declaration of function 'ST7735_DrawRectangle'; did you mean 'ST7735_FillRectangle'? [-Wimplicit-function-declaration]
  320 |     ST7735_DrawRectangle(4, 14, 62, 134, WALL_COLOR);
      |     ^~~~~~~~~~~~~~~~~~~~
      |     ST7735_FillRectangle
../Core/Src/st7735.c: In function 'checkLines':
../Core/Src/st7735.c:80:21: error: 'field_color' undeclared (first use in this function)
   80 | #define EMPTY_COLOR field_color
      |                     ^~~~~~~~~~~
../Core/Src/st7735.c:359:36: note: in expansion of macro 'EMPTY_COLOR'
  359 |                 colorBoard[0][x] = EMPTY_COLOR;
      |                                    ^~~~~~~~~~~
../Core/Src/st7735.c: In function 'setup':
../Core/Src/st7735.c:396:27: error: 'field_color' undeclared (first use in this function)
  396 |     ST7735_FillScreenFast(field_color);
      |                           ^~~~~~~~~~~
make: *** [Core/Src/subdir.mk:40: Core/Src/st7735.o] Error 1
"make -j16 all" terminated with exit code 2. Build might be incomplete.
01:04:35 **** Incremental Build of configuration Debug for project task2 ****
make -j16 all 
arm-none-eabi-gcc "../Core/Src/st7735.c" -mcpu=cortex-m4 -std=gnu11 -g3 -DDEBUG -DUSE_HAL_DRIVER -DSTM32F401xC -c -I../Core/Inc -I../Drivers/STM32F4xx_HAL_Driver/Inc -I../Drivers/STM32F4xx_HAL_Driver/Inc/Legacy -I../Drivers/CMSIS/Device/ST/STM32F4xx/Include -I../Drivers/CMSIS/Include -O0 -ffunction-sections -fdata-sections -Wall -fstack-usage -MMD -MP -MF"Core/Src/st7735.d" -MT"Core/Src/st7735.o" --specs=nano.specs -mfpu=fpv4-sp-d16 -mfloat-abi=hard -mthumb -o "Core/Src/st7735.o"
arm-none-eabi-gcc -o "task2.elf" @"objects.list"   -mcpu=cortex-m4 -T"C:\Users\LaL\STM32CubeIDE\workspace_1.10.1\task2\task2\STM32F401CCUX_FLASH.ld" --specs=nosys.specs -Wl,-Map="task2.map" -Wl,--gc-sections -static --specs=nano.specs -mfpu=fpv4-sp-d16 -mfloat-abi=hard -mthumb -Wl,--start-group -lc -lm -Wl,--end-group
Finished building target: task2.elf
 
arm-none-eabi-size   task2.elf 
arm-none-eabi-objdump -h -S  task2.elf  > "task2.list"
   text	   data	    bss	    dec	    hex	filename
  27368	    136	  12976	  40480	   9e20	task2.elf
Finished building: default.size.stdout
 
Finished building: task2.list
 
02:10:02 **** Incremental Build of configuration Debug for project task2 ****
make -j16 all 
arm-none-eabi-gcc "../Core/Src/main.c" -mcpu=cortex-m4 -std=gnu11 -g3 -DDEBUG -DUSE_HAL_DRIVER -DSTM32F401xC -c -I../Core/Inc -I../Drivers/STM32F4xx_HAL_Driver/Inc -I../Drivers/STM32F4xx_HAL_Driver/Inc/Legacy -I../Drivers/CMSIS/Device/ST/STM32F4xx/Include -I../Drivers/CMSIS/Include -O0 -ffunction-sections -fdata-sections -Wall -fstack-usage -MMD -MP -MF"Core/Src/main.d" -MT"Core/Src/main.o" --specs=nano.specs -mfpu=fpv4-sp-d16 -mfloat-abi=hard -mthumb -o "Core/Src/main.o"
../Core/Src/main.c: In function 'input':
../Core/Src/main.c:189:35: warning: passing argument 2 of 'HAL_ADC_Start_DMA' from incompatible pointer type [-Wincompatible-pointer-types]
  189 |         HAL_ADC_Start_DMA(&hadc1, adcData, 2);
      |                                   ^~~~~~~
      |                                   |
      |                                   int *
In file included from ../Core/Inc/stm32f4xx_hal_conf.h:295,
                 from ../Drivers/STM32F4xx_HAL_Driver/Inc/stm32f4xx_hal.h:29,
                 from ../Core/Inc/main.h:30,
                 from ../Core/Src/main.c:20:
../Drivers/STM32F4xx_HAL_Driver/Inc/stm32f4xx_hal_adc.h:594:72: note: expected 'uint32_t *' {aka 'long unsigned int *'} but argument is of type 'int *'
  594 | HAL_StatusTypeDef HAL_ADC_Start_DMA(ADC_HandleTypeDef* hadc, uint32_t* pData, uint32_t Length);
      |                                                              ~~~~~~~~~~^~~~~
../Core/Src/main.c: At top level:
../Core/Src/main.c:62:13: warning: 'MX_GPIO_Init' used but never defined
   62 | static void MX_GPIO_Init(void);
      |             ^~~~~~~~~~~~
../Core/Src/main.c:63:13: warning: 'MX_DMA_Init' used but never defined
   63 | static void MX_DMA_Init(void);
      |             ^~~~~~~~~~~
../Core/Src/main.c:64:13: warning: 'MX_SPI1_Init' used but never defined
   64 | static void MX_SPI1_Init(void);
      |             ^~~~~~~~~~~~
../Core/Src/main.c:65:13: warning: 'MX_ADC1_Init' used but never defined
   65 | static void MX_ADC1_Init(void);
      |             ^~~~~~~~~~~~
../Core/Src/main.c:66:13: warning: 'MX_TIM10_Init' used but never defined
   66 | static void MX_TIM10_Init(void);
      |             ^~~~~~~~~~~~~
arm-none-eabi-gcc -o "task2.elf" @"objects.list"   -mcpu=cortex-m4 -T"C:\Users\LaL\STM32CubeIDE\workspace_1.10.1\task2\task2\STM32F401CCUX_FLASH.ld" --specs=nosys.specs -Wl,-Map="task2.map" -Wl,--gc-sections -static --specs=nano.specs -mfpu=fpv4-sp-d16 -mfloat-abi=hard -mthumb -Wl,--start-group -lc -lm -Wl,--end-group
c:\st\stm32cubeide_1.10.1\stm32cubeide\plugins\com.st.stm32cube.ide.mcu.externaltools.gnu-tools-for-stm32.10.3-2021.10.win32_1.0.0.202111181127\tools\arm-none-eabi\bin\ld.exe: ./Core/Src/main.o: in function `main':
C:/Users/LaL/STM32CubeIDE/workspace_1.10.1/task2/task2/Debug/../Core/Src/main.c:383: undefined reference to `SystemClock_Config'
c:\st\stm32cubeide_1.10.1\stm32cubeide\plugins\com.st.stm32cube.ide.mcu.externaltools.gnu-tools-for-stm32.10.3-2021.10.win32_1.0.0.202111181127\tools\arm-none-eabi\bin\ld.exe: C:/Users/LaL/STM32CubeIDE/workspace_1.10.1/task2/task2/Debug/../Core/Src/main.c:384: undefined reference to `MX_GPIO_Init'
c:\st\stm32cubeide_1.10.1\stm32cubeide\plugins\com.st.stm32cube.ide.mcu.externaltools.gnu-tools-for-stm32.10.3-2021.10.win32_1.0.0.202111181127\tools\arm-none-eabi\bin\ld.exe: C:/Users/LaL/STM32CubeIDE/workspace_1.10.1/task2/task2/Debug/../Core/Src/main.c:385: undefined reference to `MX_DMA_Init'
c:\st\stm32cubeide_1.10.1\stm32cubeide\plugins\com.st.stm32cube.ide.mcu.externaltools.gnu-tools-for-stm32.10.3-2021.10.win32_1.0.0.202111181127\tools\arm-none-eabi\bin\ld.exe: C:/Users/LaL/STM32CubeIDE/workspace_1.10.1/task2/task2/Debug/../Core/Src/main.c:386: undefined reference to `MX_SPI1_Init'
c:\st\stm32cubeide_1.10.1\stm32cubeide\plugins\com.st.stm32cube.ide.mcu.externaltools.gnu-tools-for-stm32.10.3-2021.10.win32_1.0.0.202111181127\tools\arm-none-eabi\bin\ld.exe: C:/Users/LaL/STM32CubeIDE/workspace_1.10.1/task2/task2/Debug/../Core/Src/main.c:387: undefined reference to `MX_ADC1_Init'
c:\st\stm32cubeide_1.10.1\stm32cubeide\plugins\com.st.stm32cube.ide.mcu.externaltools.gnu-tools-for-stm32.10.3-2021.10.win32_1.0.0.202111181127\tools\arm-none-eabi\bin\ld.exe: C:/Users/LaL/STM32CubeIDE/workspace_1.10.1/task2/task2/Debug/../Core/Src/main.c:388: undefined reference to `MX_TIM10_Init'
collect2.exe: error: ld returned 1 exit status
make: *** [makefile:64: task2.elf] Error 1
"make -j16 all" terminated with exit code 2. Build might be incomplete.
02:10:49 **** Incremental Build of configuration Debug for project task2 ****
make -j16 all 
arm-none-eabi-gcc "../Core/Src/main.c" -mcpu=cortex-m4 -std=gnu11 -g3 -DDEBUG -DUSE_HAL_DRIVER -DSTM32F401xC -c -I../Core/Inc -I../Drivers/STM32F4xx_HAL_Driver/Inc -I../Drivers/STM32F4xx_HAL_Driver/Inc/Legacy -I../Drivers/CMSIS/Device/ST/STM32F4xx/Include -I../Drivers/CMSIS/Include -O0 -ffunction-sections -fdata-sections -Wall -fstack-usage -MMD -MP -MF"Core/Src/main.d" -MT"Core/Src/main.o" --specs=nano.specs -mfpu=fpv4-sp-d16 -mfloat-abi=hard -mthumb -o "Core/Src/main.o"
../Core/Src/main.c: In function 'input':
../Core/Src/main.c:332:29: warning: passing argument 2 of 'HAL_ADC_Start_DMA' from incompatible pointer type [-Wincompatible-pointer-types]
  332 |   HAL_ADC_Start_DMA(&hadc1, adcData, 2);
      |                             ^~~~~~~
      |                             |
      |                             int *
In file included from ../Core/Inc/stm32f4xx_hal_conf.h:295,
                 from ../Drivers/STM32F4xx_HAL_Driver/Inc/stm32f4xx_hal.h:29,
                 from ../Core/Inc/main.h:30,
                 from ../Core/Src/main.c:20:
../Drivers/STM32F4xx_HAL_Driver/Inc/stm32f4xx_hal_adc.h:594:72: note: expected 'uint32_t *' {aka 'long unsigned int *'} but argument is of type 'int *'
  594 | HAL_StatusTypeDef HAL_ADC_Start_DMA(ADC_HandleTypeDef* hadc, uint32_t* pData, uint32_t Length);
      |                                                              ~~~~~~~~~~^~~~~
../Core/Src/main.c: In function 'draw':
../Core/Src/main.c:432:28: warning: '           ' directive writing 11 bytes into a region of size between 0 and 2 [-Wformat-overflow=]
  432 |     sprintf(d, "Score: %d           ", score);
      |                          ~~^~~~~~~~~
../Core/Src/main.c:432:5: note: 'sprintf' output between 20 and 30 bytes into a destination of size 10
  432 |     sprintf(d, "Score: %d           ", score);
      |     ^~~~~~~~~~~~~~~~~~~~~~~~~~~~~~~~~~~~~~~~~
arm-none-eabi-gcc -o "task2.elf" @"objects.list"   -mcpu=cortex-m4 -T"C:\Users\LaL\STM32CubeIDE\workspace_1.10.1\task2\task2\STM32F401CCUX_FLASH.ld" --specs=nosys.specs -Wl,-Map="task2.map" -Wl,--gc-sections -static --specs=nano.specs -mfpu=fpv4-sp-d16 -mfloat-abi=hard -mthumb -Wl,--start-group -lc -lm -Wl,--end-group
Finished building target: task2.elf
 
arm-none-eabi-size   task2.elf 
arm-none-eabi-objdump -h -S  task2.elf  > "task2.list"
   text	   data	    bss	    dec	    hex	filename
  27368	    136	  12976	  40480	   9e20	task2.elf
Finished building: default.size.stdout
 
Finished building: task2.list
 
02:11:18 **** Incremental Build of configuration Debug for project task2 ****
make -j16 all 
arm-none-eabi-size   task2.elf 
   text	   data	    bss	    dec	    hex	filename
  27368	    136	  12976	  40480	   9e20	task2.elf
Finished building: default.size.stdout
 
02:22:10 **** Incremental Build of configuration Debug for project task2 ****
make -j16 all 
arm-none-eabi-gcc "../Core/Src/main.c" -mcpu=cortex-m4 -std=gnu11 -g3 -DDEBUG -DUSE_HAL_DRIVER -DSTM32F401xC -c -I../Core/Inc -I../Drivers/STM32F4xx_HAL_Driver/Inc -I../Drivers/STM32F4xx_HAL_Driver/Inc/Legacy -I../Drivers/CMSIS/Device/ST/STM32F4xx/Include -I../Drivers/CMSIS/Include -O0 -ffunction-sections -fdata-sections -Wall -fstack-usage -MMD -MP -MF"Core/Src/main.d" -MT"Core/Src/main.o" --specs=nano.specs -mfpu=fpv4-sp-d16 -mfloat-abi=hard -mthumb -o "Core/Src/main.o"
arm-none-eabi-gcc -o "task2.elf" @"objects.list"   -mcpu=cortex-m4 -T"C:\Users\LaL\STM32CubeIDE\workspace_1.10.1\task2\task2\STM32F401CCUX_FLASH.ld" --specs=nosys.specs -Wl,-Map="task2.map" -Wl,--gc-sections -static --specs=nano.specs -mfpu=fpv4-sp-d16 -mfloat-abi=hard -mthumb -Wl,--start-group -lc -lm -Wl,--end-group
Finished building target: task2.elf
 
arm-none-eabi-size   task2.elf 
arm-none-eabi-objdump -h -S  task2.elf  > "task2.list"
   text	   data	    bss	    dec	    hex	filename
  29704	    140	   2908	  32752	   7ff0	task2.elf
Finished building: default.size.stdout
 
Finished building: task2.list
 
02:34:25 **** Incremental Build of configuration Debug for project task2 ****
make -j16 all 
arm-none-eabi-gcc "../Core/Src/main.c" -mcpu=cortex-m4 -std=gnu11 -g3 -DDEBUG -DUSE_HAL_DRIVER -DSTM32F401xC -c -I../Core/Inc -I../Drivers/STM32F4xx_HAL_Driver/Inc -I../Drivers/STM32F4xx_HAL_Driver/Inc/Legacy -I../Drivers/CMSIS/Device/ST/STM32F4xx/Include -I../Drivers/CMSIS/Include -O0 -ffunction-sections -fdata-sections -Wall -fstack-usage -MMD -MP -MF"Core/Src/main.d" -MT"Core/Src/main.o" --specs=nano.specs -mfpu=fpv4-sp-d16 -mfloat-abi=hard -mthumb -o "Core/Src/main.o"
../Core/Src/main.c: In function 'logic':
../Core/Src/main.c:460:9: error: a label can only be part of a statement and a declaration is not a statement
  460 |         int oldRot = current.rotation;
      |         ^~~
make: *** [Core/Src/subdir.mk:40: Core/Src/main.o] Error 1
"make -j16 all" terminated with exit code 2. Build might be incomplete.
02:34:40 **** Incremental Build of configuration Debug for project task2 ****
make -j16 all 
arm-none-eabi-gcc "../Core/Src/main.c" -mcpu=cortex-m4 -std=gnu11 -g3 -DDEBUG -DUSE_HAL_DRIVER -DSTM32F401xC -c -I../Core/Inc -I../Drivers/STM32F4xx_HAL_Driver/Inc -I../Drivers/STM32F4xx_HAL_Driver/Inc/Legacy -I../Drivers/CMSIS/Device/ST/STM32F4xx/Include -I../Drivers/CMSIS/Include -O0 -ffunction-sections -fdata-sections -Wall -fstack-usage -MMD -MP -MF"Core/Src/main.d" -MT"Core/Src/main.o" --specs=nano.specs -mfpu=fpv4-sp-d16 -mfloat-abi=hard -mthumb -o "Core/Src/main.o"
arm-none-eabi-gcc -o "task2.elf" @"objects.list"   -mcpu=cortex-m4 -T"C:\Users\LaL\STM32CubeIDE\workspace_1.10.1\task2\task2\STM32F401CCUX_FLASH.ld" --specs=nosys.specs -Wl,-Map="task2.map" -Wl,--gc-sections -static --specs=nano.specs -mfpu=fpv4-sp-d16 -mfloat-abi=hard -mthumb -Wl,--start-group -lc -lm -Wl,--end-group
Finished building target: task2.elf
 
arm-none-eabi-size   task2.elf 
arm-none-eabi-objdump -h -S  task2.elf  > "task2.list"
   text	   data	    bss	    dec	    hex	filename
  29704	    140	   2908	  32752	   7ff0	task2.elf
Finished building: default.size.stdout
 
Finished building: task2.list
 
02:35:03 **** Incremental Build of configuration Debug for project task2 ****
make -j16 all 
arm-none-eabi-gcc "../Core/Src/main.c" -mcpu=cortex-m4 -std=gnu11 -g3 -DDEBUG -DUSE_HAL_DRIVER -DSTM32F401xC -c -I../Core/Inc -I../Drivers/STM32F4xx_HAL_Driver/Inc -I../Drivers/STM32F4xx_HAL_Driver/Inc/Legacy -I../Drivers/CMSIS/Device/ST/STM32F4xx/Include -I../Drivers/CMSIS/Include -O0 -ffunction-sections -fdata-sections -Wall -fstack-usage -MMD -MP -MF"Core/Src/main.d" -MT"Core/Src/main.o" --specs=nano.specs -mfpu=fpv4-sp-d16 -mfloat-abi=hard -mthumb -o "Core/Src/main.o"
../Core/Src/main.c: In function 'input':
../Core/Src/main.c:332:29: warning: passing argument 2 of 'HAL_ADC_Start_DMA' from incompatible pointer type [-Wincompatible-pointer-types]
  332 |   HAL_ADC_Start_DMA(&hadc1, adcData, 2);
      |                             ^~~~~~~
      |                             |
      |                             int *
In file included from ../Core/Inc/stm32f4xx_hal_conf.h:295,
                 from ../Drivers/STM32F4xx_HAL_Driver/Inc/stm32f4xx_hal.h:29,
                 from ../Core/Inc/main.h:30,
                 from ../Core/Src/main.c:20:
../Drivers/STM32F4xx_HAL_Driver/Inc/stm32f4xx_hal_adc.h:594:72: note: expected 'uint32_t *' {aka 'long unsigned int *'} but argument is of type 'int *'
  594 | HAL_StatusTypeDef HAL_ADC_Start_DMA(ADC_HandleTypeDef* hadc, uint32_t* pData, uint32_t Length);
      |                                                              ~~~~~~~~~~^~~~~
../Core/Src/main.c: In function 'draw':
../Core/Src/main.c:432:28: warning: '           ' directive writing 11 bytes into a region of size between 0 and 2 [-Wformat-overflow=]
  432 |     sprintf(d, "Score: %d           ", score);
      |                          ~~^~~~~~~~~
../Core/Src/main.c:432:5: note: 'sprintf' output between 20 and 30 bytes into a destination of size 10
  432 |     sprintf(d, "Score: %d           ", score);
      |     ^~~~~~~~~~~~~~~~~~~~~~~~~~~~~~~~~~~~~~~~~
arm-none-eabi-gcc -o "task2.elf" @"objects.list"   -mcpu=cortex-m4 -T"C:\Users\LaL\STM32CubeIDE\workspace_1.10.1\task2\task2\STM32F401CCUX_FLASH.ld" --specs=nosys.specs -Wl,-Map="task2.map" -Wl,--gc-sections -static --specs=nano.specs -mfpu=fpv4-sp-d16 -mfloat-abi=hard -mthumb -Wl,--start-group -lc -lm -Wl,--end-group
Finished building target: task2.elf
 
arm-none-eabi-size   task2.elf 
arm-none-eabi-objdump -h -S  task2.elf  > "task2.list"
   text	   data	    bss	    dec	    hex	filename
  27368	    136	  12976	  40480	   9e20	task2.elf
Finished building: default.size.stdout
 
Finished building: task2.list
 
02:48:44 **** Incremental Build of configuration Debug for project task2 ****
make -j16 all 
arm-none-eabi-gcc "../Core/Src/main.c" -mcpu=cortex-m4 -std=gnu11 -g3 -DDEBUG -DUSE_HAL_DRIVER -DSTM32F401xC -c -I../Core/Inc -I../Drivers/STM32F4xx_HAL_Driver/Inc -I../Drivers/STM32F4xx_HAL_Driver/Inc/Legacy -I../Drivers/CMSIS/Device/ST/STM32F4xx/Include -I../Drivers/CMSIS/Include -O0 -ffunction-sections -fdata-sections -Wall -fstack-usage -MMD -MP -MF"Core/Src/main.d" -MT"Core/Src/main.o" --specs=nano.specs -mfpu=fpv4-sp-d16 -mfloat-abi=hard -mthumb -o "Core/Src/main.o"
arm-none-eabi-gcc -o "task2.elf" @"objects.list"   -mcpu=cortex-m4 -T"C:\Users\LaL\STM32CubeIDE\workspace_1.10.1\task2\task2\STM32F401CCUX_FLASH.ld" --specs=nosys.specs -Wl,-Map="task2.map" -Wl,--gc-sections -static --specs=nano.specs -mfpu=fpv4-sp-d16 -mfloat-abi=hard -mthumb -Wl,--start-group -lc -lm -Wl,--end-group
c:\st\stm32cubeide_1.10.1\stm32cubeide\plugins\com.st.stm32cube.ide.mcu.externaltools.gnu-tools-for-stm32.10.3-2021.10.win32_1.0.0.202111181127\tools\arm-none-eabi\bin\ld.exe: ./Core/Src/st7735.o: in function `ST7735_DrawPixel':
C:/Users/LaL/STM32CubeIDE/workspace_1.10.1/task2/task2/Debug/../Core/Src/st7735.c:163: multiple definition of `ST7735_DrawPixel'; ./Core/Src/main.o:C:/Users/LaL/STM32CubeIDE/workspace_1.10.1/task2/task2/Debug/../Core/Src/main.c:226: first defined here
c:\st\stm32cubeide_1.10.1\stm32cubeide\plugins\com.st.stm32cube.ide.mcu.externaltools.gnu-tools-for-stm32.10.3-2021.10.win32_1.0.0.202111181127\tools\arm-none-eabi\bin\ld.exe: ./Core/Src/st7735.o: in function `ST7735_WriteString':
C:/Users/LaL/STM32CubeIDE/workspace_1.10.1/task2/task2/Debug/../Core/Src/st7735.c:212: multiple definition of `ST7735_WriteString'; ./Core/Src/main.o:C:/Users/LaL/STM32CubeIDE/workspace_1.10.1/task2/task2/Debug/../Core/Src/main.c:241: first defined here
c:\st\stm32cubeide_1.10.1\stm32cubeide\plugins\com.st.stm32cube.ide.mcu.externaltools.gnu-tools-for-stm32.10.3-2021.10.win32_1.0.0.202111181127\tools\arm-none-eabi\bin\ld.exe: ./Core/Src/st7735.o: in function `ST7735_FillScreen':
C:/Users/LaL/STM32CubeIDE/workspace_1.10.1/task2/task2/Debug/../Core/Src/st7735.c:281: multiple definition of `ST7735_FillScreen'; ./Core/Src/main.o:C:/Users/LaL/STM32CubeIDE/workspace_1.10.1/task2/task2/Debug/../Core/Src/main.c:233: first defined here
collect2.exe: error: ld returned 1 exit status
make: *** [makefile:64: task2.elf] Error 1
"make -j16 all" terminated with exit code 2. Build might be incomplete.
02:50:05 **** Incremental Build of configuration Debug for project task2 ****
make -j16 all 
arm-none-eabi-gcc "../Core/Src/main.c" -mcpu=cortex-m4 -std=gnu11 -g3 -DDEBUG -DUSE_HAL_DRIVER -DSTM32F401xC -c -I../Core/Inc -I../Drivers/STM32F4xx_HAL_Driver/Inc -I../Drivers/STM32F4xx_HAL_Driver/Inc/Legacy -I../Drivers/CMSIS/Device/ST/STM32F4xx/Include -I../Drivers/CMSIS/Include -O0 -ffunction-sections -fdata-sections -Wall -fstack-usage -MMD -MP -MF"Core/Src/main.d" -MT"Core/Src/main.o" --specs=nano.specs -mfpu=fpv4-sp-d16 -mfloat-abi=hard -mthumb -o "Core/Src/main.o"
../Core/Src/main.c:134:5: warning: braces around scalar initializer
  134 |     {{{0,1}, {1,1}, {2,1}, {3,1}}, {{2,0}, {2,1}, {2,2}, {2,3}},
      |     ^
../Core/Src/main.c:134:5: note: (near initialization for 'tetrominoShapes[0][0][0]')
../Core/Src/main.c:134:10: warning: excess elements in scalar initializer
  134 |     {{{0,1}, {1,1}, {2,1}, {3,1}}, {{2,0}, {2,1}, {2,2}, {2,3}},
      |          ^
../Core/Src/main.c:134:10: note: (near initialization for 'tetrominoShapes[0][0][0]')
../Core/Src/main.c:134:5: warning: braces around scalar initializer
  134 |     {{{0,1}, {1,1}, {2,1}, {3,1}}, {{2,0}, {2,1}, {2,2}, {2,3}},
      |     ^
../Core/Src/main.c:134:5: note: (near initialization for 'tetrominoShapes[0][0][1]')
../Core/Src/main.c:134:17: warning: excess elements in scalar initializer
  134 |     {{{0,1}, {1,1}, {2,1}, {3,1}}, {{2,0}, {2,1}, {2,2}, {2,3}},
      |                 ^
../Core/Src/main.c:134:17: note: (near initialization for 'tetrominoShapes[0][0][1]')
../Core/Src/main.c:134:5: warning: braces around scalar initializer
  134 |     {{{0,1}, {1,1}, {2,1}, {3,1}}, {{2,0}, {2,1}, {2,2}, {2,3}},
      |     ^
../Core/Src/main.c:134:5: note: (near initialization for 'tetrominoShapes[0][0][2]')
../Core/Src/main.c:134:24: warning: excess elements in scalar initializer
  134 |     {{{0,1}, {1,1}, {2,1}, {3,1}}, {{2,0}, {2,1}, {2,2}, {2,3}},
      |                        ^
../Core/Src/main.c:134:24: note: (near initialization for 'tetrominoShapes[0][0][2]')
../Core/Src/main.c:134:5: warning: braces around scalar initializer
  134 |     {{{0,1}, {1,1}, {2,1}, {3,1}}, {{2,0}, {2,1}, {2,2}, {2,3}},
      |     ^
../Core/Src/main.c:134:5: note: (near initialization for 'tetrominoShapes[0][0][3]')
../Core/Src/main.c:134:31: warning: excess elements in scalar initializer
  134 |     {{{0,1}, {1,1}, {2,1}, {3,1}}, {{2,0}, {2,1}, {2,2}, {2,3}},
      |                               ^
../Core/Src/main.c:134:31: note: (near initialization for 'tetrominoShapes[0][0][3]')
../Core/Src/main.c:134:5: warning: braces around scalar initializer
  134 |     {{{0,1}, {1,1}, {2,1}, {3,1}}, {{2,0}, {2,1}, {2,2}, {2,3}},
      |     ^
../Core/Src/main.c:134:5: note: (near initialization for 'tetrominoShapes[0][1][0]')
../Core/Src/main.c:134:40: warning: excess elements in scalar initializer
  134 |     {{{0,1}, {1,1}, {2,1}, {3,1}}, {{2,0}, {2,1}, {2,2}, {2,3}},
      |                                        ^
../Core/Src/main.c:134:40: note: (near initialization for 'tetrominoShapes[0][1][0]')
../Core/Src/main.c:134:5: warning: braces around scalar initializer
  134 |     {{{0,1}, {1,1}, {2,1}, {3,1}}, {{2,0}, {2,1}, {2,2}, {2,3}},
      |     ^
../Core/Src/main.c:134:5: note: (near initialization for 'tetrominoShapes[0][1][1]')
../Core/Src/main.c:134:47: warning: excess elements in scalar initializer
  134 |     {{{0,1}, {1,1}, {2,1}, {3,1}}, {{2,0}, {2,1}, {2,2}, {2,3}},
      |                                               ^
../Core/Src/main.c:134:47: note: (near initialization for 'tetrominoShapes[0][1][1]')
../Core/Src/main.c:134:5: warning: braces around scalar initializer
  134 |     {{{0,1}, {1,1}, {2,1}, {3,1}}, {{2,0}, {2,1}, {2,2}, {2,3}},
      |     ^
../Core/Src/main.c:134:5: note: (near initialization for 'tetrominoShapes[0][1][2]')
../Core/Src/main.c:134:54: warning: excess elements in scalar initializer
  134 |     {{{0,1}, {1,1}, {2,1}, {3,1}}, {{2,0}, {2,1}, {2,2}, {2,3}},
      |                                                      ^
../Core/Src/main.c:134:54: note: (near initialization for 'tetrominoShapes[0][1][2]')
../Core/Src/main.c:134:5: warning: braces around scalar initializer
  134 |     {{{0,1}, {1,1}, {2,1}, {3,1}}, {{2,0}, {2,1}, {2,2}, {2,3}},
      |     ^
../Core/Src/main.c:134:5: note: (near initialization for 'tetrominoShapes[0][1][3]')
../Core/Src/main.c:134:61: warning: excess elements in scalar initializer
  134 |     {{{0,1}, {1,1}, {2,1}, {3,1}}, {{2,0}, {2,1}, {2,2}, {2,3}},
      |                                                             ^
../Core/Src/main.c:134:61: note: (near initialization for 'tetrominoShapes[0][1][3]')
../Core/Src/main.c:135:6: warning: braces around scalar initializer
  135 |      {{0,2}, {1,2}, {2,2}, {3,2}}, {{1,0}, {1,1}, {1,2}, {1,3}}},
      |      ^
../Core/Src/main.c:135:6: note: (near initialization for 'tetrominoShapes[0][2][0]')
../Core/Src/main.c:135:10: warning: excess elements in scalar initializer
  135 |      {{0,2}, {1,2}, {2,2}, {3,2}}, {{1,0}, {1,1}, {1,2}, {1,3}}},
      |          ^
../Core/Src/main.c:135:10: note: (near initialization for 'tetrominoShapes[0][2][0]')
../Core/Src/main.c:135:6: warning: braces around scalar initializer
  135 |      {{0,2}, {1,2}, {2,2}, {3,2}}, {{1,0}, {1,1}, {1,2}, {1,3}}},
      |      ^
../Core/Src/main.c:135:6: note: (near initialization for 'tetrominoShapes[0][2][1]')
../Core/Src/main.c:135:17: warning: excess elements in scalar initializer
  135 |      {{0,2}, {1,2}, {2,2}, {3,2}}, {{1,0}, {1,1}, {1,2}, {1,3}}},
      |                 ^
../Core/Src/main.c:135:17: note: (near initialization for 'tetrominoShapes[0][2][1]')
../Core/Src/main.c:135:6: warning: braces around scalar initializer
  135 |      {{0,2}, {1,2}, {2,2}, {3,2}}, {{1,0}, {1,1}, {1,2}, {1,3}}},
      |      ^
../Core/Src/main.c:135:6: note: (near initialization for 'tetrominoShapes[0][2][2]')
../Core/Src/main.c:135:24: warning: excess elements in scalar initializer
  135 |      {{0,2}, {1,2}, {2,2}, {3,2}}, {{1,0}, {1,1}, {1,2}, {1,3}}},
      |                        ^
../Core/Src/main.c:135:24: note: (near initialization for 'tetrominoShapes[0][2][2]')
../Core/Src/main.c:135:6: warning: braces around scalar initializer
  135 |      {{0,2}, {1,2}, {2,2}, {3,2}}, {{1,0}, {1,1}, {1,2}, {1,3}}},
      |      ^
../Core/Src/main.c:135:6: note: (near initialization for 'tetrominoShapes[0][2][3]')
../Core/Src/main.c:135:31: warning: excess elements in scalar initializer
  135 |      {{0,2}, {1,2}, {2,2}, {3,2}}, {{1,0}, {1,1}, {1,2}, {1,3}}},
      |                               ^
../Core/Src/main.c:135:31: note: (near initialization for 'tetrominoShapes[0][2][3]')
../Core/Src/main.c:135:6: warning: braces around scalar initializer
  135 |      {{0,2}, {1,2}, {2,2}, {3,2}}, {{1,0}, {1,1}, {1,2}, {1,3}}},
      |      ^
../Core/Src/main.c:135:6: note: (near initialization for 'tetrominoShapes[0][3][0]')
../Core/Src/main.c:135:40: warning: excess elements in scalar initializer
  135 |      {{0,2}, {1,2}, {2,2}, {3,2}}, {{1,0}, {1,1}, {1,2}, {1,3}}},
      |                                        ^
../Core/Src/main.c:135:40: note: (near initialization for 'tetrominoShapes[0][3][0]')
../Core/Src/main.c:135:6: warning: braces around scalar initializer
  135 |      {{0,2}, {1,2}, {2,2}, {3,2}}, {{1,0}, {1,1}, {1,2}, {1,3}}},
      |      ^
../Core/Src/main.c:135:6: note: (near initialization for 'tetrominoShapes[0][3][1]')
../Core/Src/main.c:135:47: warning: excess elements in scalar initializer
  135 |      {{0,2}, {1,2}, {2,2}, {3,2}}, {{1,0}, {1,1}, {1,2}, {1,3}}},
      |                                               ^
../Core/Src/main.c:135:47: note: (near initialization for 'tetrominoShapes[0][3][1]')
../Core/Src/main.c:135:6: warning: braces around scalar initializer
  135 |      {{0,2}, {1,2}, {2,2}, {3,2}}, {{1,0}, {1,1}, {1,2}, {1,3}}},
      |      ^
../Core/Src/main.c:135:6: note: (near initialization for 'tetrominoShapes[0][3][2]')
../Core/Src/main.c:135:54: warning: excess elements in scalar initializer
  135 |      {{0,2}, {1,2}, {2,2}, {3,2}}, {{1,0}, {1,1}, {1,2}, {1,3}}},
      |                                                      ^
../Core/Src/main.c:135:54: note: (near initialization for 'tetrominoShapes[0][3][2]')
../Core/Src/main.c:135:6: warning: braces around scalar initializer
  135 |      {{0,2}, {1,2}, {2,2}, {3,2}}, {{1,0}, {1,1}, {1,2}, {1,3}}},
      |      ^
../Core/Src/main.c:135:6: note: (near initialization for 'tetrominoShapes[0][3][3]')
../Core/Src/main.c:135:61: warning: excess elements in scalar initializer
  135 |      {{0,2}, {1,2}, {2,2}, {3,2}}, {{1,0}, {1,1}, {1,2}, {1,3}}},
      |                                                             ^
../Core/Src/main.c:135:61: note: (near initialization for 'tetrominoShapes[0][3][3]')
../Core/Src/main.c:137:5: warning: braces around scalar initializer
  137 |     {{{0,0}, {1,0}, {0,1}, {1,1}}, {{0,0}, {1,0}, {0,1}, {1,1}},
      |     ^
../Core/Src/main.c:137:5: note: (near initialization for 'tetrominoShapes[1][0][0]')
../Core/Src/main.c:137:10: warning: excess elements in scalar initializer
  137 |     {{{0,0}, {1,0}, {0,1}, {1,1}}, {{0,0}, {1,0}, {0,1}, {1,1}},
      |          ^
../Core/Src/main.c:137:10: note: (near initialization for 'tetrominoShapes[1][0][0]')
../Core/Src/main.c:137:5: warning: braces around scalar initializer
  137 |     {{{0,0}, {1,0}, {0,1}, {1,1}}, {{0,0}, {1,0}, {0,1}, {1,1}},
      |     ^
../Core/Src/main.c:137:5: note: (near initialization for 'tetrominoShapes[1][0][1]')
../Core/Src/main.c:137:17: warning: excess elements in scalar initializer
  137 |     {{{0,0}, {1,0}, {0,1}, {1,1}}, {{0,0}, {1,0}, {0,1}, {1,1}},
      |                 ^
../Core/Src/main.c:137:17: note: (near initialization for 'tetrominoShapes[1][0][1]')
../Core/Src/main.c:137:5: warning: braces around scalar initializer
  137 |     {{{0,0}, {1,0}, {0,1}, {1,1}}, {{0,0}, {1,0}, {0,1}, {1,1}},
      |     ^
../Core/Src/main.c:137:5: note: (near initialization for 'tetrominoShapes[1][0][2]')
../Core/Src/main.c:137:24: warning: excess elements in scalar initializer
  137 |     {{{0,0}, {1,0}, {0,1}, {1,1}}, {{0,0}, {1,0}, {0,1}, {1,1}},
      |                        ^
../Core/Src/main.c:137:24: note: (near initialization for 'tetrominoShapes[1][0][2]')
../Core/Src/main.c:137:5: warning: braces around scalar initializer
  137 |     {{{0,0}, {1,0}, {0,1}, {1,1}}, {{0,0}, {1,0}, {0,1}, {1,1}},
      |     ^
../Core/Src/main.c:137:5: note: (near initialization for 'tetrominoShapes[1][0][3]')
../Core/Src/main.c:137:31: warning: excess elements in scalar initializer
  137 |     {{{0,0}, {1,0}, {0,1}, {1,1}}, {{0,0}, {1,0}, {0,1}, {1,1}},
      |                               ^
../Core/Src/main.c:137:31: note: (near initialization for 'tetrominoShapes[1][0][3]')
../Core/Src/main.c:137:5: warning: braces around scalar initializer
  137 |     {{{0,0}, {1,0}, {0,1}, {1,1}}, {{0,0}, {1,0}, {0,1}, {1,1}},
      |     ^
../Core/Src/main.c:137:5: note: (near initialization for 'tetrominoShapes[1][1][0]')
../Core/Src/main.c:137:40: warning: excess elements in scalar initializer
  137 |     {{{0,0}, {1,0}, {0,1}, {1,1}}, {{0,0}, {1,0}, {0,1}, {1,1}},
      |                                        ^
../Core/Src/main.c:137:40: note: (near initialization for 'tetrominoShapes[1][1][0]')
../Core/Src/main.c:137:5: warning: braces around scalar initializer
  137 |     {{{0,0}, {1,0}, {0,1}, {1,1}}, {{0,0}, {1,0}, {0,1}, {1,1}},
      |     ^
../Core/Src/main.c:137:5: note: (near initialization for 'tetrominoShapes[1][1][1]')
../Core/Src/main.c:137:47: warning: excess elements in scalar initializer
  137 |     {{{0,0}, {1,0}, {0,1}, {1,1}}, {{0,0}, {1,0}, {0,1}, {1,1}},
      |                                               ^
../Core/Src/main.c:137:47: note: (near initialization for 'tetrominoShapes[1][1][1]')
../Core/Src/main.c:137:5: warning: braces around scalar initializer
  137 |     {{{0,0}, {1,0}, {0,1}, {1,1}}, {{0,0}, {1,0}, {0,1}, {1,1}},
      |     ^
../Core/Src/main.c:137:5: note: (near initialization for 'tetrominoShapes[1][1][2]')
../Core/Src/main.c:137:54: warning: excess elements in scalar initializer
  137 |     {{{0,0}, {1,0}, {0,1}, {1,1}}, {{0,0}, {1,0}, {0,1}, {1,1}},
      |                                                      ^
../Core/Src/main.c:137:54: note: (near initialization for 'tetrominoShapes[1][1][2]')
../Core/Src/main.c:137:5: warning: braces around scalar initializer
  137 |     {{{0,0}, {1,0}, {0,1}, {1,1}}, {{0,0}, {1,0}, {0,1}, {1,1}},
      |     ^
../Core/Src/main.c:137:5: note: (near initialization for 'tetrominoShapes[1][1][3]')
../Core/Src/main.c:137:61: warning: excess elements in scalar initializer
  137 |     {{{0,0}, {1,0}, {0,1}, {1,1}}, {{0,0}, {1,0}, {0,1}, {1,1}},
      |                                                             ^
../Core/Src/main.c:137:61: note: (near initialization for 'tetrominoShapes[1][1][3]')
../Core/Src/main.c:138:6: warning: braces around scalar initializer
  138 |      {{0,0}, {1,0}, {0,1}, {1,1}}, {{0,0}, {1,0}, {0,1}, {1,1}}},
      |      ^
../Core/Src/main.c:138:6: note: (near initialization for 'tetrominoShapes[1][2][0]')
../Core/Src/main.c:138:10: warning: excess elements in scalar initializer
  138 |      {{0,0}, {1,0}, {0,1}, {1,1}}, {{0,0}, {1,0}, {0,1}, {1,1}}},
      |          ^
../Core/Src/main.c:138:10: note: (near initialization for 'tetrominoShapes[1][2][0]')
../Core/Src/main.c:138:6: warning: braces around scalar initializer
  138 |      {{0,0}, {1,0}, {0,1}, {1,1}}, {{0,0}, {1,0}, {0,1}, {1,1}}},
      |      ^
../Core/Src/main.c:138:6: note: (near initialization for 'tetrominoShapes[1][2][1]')
../Core/Src/main.c:138:17: warning: excess elements in scalar initializer
  138 |      {{0,0}, {1,0}, {0,1}, {1,1}}, {{0,0}, {1,0}, {0,1}, {1,1}}},
      |                 ^
../Core/Src/main.c:138:17: note: (near initialization for 'tetrominoShapes[1][2][1]')
../Core/Src/main.c:138:6: warning: braces around scalar initializer
  138 |      {{0,0}, {1,0}, {0,1}, {1,1}}, {{0,0}, {1,0}, {0,1}, {1,1}}},
      |      ^
../Core/Src/main.c:138:6: note: (near initialization for 'tetrominoShapes[1][2][2]')
../Core/Src/main.c:138:24: warning: excess elements in scalar initializer
  138 |      {{0,0}, {1,0}, {0,1}, {1,1}}, {{0,0}, {1,0}, {0,1}, {1,1}}},
      |                        ^
../Core/Src/main.c:138:24: note: (near initialization for 'tetrominoShapes[1][2][2]')
../Core/Src/main.c:138:6: warning: braces around scalar initializer
  138 |      {{0,0}, {1,0}, {0,1}, {1,1}}, {{0,0}, {1,0}, {0,1}, {1,1}}},
      |      ^
../Core/Src/main.c:138:6: note: (near initialization for 'tetrominoShapes[1][2][3]')
../Core/Src/main.c:138:31: warning: excess elements in scalar initializer
  138 |      {{0,0}, {1,0}, {0,1}, {1,1}}, {{0,0}, {1,0}, {0,1}, {1,1}}},
      |                               ^
../Core/Src/main.c:138:31: note: (near initialization for 'tetrominoShapes[1][2][3]')
../Core/Src/main.c:138:6: warning: braces around scalar initializer
  138 |      {{0,0}, {1,0}, {0,1}, {1,1}}, {{0,0}, {1,0}, {0,1}, {1,1}}},
      |      ^
../Core/Src/main.c:138:6: note: (near initialization for 'tetrominoShapes[1][3][0]')
../Core/Src/main.c:138:40: warning: excess elements in scalar initializer
  138 |      {{0,0}, {1,0}, {0,1}, {1,1}}, {{0,0}, {1,0}, {0,1}, {1,1}}},
      |                                        ^
../Core/Src/main.c:138:40: note: (near initialization for 'tetrominoShapes[1][3][0]')
../Core/Src/main.c:138:6: warning: braces around scalar initializer
  138 |      {{0,0}, {1,0}, {0,1}, {1,1}}, {{0,0}, {1,0}, {0,1}, {1,1}}},
      |      ^
../Core/Src/main.c:138:6: note: (near initialization for 'tetrominoShapes[1][3][1]')
../Core/Src/main.c:138:47: warning: excess elements in scalar initializer
  138 |      {{0,0}, {1,0}, {0,1}, {1,1}}, {{0,0}, {1,0}, {0,1}, {1,1}}},
      |                                               ^
../Core/Src/main.c:138:47: note: (near initialization for 'tetrominoShapes[1][3][1]')
../Core/Src/main.c:138:6: warning: braces around scalar initializer
  138 |      {{0,0}, {1,0}, {0,1}, {1,1}}, {{0,0}, {1,0}, {0,1}, {1,1}}},
      |      ^
../Core/Src/main.c:138:6: note: (near initialization for 'tetrominoShapes[1][3][2]')
../Core/Src/main.c:138:54: warning: excess elements in scalar initializer
  138 |      {{0,0}, {1,0}, {0,1}, {1,1}}, {{0,0}, {1,0}, {0,1}, {1,1}}},
      |                                                      ^
../Core/Src/main.c:138:54: note: (near initialization for 'tetrominoShapes[1][3][2]')
../Core/Src/main.c:138:6: warning: braces around scalar initializer
  138 |      {{0,0}, {1,0}, {0,1}, {1,1}}, {{0,0}, {1,0}, {0,1}, {1,1}}},
      |      ^
../Core/Src/main.c:138:6: note: (near initialization for 'tetrominoShapes[1][3][3]')
../Core/Src/main.c:138:61: warning: excess elements in scalar initializer
  138 |      {{0,0}, {1,0}, {0,1}, {1,1}}, {{0,0}, {1,0}, {0,1}, {1,1}}},
      |                                                             ^
../Core/Src/main.c:138:61: note: (near initialization for 'tetrominoShapes[1][3][3]')
../Core/Src/main.c:140:5: warning: braces around scalar initializer
  140 |     {{{1,0}, {0,1}, {1,1}, {2,1}}, {{1,0}, {1,1}, {2,1}, {1,2}},
      |     ^
../Core/Src/main.c:140:5: note: (near initialization for 'tetrominoShapes[2][0][0]')
../Core/Src/main.c:140:10: warning: excess elements in scalar initializer
  140 |     {{{1,0}, {0,1}, {1,1}, {2,1}}, {{1,0}, {1,1}, {2,1}, {1,2}},
      |          ^
../Core/Src/main.c:140:10: note: (near initialization for 'tetrominoShapes[2][0][0]')
../Core/Src/main.c:140:5: warning: braces around scalar initializer
  140 |     {{{1,0}, {0,1}, {1,1}, {2,1}}, {{1,0}, {1,1}, {2,1}, {1,2}},
      |     ^
../Core/Src/main.c:140:5: note: (near initialization for 'tetrominoShapes[2][0][1]')
../Core/Src/main.c:140:17: warning: excess elements in scalar initializer
  140 |     {{{1,0}, {0,1}, {1,1}, {2,1}}, {{1,0}, {1,1}, {2,1}, {1,2}},
      |                 ^
../Core/Src/main.c:140:17: note: (near initialization for 'tetrominoShapes[2][0][1]')
../Core/Src/main.c:140:5: warning: braces around scalar initializer
  140 |     {{{1,0}, {0,1}, {1,1}, {2,1}}, {{1,0}, {1,1}, {2,1}, {1,2}},
      |     ^
../Core/Src/main.c:140:5: note: (near initialization for 'tetrominoShapes[2][0][2]')
../Core/Src/main.c:140:24: warning: excess elements in scalar initializer
  140 |     {{{1,0}, {0,1}, {1,1}, {2,1}}, {{1,0}, {1,1}, {2,1}, {1,2}},
      |                        ^
../Core/Src/main.c:140:24: note: (near initialization for 'tetrominoShapes[2][0][2]')
../Core/Src/main.c:140:5: warning: braces around scalar initializer
  140 |     {{{1,0}, {0,1}, {1,1}, {2,1}}, {{1,0}, {1,1}, {2,1}, {1,2}},
      |     ^
../Core/Src/main.c:140:5: note: (near initialization for 'tetrominoShapes[2][0][3]')
../Core/Src/main.c:140:31: warning: excess elements in scalar initializer
  140 |     {{{1,0}, {0,1}, {1,1}, {2,1}}, {{1,0}, {1,1}, {2,1}, {1,2}},
      |                               ^
../Core/Src/main.c:140:31: note: (near initialization for 'tetrominoShapes[2][0][3]')
../Core/Src/main.c:140:5: warning: braces around scalar initializer
  140 |     {{{1,0}, {0,1}, {1,1}, {2,1}}, {{1,0}, {1,1}, {2,1}, {1,2}},
      |     ^
../Core/Src/main.c:140:5: note: (near initialization for 'tetrominoShapes[2][1][0]')
../Core/Src/main.c:140:40: warning: excess elements in scalar initializer
  140 |     {{{1,0}, {0,1}, {1,1}, {2,1}}, {{1,0}, {1,1}, {2,1}, {1,2}},
      |                                        ^
../Core/Src/main.c:140:40: note: (near initialization for 'tetrominoShapes[2][1][0]')
../Core/Src/main.c:140:5: warning: braces around scalar initializer
  140 |     {{{1,0}, {0,1}, {1,1}, {2,1}}, {{1,0}, {1,1}, {2,1}, {1,2}},
      |     ^
../Core/Src/main.c:140:5: note: (near initialization for 'tetrominoShapes[2][1][1]')
../Core/Src/main.c:140:47: warning: excess elements in scalar initializer
  140 |     {{{1,0}, {0,1}, {1,1}, {2,1}}, {{1,0}, {1,1}, {2,1}, {1,2}},
      |                                               ^
../Core/Src/main.c:140:47: note: (near initialization for 'tetrominoShapes[2][1][1]')
../Core/Src/main.c:140:5: warning: braces around scalar initializer
  140 |     {{{1,0}, {0,1}, {1,1}, {2,1}}, {{1,0}, {1,1}, {2,1}, {1,2}},
      |     ^
../Core/Src/main.c:140:5: note: (near initialization for 'tetrominoShapes[2][1][2]')
../Core/Src/main.c:140:54: warning: excess elements in scalar initializer
  140 |     {{{1,0}, {0,1}, {1,1}, {2,1}}, {{1,0}, {1,1}, {2,1}, {1,2}},
      |                                                      ^
../Core/Src/main.c:140:54: note: (near initialization for 'tetrominoShapes[2][1][2]')
../Core/Src/main.c:140:5: warning: braces around scalar initializer
  140 |     {{{1,0}, {0,1}, {1,1}, {2,1}}, {{1,0}, {1,1}, {2,1}, {1,2}},
      |     ^
../Core/Src/main.c:140:5: note: (near initialization for 'tetrominoShapes[2][1][3]')
../Core/Src/main.c:140:61: warning: excess elements in scalar initializer
  140 |     {{{1,0}, {0,1}, {1,1}, {2,1}}, {{1,0}, {1,1}, {2,1}, {1,2}},
      |                                                             ^
../Core/Src/main.c:140:61: note: (near initialization for 'tetrominoShapes[2][1][3]')
../Core/Src/main.c:141:6: warning: braces around scalar initializer
  141 |      {{0,1}, {1,1}, {2,1}, {1,2}}, {{1,0}, {0,1}, {1,1}, {1,2}}},
      |      ^
../Core/Src/main.c:141:6: note: (near initialization for 'tetrominoShapes[2][2][0]')
../Core/Src/main.c:141:10: warning: excess elements in scalar initializer
  141 |      {{0,1}, {1,1}, {2,1}, {1,2}}, {{1,0}, {0,1}, {1,1}, {1,2}}},
      |          ^
../Core/Src/main.c:141:10: note: (near initialization for 'tetrominoShapes[2][2][0]')
../Core/Src/main.c:141:6: warning: braces around scalar initializer
  141 |      {{0,1}, {1,1}, {2,1}, {1,2}}, {{1,0}, {0,1}, {1,1}, {1,2}}},
      |      ^
../Core/Src/main.c:141:6: note: (near initialization for 'tetrominoShapes[2][2][1]')
../Core/Src/main.c:141:17: warning: excess elements in scalar initializer
  141 |      {{0,1}, {1,1}, {2,1}, {1,2}}, {{1,0}, {0,1}, {1,1}, {1,2}}},
      |                 ^
../Core/Src/main.c:141:17: note: (near initialization for 'tetrominoShapes[2][2][1]')
../Core/Src/main.c:141:6: warning: braces around scalar initializer
  141 |      {{0,1}, {1,1}, {2,1}, {1,2}}, {{1,0}, {0,1}, {1,1}, {1,2}}},
      |      ^
../Core/Src/main.c:141:6: note: (near initialization for 'tetrominoShapes[2][2][2]')
../Core/Src/main.c:141:24: warning: excess elements in scalar initializer
  141 |      {{0,1}, {1,1}, {2,1}, {1,2}}, {{1,0}, {0,1}, {1,1}, {1,2}}},
      |                        ^
../Core/Src/main.c:141:24: note: (near initialization for 'tetrominoShapes[2][2][2]')
../Core/Src/main.c:141:6: warning: braces around scalar initializer
  141 |      {{0,1}, {1,1}, {2,1}, {1,2}}, {{1,0}, {0,1}, {1,1}, {1,2}}},
      |      ^
../Core/Src/main.c:141:6: note: (near initialization for 'tetrominoShapes[2][2][3]')
../Core/Src/main.c:141:31: warning: excess elements in scalar initializer
  141 |      {{0,1}, {1,1}, {2,1}, {1,2}}, {{1,0}, {0,1}, {1,1}, {1,2}}},
      |                               ^
../Core/Src/main.c:141:31: note: (near initialization for 'tetrominoShapes[2][2][3]')
../Core/Src/main.c:141:6: warning: braces around scalar initializer
  141 |      {{0,1}, {1,1}, {2,1}, {1,2}}, {{1,0}, {0,1}, {1,1}, {1,2}}},
      |      ^
../Core/Src/main.c:141:6: note: (near initialization for 'tetrominoShapes[2][3][0]')
../Core/Src/main.c:141:40: warning: excess elements in scalar initializer
  141 |      {{0,1}, {1,1}, {2,1}, {1,2}}, {{1,0}, {0,1}, {1,1}, {1,2}}},
      |                                        ^
../Core/Src/main.c:141:40: note: (near initialization for 'tetrominoShapes[2][3][0]')
../Core/Src/main.c:141:6: warning: braces around scalar initializer
  141 |      {{0,1}, {1,1}, {2,1}, {1,2}}, {{1,0}, {0,1}, {1,1}, {1,2}}},
      |      ^
../Core/Src/main.c:141:6: note: (near initialization for 'tetrominoShapes[2][3][1]')
../Core/Src/main.c:141:47: warning: excess elements in scalar initializer
  141 |      {{0,1}, {1,1}, {2,1}, {1,2}}, {{1,0}, {0,1}, {1,1}, {1,2}}},
      |                                               ^
../Core/Src/main.c:141:47: note: (near initialization for 'tetrominoShapes[2][3][1]')
../Core/Src/main.c:141:6: warning: braces around scalar initializer
  141 |      {{0,1}, {1,1}, {2,1}, {1,2}}, {{1,0}, {0,1}, {1,1}, {1,2}}},
      |      ^
../Core/Src/main.c:141:6: note: (near initialization for 'tetrominoShapes[2][3][2]')
../Core/Src/main.c:141:54: warning: excess elements in scalar initializer
  141 |      {{0,1}, {1,1}, {2,1}, {1,2}}, {{1,0}, {0,1}, {1,1}, {1,2}}},
      |                                                      ^
../Core/Src/main.c:141:54: note: (near initialization for 'tetrominoShapes[2][3][2]')
../Core/Src/main.c:141:6: warning: braces around scalar initializer
  141 |      {{0,1}, {1,1}, {2,1}, {1,2}}, {{1,0}, {0,1}, {1,1}, {1,2}}},
      |      ^
../Core/Src/main.c:141:6: note: (near initialization for 'tetrominoShapes[2][3][3]')
../Core/Src/main.c:141:61: warning: excess elements in scalar initializer
  141 |      {{0,1}, {1,1}, {2,1}, {1,2}}, {{1,0}, {0,1}, {1,1}, {1,2}}},
      |                                                             ^
../Core/Src/main.c:141:61: note: (near initialization for 'tetrominoShapes[2][3][3]')
../Core/Src/main.c:143:5: warning: braces around scalar initializer
  143 |     {{{1,0}, {2,0}, {0,1}, {1,1}}, {{0,0}, {0,1}, {1,1}, {1,2}},
      |     ^
../Core/Src/main.c:143:5: note: (near initialization for 'tetrominoShapes[3][0][0]')
../Core/Src/main.c:143:10: warning: excess elements in scalar initializer
  143 |     {{{1,0}, {2,0}, {0,1}, {1,1}}, {{0,0}, {0,1}, {1,1}, {1,2}},
      |          ^
../Core/Src/main.c:143:10: note: (near initialization for 'tetrominoShapes[3][0][0]')
../Core/Src/main.c:143:5: warning: braces around scalar initializer
  143 |     {{{1,0}, {2,0}, {0,1}, {1,1}}, {{0,0}, {0,1}, {1,1}, {1,2}},
      |     ^
../Core/Src/main.c:143:5: note: (near initialization for 'tetrominoShapes[3][0][1]')
../Core/Src/main.c:143:17: warning: excess elements in scalar initializer
  143 |     {{{1,0}, {2,0}, {0,1}, {1,1}}, {{0,0}, {0,1}, {1,1}, {1,2}},
      |                 ^
../Core/Src/main.c:143:17: note: (near initialization for 'tetrominoShapes[3][0][1]')
../Core/Src/main.c:143:5: warning: braces around scalar initializer
  143 |     {{{1,0}, {2,0}, {0,1}, {1,1}}, {{0,0}, {0,1}, {1,1}, {1,2}},
      |     ^
../Core/Src/main.c:143:5: note: (near initialization for 'tetrominoShapes[3][0][2]')
../Core/Src/main.c:143:24: warning: excess elements in scalar initializer
  143 |     {{{1,0}, {2,0}, {0,1}, {1,1}}, {{0,0}, {0,1}, {1,1}, {1,2}},
      |                        ^
../Core/Src/main.c:143:24: note: (near initialization for 'tetrominoShapes[3][0][2]')
../Core/Src/main.c:143:5: warning: braces around scalar initializer
  143 |     {{{1,0}, {2,0}, {0,1}, {1,1}}, {{0,0}, {0,1}, {1,1}, {1,2}},
      |     ^
../Core/Src/main.c:143:5: note: (near initialization for 'tetrominoShapes[3][0][3]')
../Core/Src/main.c:143:31: warning: excess elements in scalar initializer
  143 |     {{{1,0}, {2,0}, {0,1}, {1,1}}, {{0,0}, {0,1}, {1,1}, {1,2}},
      |                               ^
../Core/Src/main.c:143:31: note: (near initialization for 'tetrominoShapes[3][0][3]')
../Core/Src/main.c:143:5: warning: braces around scalar initializer
  143 |     {{{1,0}, {2,0}, {0,1}, {1,1}}, {{0,0}, {0,1}, {1,1}, {1,2}},
      |     ^
../Core/Src/main.c:143:5: note: (near initialization for 'tetrominoShapes[3][1][0]')
../Core/Src/main.c:143:40: warning: excess elements in scalar initializer
  143 |     {{{1,0}, {2,0}, {0,1}, {1,1}}, {{0,0}, {0,1}, {1,1}, {1,2}},
      |                                        ^
../Core/Src/main.c:143:40: note: (near initialization for 'tetrominoShapes[3][1][0]')
../Core/Src/main.c:143:5: warning: braces around scalar initializer
  143 |     {{{1,0}, {2,0}, {0,1}, {1,1}}, {{0,0}, {0,1}, {1,1}, {1,2}},
      |     ^
../Core/Src/main.c:143:5: note: (near initialization for 'tetrominoShapes[3][1][1]')
../Core/Src/main.c:143:47: warning: excess elements in scalar initializer
  143 |     {{{1,0}, {2,0}, {0,1}, {1,1}}, {{0,0}, {0,1}, {1,1}, {1,2}},
      |                                               ^
../Core/Src/main.c:143:47: note: (near initialization for 'tetrominoShapes[3][1][1]')
../Core/Src/main.c:143:5: warning: braces around scalar initializer
  143 |     {{{1,0}, {2,0}, {0,1}, {1,1}}, {{0,0}, {0,1}, {1,1}, {1,2}},
      |     ^
../Core/Src/main.c:143:5: note: (near initialization for 'tetrominoShapes[3][1][2]')
../Core/Src/main.c:143:54: warning: excess elements in scalar initializer
  143 |     {{{1,0}, {2,0}, {0,1}, {1,1}}, {{0,0}, {0,1}, {1,1}, {1,2}},
      |                                                      ^
../Core/Src/main.c:143:54: note: (near initialization for 'tetrominoShapes[3][1][2]')
../Core/Src/main.c:143:5: warning: braces around scalar initializer
  143 |     {{{1,0}, {2,0}, {0,1}, {1,1}}, {{0,0}, {0,1}, {1,1}, {1,2}},
      |     ^
../Core/Src/main.c:143:5: note: (near initialization for 'tetrominoShapes[3][1][3]')
../Core/Src/main.c:143:61: warning: excess elements in scalar initializer
  143 |     {{{1,0}, {2,0}, {0,1}, {1,1}}, {{0,0}, {0,1}, {1,1}, {1,2}},
      |                                                             ^
../Core/Src/main.c:143:61: note: (near initialization for 'tetrominoShapes[3][1][3]')
../Core/Src/main.c:144:6: warning: braces around scalar initializer
  144 |      {{1,1}, {2,1}, {0,2}, {1,2}}, {{1,0}, {1,1}, {2,1}, {2,2}}},
      |      ^
../Core/Src/main.c:144:6: note: (near initialization for 'tetrominoShapes[3][2][0]')
../Core/Src/main.c:144:10: warning: excess elements in scalar initializer
  144 |      {{1,1}, {2,1}, {0,2}, {1,2}}, {{1,0}, {1,1}, {2,1}, {2,2}}},
      |          ^
../Core/Src/main.c:144:10: note: (near initialization for 'tetrominoShapes[3][2][0]')
../Core/Src/main.c:144:6: warning: braces around scalar initializer
  144 |      {{1,1}, {2,1}, {0,2}, {1,2}}, {{1,0}, {1,1}, {2,1}, {2,2}}},
      |      ^
../Core/Src/main.c:144:6: note: (near initialization for 'tetrominoShapes[3][2][1]')
../Core/Src/main.c:144:17: warning: excess elements in scalar initializer
  144 |      {{1,1}, {2,1}, {0,2}, {1,2}}, {{1,0}, {1,1}, {2,1}, {2,2}}},
      |                 ^
../Core/Src/main.c:144:17: note: (near initialization for 'tetrominoShapes[3][2][1]')
../Core/Src/main.c:144:6: warning: braces around scalar initializer
  144 |      {{1,1}, {2,1}, {0,2}, {1,2}}, {{1,0}, {1,1}, {2,1}, {2,2}}},
      |      ^
../Core/Src/main.c:144:6: note: (near initialization for 'tetrominoShapes[3][2][2]')
../Core/Src/main.c:144:24: warning: excess elements in scalar initializer
  144 |      {{1,1}, {2,1}, {0,2}, {1,2}}, {{1,0}, {1,1}, {2,1}, {2,2}}},
      |                        ^
../Core/Src/main.c:144:24: note: (near initialization for 'tetrominoShapes[3][2][2]')
../Core/Src/main.c:144:6: warning: braces around scalar initializer
  144 |      {{1,1}, {2,1}, {0,2}, {1,2}}, {{1,0}, {1,1}, {2,1}, {2,2}}},
      |      ^
../Core/Src/main.c:144:6: note: (near initialization for 'tetrominoShapes[3][2][3]')
../Core/Src/main.c:144:31: warning: excess elements in scalar initializer
  144 |      {{1,1}, {2,1}, {0,2}, {1,2}}, {{1,0}, {1,1}, {2,1}, {2,2}}},
      |                               ^
../Core/Src/main.c:144:31: note: (near initialization for 'tetrominoShapes[3][2][3]')
../Core/Src/main.c:144:6: warning: braces around scalar initializer
  144 |      {{1,1}, {2,1}, {0,2}, {1,2}}, {{1,0}, {1,1}, {2,1}, {2,2}}},
      |      ^
../Core/Src/main.c:144:6: note: (near initialization for 'tetrominoShapes[3][3][0]')
../Core/Src/main.c:144:40: warning: excess elements in scalar initializer
  144 |      {{1,1}, {2,1}, {0,2}, {1,2}}, {{1,0}, {1,1}, {2,1}, {2,2}}},
      |                                        ^
../Core/Src/main.c:144:40: note: (near initialization for 'tetrominoShapes[3][3][0]')
../Core/Src/main.c:144:6: warning: braces around scalar initializer
  144 |      {{1,1}, {2,1}, {0,2}, {1,2}}, {{1,0}, {1,1}, {2,1}, {2,2}}},
      |      ^
../Core/Src/main.c:144:6: note: (near initialization for 'tetrominoShapes[3][3][1]')
../Core/Src/main.c:144:47: warning: excess elements in scalar initializer
  144 |      {{1,1}, {2,1}, {0,2}, {1,2}}, {{1,0}, {1,1}, {2,1}, {2,2}}},
      |                                               ^
../Core/Src/main.c:144:47: note: (near initialization for 'tetrominoShapes[3][3][1]')
../Core/Src/main.c:144:6: warning: braces around scalar initializer
  144 |      {{1,1}, {2,1}, {0,2}, {1,2}}, {{1,0}, {1,1}, {2,1}, {2,2}}},
      |      ^
../Core/Src/main.c:144:6: note: (near initialization for 'tetrominoShapes[3][3][2]')
../Core/Src/main.c:144:54: warning: excess elements in scalar initializer
  144 |      {{1,1}, {2,1}, {0,2}, {1,2}}, {{1,0}, {1,1}, {2,1}, {2,2}}},
      |                                                      ^
../Core/Src/main.c:144:54: note: (near initialization for 'tetrominoShapes[3][3][2]')
../Core/Src/main.c:144:6: warning: braces around scalar initializer
  144 |      {{1,1}, {2,1}, {0,2}, {1,2}}, {{1,0}, {1,1}, {2,1}, {2,2}}},
      |      ^
../Core/Src/main.c:144:6: note: (near initialization for 'tetrominoShapes[3][3][3]')
../Core/Src/main.c:144:61: warning: excess elements in scalar initializer
  144 |      {{1,1}, {2,1}, {0,2}, {1,2}}, {{1,0}, {1,1}, {2,1}, {2,2}}},
      |                                                             ^
../Core/Src/main.c:144:61: note: (near initialization for 'tetrominoShapes[3][3][3]')
../Core/Src/main.c:146:5: warning: braces around scalar initializer
  146 |     {{{0,0}, {1,0}, {1,1}, {2,1}}, {{1,0}, {0,1}, {1,1}, {0,2}},
      |     ^
../Core/Src/main.c:146:5: note: (near initialization for 'tetrominoShapes[4][0][0]')
../Core/Src/main.c:146:10: warning: excess elements in scalar initializer
  146 |     {{{0,0}, {1,0}, {1,1}, {2,1}}, {{1,0}, {0,1}, {1,1}, {0,2}},
      |          ^
../Core/Src/main.c:146:10: note: (near initialization for 'tetrominoShapes[4][0][0]')
../Core/Src/main.c:146:5: warning: braces around scalar initializer
  146 |     {{{0,0}, {1,0}, {1,1}, {2,1}}, {{1,0}, {0,1}, {1,1}, {0,2}},
      |     ^
../Core/Src/main.c:146:5: note: (near initialization for 'tetrominoShapes[4][0][1]')
../Core/Src/main.c:146:17: warning: excess elements in scalar initializer
  146 |     {{{0,0}, {1,0}, {1,1}, {2,1}}, {{1,0}, {0,1}, {1,1}, {0,2}},
      |                 ^
../Core/Src/main.c:146:17: note: (near initialization for 'tetrominoShapes[4][0][1]')
../Core/Src/main.c:146:5: warning: braces around scalar initializer
  146 |     {{{0,0}, {1,0}, {1,1}, {2,1}}, {{1,0}, {0,1}, {1,1}, {0,2}},
      |     ^
../Core/Src/main.c:146:5: note: (near initialization for 'tetrominoShapes[4][0][2]')
../Core/Src/main.c:146:24: warning: excess elements in scalar initializer
  146 |     {{{0,0}, {1,0}, {1,1}, {2,1}}, {{1,0}, {0,1}, {1,1}, {0,2}},
      |                        ^
../Core/Src/main.c:146:24: note: (near initialization for 'tetrominoShapes[4][0][2]')
../Core/Src/main.c:146:5: warning: braces around scalar initializer
  146 |     {{{0,0}, {1,0}, {1,1}, {2,1}}, {{1,0}, {0,1}, {1,1}, {0,2}},
      |     ^
../Core/Src/main.c:146:5: note: (near initialization for 'tetrominoShapes[4][0][3]')
../Core/Src/main.c:146:31: warning: excess elements in scalar initializer
  146 |     {{{0,0}, {1,0}, {1,1}, {2,1}}, {{1,0}, {0,1}, {1,1}, {0,2}},
      |                               ^
../Core/Src/main.c:146:31: note: (near initialization for 'tetrominoShapes[4][0][3]')
../Core/Src/main.c:146:5: warning: braces around scalar initializer
  146 |     {{{0,0}, {1,0}, {1,1}, {2,1}}, {{1,0}, {0,1}, {1,1}, {0,2}},
      |     ^
../Core/Src/main.c:146:5: note: (near initialization for 'tetrominoShapes[4][1][0]')
../Core/Src/main.c:146:40: warning: excess elements in scalar initializer
  146 |     {{{0,0}, {1,0}, {1,1}, {2,1}}, {{1,0}, {0,1}, {1,1}, {0,2}},
      |                                        ^
../Core/Src/main.c:146:40: note: (near initialization for 'tetrominoShapes[4][1][0]')
../Core/Src/main.c:146:5: warning: braces around scalar initializer
  146 |     {{{0,0}, {1,0}, {1,1}, {2,1}}, {{1,0}, {0,1}, {1,1}, {0,2}},
      |     ^
../Core/Src/main.c:146:5: note: (near initialization for 'tetrominoShapes[4][1][1]')
../Core/Src/main.c:146:47: warning: excess elements in scalar initializer
  146 |     {{{0,0}, {1,0}, {1,1}, {2,1}}, {{1,0}, {0,1}, {1,1}, {0,2}},
      |                                               ^
../Core/Src/main.c:146:47: note: (near initialization for 'tetrominoShapes[4][1][1]')
../Core/Src/main.c:146:5: warning: braces around scalar initializer
  146 |     {{{0,0}, {1,0}, {1,1}, {2,1}}, {{1,0}, {0,1}, {1,1}, {0,2}},
      |     ^
../Core/Src/main.c:146:5: note: (near initialization for 'tetrominoShapes[4][1][2]')
../Core/Src/main.c:146:54: warning: excess elements in scalar initializer
  146 |     {{{0,0}, {1,0}, {1,1}, {2,1}}, {{1,0}, {0,1}, {1,1}, {0,2}},
      |                                                      ^
../Core/Src/main.c:146:54: note: (near initialization for 'tetrominoShapes[4][1][2]')
../Core/Src/main.c:146:5: warning: braces around scalar initializer
  146 |     {{{0,0}, {1,0}, {1,1}, {2,1}}, {{1,0}, {0,1}, {1,1}, {0,2}},
      |     ^
../Core/Src/main.c:146:5: note: (near initialization for 'tetrominoShapes[4][1][3]')
../Core/Src/main.c:146:61: warning: excess elements in scalar initializer
  146 |     {{{0,0}, {1,0}, {1,1}, {2,1}}, {{1,0}, {0,1}, {1,1}, {0,2}},
      |                                                             ^
../Core/Src/main.c:146:61: note: (near initialization for 'tetrominoShapes[4][1][3]')
../Core/Src/main.c:147:6: warning: braces around scalar initializer
  147 |      {{0,1}, {1,1}, {1,2}, {2,2}}, {{2,0}, {1,1}, {2,1}, {1,2}}},
      |      ^
../Core/Src/main.c:147:6: note: (near initialization for 'tetrominoShapes[4][2][0]')
../Core/Src/main.c:147:10: warning: excess elements in scalar initializer
  147 |      {{0,1}, {1,1}, {1,2}, {2,2}}, {{2,0}, {1,1}, {2,1}, {1,2}}},
      |          ^
../Core/Src/main.c:147:10: note: (near initialization for 'tetrominoShapes[4][2][0]')
../Core/Src/main.c:147:6: warning: braces around scalar initializer
  147 |      {{0,1}, {1,1}, {1,2}, {2,2}}, {{2,0}, {1,1}, {2,1}, {1,2}}},
      |      ^
../Core/Src/main.c:147:6: note: (near initialization for 'tetrominoShapes[4][2][1]')
../Core/Src/main.c:147:17: warning: excess elements in scalar initializer
  147 |      {{0,1}, {1,1}, {1,2}, {2,2}}, {{2,0}, {1,1}, {2,1}, {1,2}}},
      |                 ^
../Core/Src/main.c:147:17: note: (near initialization for 'tetrominoShapes[4][2][1]')
../Core/Src/main.c:147:6: warning: braces around scalar initializer
  147 |      {{0,1}, {1,1}, {1,2}, {2,2}}, {{2,0}, {1,1}, {2,1}, {1,2}}},
      |      ^
../Core/Src/main.c:147:6: note: (near initialization for 'tetrominoShapes[4][2][2]')
../Core/Src/main.c:147:24: warning: excess elements in scalar initializer
  147 |      {{0,1}, {1,1}, {1,2}, {2,2}}, {{2,0}, {1,1}, {2,1}, {1,2}}},
      |                        ^
../Core/Src/main.c:147:24: note: (near initialization for 'tetrominoShapes[4][2][2]')
../Core/Src/main.c:147:6: warning: braces around scalar initializer
  147 |      {{0,1}, {1,1}, {1,2}, {2,2}}, {{2,0}, {1,1}, {2,1}, {1,2}}},
      |      ^
../Core/Src/main.c:147:6: note: (near initialization for 'tetrominoShapes[4][2][3]')
../Core/Src/main.c:147:31: warning: excess elements in scalar initializer
  147 |      {{0,1}, {1,1}, {1,2}, {2,2}}, {{2,0}, {1,1}, {2,1}, {1,2}}},
      |                               ^
../Core/Src/main.c:147:31: note: (near initialization for 'tetrominoShapes[4][2][3]')
../Core/Src/main.c:147:6: warning: braces around scalar initializer
  147 |      {{0,1}, {1,1}, {1,2}, {2,2}}, {{2,0}, {1,1}, {2,1}, {1,2}}},
      |      ^
../Core/Src/main.c:147:6: note: (near initialization for 'tetrominoShapes[4][3][0]')
../Core/Src/main.c:147:40: warning: excess elements in scalar initializer
  147 |      {{0,1}, {1,1}, {1,2}, {2,2}}, {{2,0}, {1,1}, {2,1}, {1,2}}},
      |                                        ^
../Core/Src/main.c:147:40: note: (near initialization for 'tetrominoShapes[4][3][0]')
../Core/Src/main.c:147:6: warning: braces around scalar initializer
  147 |      {{0,1}, {1,1}, {1,2}, {2,2}}, {{2,0}, {1,1}, {2,1}, {1,2}}},
      |      ^
../Core/Src/main.c:147:6: note: (near initialization for 'tetrominoShapes[4][3][1]')
../Core/Src/main.c:147:47: warning: excess elements in scalar initializer
  147 |      {{0,1}, {1,1}, {1,2}, {2,2}}, {{2,0}, {1,1}, {2,1}, {1,2}}},
      |                                               ^
../Core/Src/main.c:147:47: note: (near initialization for 'tetrominoShapes[4][3][1]')
../Core/Src/main.c:147:6: warning: braces around scalar initializer
  147 |      {{0,1}, {1,1}, {1,2}, {2,2}}, {{2,0}, {1,1}, {2,1}, {1,2}}},
      |      ^
../Core/Src/main.c:147:6: note: (near initialization for 'tetrominoShapes[4][3][2]')
../Core/Src/main.c:147:54: warning: excess elements in scalar initializer
  147 |      {{0,1}, {1,1}, {1,2}, {2,2}}, {{2,0}, {1,1}, {2,1}, {1,2}}},
      |                                                      ^
../Core/Src/main.c:147:54: note: (near initialization for 'tetrominoShapes[4][3][2]')
../Core/Src/main.c:147:6: warning: braces around scalar initializer
  147 |      {{0,1}, {1,1}, {1,2}, {2,2}}, {{2,0}, {1,1}, {2,1}, {1,2}}},
      |      ^
../Core/Src/main.c:147:6: note: (near initialization for 'tetrominoShapes[4][3][3]')
../Core/Src/main.c:147:61: warning: excess elements in scalar initializer
  147 |      {{0,1}, {1,1}, {1,2}, {2,2}}, {{2,0}, {1,1}, {2,1}, {1,2}}},
      |                                                             ^
../Core/Src/main.c:147:61: note: (near initialization for 'tetrominoShapes[4][3][3]')
../Core/Src/main.c:149:5: warning: braces around scalar initializer
  149 |     {{{0,0}, {0,1}, {1,1}, {2,1}}, {{1,0}, {1,1}, {1,2}, {2,2}},
      |     ^
../Core/Src/main.c:149:5: note: (near initialization for 'tetrominoShapes[5][0][0]')
../Core/Src/main.c:149:10: warning: excess elements in scalar initializer
  149 |     {{{0,0}, {0,1}, {1,1}, {2,1}}, {{1,0}, {1,1}, {1,2}, {2,2}},
      |          ^
../Core/Src/main.c:149:10: note: (near initialization for 'tetrominoShapes[5][0][0]')
../Core/Src/main.c:149:5: warning: braces around scalar initializer
  149 |     {{{0,0}, {0,1}, {1,1}, {2,1}}, {{1,0}, {1,1}, {1,2}, {2,2}},
      |     ^
../Core/Src/main.c:149:5: note: (near initialization for 'tetrominoShapes[5][0][1]')
../Core/Src/main.c:149:17: warning: excess elements in scalar initializer
  149 |     {{{0,0}, {0,1}, {1,1}, {2,1}}, {{1,0}, {1,1}, {1,2}, {2,2}},
      |                 ^
../Core/Src/main.c:149:17: note: (near initialization for 'tetrominoShapes[5][0][1]')
../Core/Src/main.c:149:5: warning: braces around scalar initializer
  149 |     {{{0,0}, {0,1}, {1,1}, {2,1}}, {{1,0}, {1,1}, {1,2}, {2,2}},
      |     ^
../Core/Src/main.c:149:5: note: (near initialization for 'tetrominoShapes[5][0][2]')
../Core/Src/main.c:149:24: warning: excess elements in scalar initializer
  149 |     {{{0,0}, {0,1}, {1,1}, {2,1}}, {{1,0}, {1,1}, {1,2}, {2,2}},
      |                        ^
../Core/Src/main.c:149:24: note: (near initialization for 'tetrominoShapes[5][0][2]')
../Core/Src/main.c:149:5: warning: braces around scalar initializer
  149 |     {{{0,0}, {0,1}, {1,1}, {2,1}}, {{1,0}, {1,1}, {1,2}, {2,2}},
      |     ^
../Core/Src/main.c:149:5: note: (near initialization for 'tetrominoShapes[5][0][3]')
../Core/Src/main.c:149:31: warning: excess elements in scalar initializer
  149 |     {{{0,0}, {0,1}, {1,1}, {2,1}}, {{1,0}, {1,1}, {1,2}, {2,2}},
      |                               ^
../Core/Src/main.c:149:31: note: (near initialization for 'tetrominoShapes[5][0][3]')
../Core/Src/main.c:149:5: warning: braces around scalar initializer
  149 |     {{{0,0}, {0,1}, {1,1}, {2,1}}, {{1,0}, {1,1}, {1,2}, {2,2}},
      |     ^
../Core/Src/main.c:149:5: note: (near initialization for 'tetrominoShapes[5][1][0]')
../Core/Src/main.c:149:40: warning: excess elements in scalar initializer
  149 |     {{{0,0}, {0,1}, {1,1}, {2,1}}, {{1,0}, {1,1}, {1,2}, {2,2}},
      |                                        ^
../Core/Src/main.c:149:40: note: (near initialization for 'tetrominoShapes[5][1][0]')
../Core/Src/main.c:149:5: warning: braces around scalar initializer
  149 |     {{{0,0}, {0,1}, {1,1}, {2,1}}, {{1,0}, {1,1}, {1,2}, {2,2}},
      |     ^
../Core/Src/main.c:149:5: note: (near initialization for 'tetrominoShapes[5][1][1]')
../Core/Src/main.c:149:47: warning: excess elements in scalar initializer
  149 |     {{{0,0}, {0,1}, {1,1}, {2,1}}, {{1,0}, {1,1}, {1,2}, {2,2}},
      |                                               ^
../Core/Src/main.c:149:47: note: (near initialization for 'tetrominoShapes[5][1][1]')
../Core/Src/main.c:149:5: warning: braces around scalar initializer
  149 |     {{{0,0}, {0,1}, {1,1}, {2,1}}, {{1,0}, {1,1}, {1,2}, {2,2}},
      |     ^
../Core/Src/main.c:149:5: note: (near initialization for 'tetrominoShapes[5][1][2]')
../Core/Src/main.c:149:54: warning: excess elements in scalar initializer
  149 |     {{{0,0}, {0,1}, {1,1}, {2,1}}, {{1,0}, {1,1}, {1,2}, {2,2}},
      |                                                      ^
../Core/Src/main.c:149:54: note: (near initialization for 'tetrominoShapes[5][1][2]')
../Core/Src/main.c:149:5: warning: braces around scalar initializer
  149 |     {{{0,0}, {0,1}, {1,1}, {2,1}}, {{1,0}, {1,1}, {1,2}, {2,2}},
      |     ^
../Core/Src/main.c:149:5: note: (near initialization for 'tetrominoShapes[5][1][3]')
../Core/Src/main.c:149:61: warning: excess elements in scalar initializer
  149 |     {{{0,0}, {0,1}, {1,1}, {2,1}}, {{1,0}, {1,1}, {1,2}, {2,2}},
      |                                                             ^
../Core/Src/main.c:149:61: note: (near initialization for 'tetrominoShapes[5][1][3]')
../Core/Src/main.c:150:6: warning: braces around scalar initializer
  150 |      {{0,1}, {1,1}, {2,1}, {2,2}}, {{0,0}, {1,0}, {1,1}, {1,2}}},
      |      ^
../Core/Src/main.c:150:6: note: (near initialization for 'tetrominoShapes[5][2][0]')
../Core/Src/main.c:150:10: warning: excess elements in scalar initializer
  150 |      {{0,1}, {1,1}, {2,1}, {2,2}}, {{0,0}, {1,0}, {1,1}, {1,2}}},
      |          ^
../Core/Src/main.c:150:10: note: (near initialization for 'tetrominoShapes[5][2][0]')
../Core/Src/main.c:150:6: warning: braces around scalar initializer
  150 |      {{0,1}, {1,1}, {2,1}, {2,2}}, {{0,0}, {1,0}, {1,1}, {1,2}}},
      |      ^
../Core/Src/main.c:150:6: note: (near initialization for 'tetrominoShapes[5][2][1]')
../Core/Src/main.c:150:17: warning: excess elements in scalar initializer
  150 |      {{0,1}, {1,1}, {2,1}, {2,2}}, {{0,0}, {1,0}, {1,1}, {1,2}}},
      |                 ^
../Core/Src/main.c:150:17: note: (near initialization for 'tetrominoShapes[5][2][1]')
../Core/Src/main.c:150:6: warning: braces around scalar initializer
  150 |      {{0,1}, {1,1}, {2,1}, {2,2}}, {{0,0}, {1,0}, {1,1}, {1,2}}},
      |      ^
../Core/Src/main.c:150:6: note: (near initialization for 'tetrominoShapes[5][2][2]')
../Core/Src/main.c:150:24: warning: excess elements in scalar initializer
  150 |      {{0,1}, {1,1}, {2,1}, {2,2}}, {{0,0}, {1,0}, {1,1}, {1,2}}},
      |                        ^
../Core/Src/main.c:150:24: note: (near initialization for 'tetrominoShapes[5][2][2]')
../Core/Src/main.c:150:6: warning: braces around scalar initializer
  150 |      {{0,1}, {1,1}, {2,1}, {2,2}}, {{0,0}, {1,0}, {1,1}, {1,2}}},
      |      ^
../Core/Src/main.c:150:6: note: (near initialization for 'tetrominoShapes[5][2][3]')
../Core/Src/main.c:150:31: warning: excess elements in scalar initializer
  150 |      {{0,1}, {1,1}, {2,1}, {2,2}}, {{0,0}, {1,0}, {1,1}, {1,2}}},
      |                               ^
../Core/Src/main.c:150:31: note: (near initialization for 'tetrominoShapes[5][2][3]')
../Core/Src/main.c:150:6: warning: braces around scalar initializer
  150 |      {{0,1}, {1,1}, {2,1}, {2,2}}, {{0,0}, {1,0}, {1,1}, {1,2}}},
      |      ^
../Core/Src/main.c:150:6: note: (near initialization for 'tetrominoShapes[5][3][0]')
../Core/Src/main.c:150:40: warning: excess elements in scalar initializer
  150 |      {{0,1}, {1,1}, {2,1}, {2,2}}, {{0,0}, {1,0}, {1,1}, {1,2}}},
      |                                        ^
../Core/Src/main.c:150:40: note: (near initialization for 'tetrominoShapes[5][3][0]')
../Core/Src/main.c:150:6: warning: braces around scalar initializer
  150 |      {{0,1}, {1,1}, {2,1}, {2,2}}, {{0,0}, {1,0}, {1,1}, {1,2}}},
      |      ^
../Core/Src/main.c:150:6: note: (near initialization for 'tetrominoShapes[5][3][1]')
../Core/Src/main.c:150:47: warning: excess elements in scalar initializer
  150 |      {{0,1}, {1,1}, {2,1}, {2,2}}, {{0,0}, {1,0}, {1,1}, {1,2}}},
      |                                               ^
../Core/Src/main.c:150:47: note: (near initialization for 'tetrominoShapes[5][3][1]')
../Core/Src/main.c:150:6: warning: braces around scalar initializer
  150 |      {{0,1}, {1,1}, {2,1}, {2,2}}, {{0,0}, {1,0}, {1,1}, {1,2}}},
      |      ^
../Core/Src/main.c:150:6: note: (near initialization for 'tetrominoShapes[5][3][2]')
../Core/Src/main.c:150:54: warning: excess elements in scalar initializer
  150 |      {{0,1}, {1,1}, {2,1}, {2,2}}, {{0,0}, {1,0}, {1,1}, {1,2}}},
      |                                                      ^
../Core/Src/main.c:150:54: note: (near initialization for 'tetrominoShapes[5][3][2]')
../Core/Src/main.c:150:6: warning: braces around scalar initializer
  150 |      {{0,1}, {1,1}, {2,1}, {2,2}}, {{0,0}, {1,0}, {1,1}, {1,2}}},
      |      ^
../Core/Src/main.c:150:6: note: (near initialization for 'tetrominoShapes[5][3][3]')
../Core/Src/main.c:150:61: warning: excess elements in scalar initializer
  150 |      {{0,1}, {1,1}, {2,1}, {2,2}}, {{0,0}, {1,0}, {1,1}, {1,2}}},
      |                                                             ^
../Core/Src/main.c:150:61: note: (near initialization for 'tetrominoShapes[5][3][3]')
../Core/Src/main.c:152:5: warning: braces around scalar initializer
  152 |     {{{2,0}, {0,1}, {1,1}, {2,1}}, {{0,0}, {1,0}, {1,1}, {1,2}},
      |     ^
../Core/Src/main.c:152:5: note: (near initialization for 'tetrominoShapes[6][0][0]')
../Core/Src/main.c:152:10: warning: excess elements in scalar initializer
  152 |     {{{2,0}, {0,1}, {1,1}, {2,1}}, {{0,0}, {1,0}, {1,1}, {1,2}},
      |          ^
../Core/Src/main.c:152:10: note: (near initialization for 'tetrominoShapes[6][0][0]')
../Core/Src/main.c:152:5: warning: braces around scalar initializer
  152 |     {{{2,0}, {0,1}, {1,1}, {2,1}}, {{0,0}, {1,0}, {1,1}, {1,2}},
      |     ^
../Core/Src/main.c:152:5: note: (near initialization for 'tetrominoShapes[6][0][1]')
../Core/Src/main.c:152:17: warning: excess elements in scalar initializer
  152 |     {{{2,0}, {0,1}, {1,1}, {2,1}}, {{0,0}, {1,0}, {1,1}, {1,2}},
      |                 ^
../Core/Src/main.c:152:17: note: (near initialization for 'tetrominoShapes[6][0][1]')
../Core/Src/main.c:152:5: warning: braces around scalar initializer
  152 |     {{{2,0}, {0,1}, {1,1}, {2,1}}, {{0,0}, {1,0}, {1,1}, {1,2}},
      |     ^
../Core/Src/main.c:152:5: note: (near initialization for 'tetrominoShapes[6][0][2]')
../Core/Src/main.c:152:24: warning: excess elements in scalar initializer
  152 |     {{{2,0}, {0,1}, {1,1}, {2,1}}, {{0,0}, {1,0}, {1,1}, {1,2}},
      |                        ^
../Core/Src/main.c:152:24: note: (near initialization for 'tetrominoShapes[6][0][2]')
../Core/Src/main.c:152:5: warning: braces around scalar initializer
  152 |     {{{2,0}, {0,1}, {1,1}, {2,1}}, {{0,0}, {1,0}, {1,1}, {1,2}},
      |     ^
../Core/Src/main.c:152:5: note: (near initialization for 'tetrominoShapes[6][0][3]')
../Core/Src/main.c:152:31: warning: excess elements in scalar initializer
  152 |     {{{2,0}, {0,1}, {1,1}, {2,1}}, {{0,0}, {1,0}, {1,1}, {1,2}},
      |                               ^
../Core/Src/main.c:152:31: note: (near initialization for 'tetrominoShapes[6][0][3]')
../Core/Src/main.c:152:5: warning: braces around scalar initializer
  152 |     {{{2,0}, {0,1}, {1,1}, {2,1}}, {{0,0}, {1,0}, {1,1}, {1,2}},
      |     ^
../Core/Src/main.c:152:5: note: (near initialization for 'tetrominoShapes[6][1][0]')
../Core/Src/main.c:152:40: warning: excess elements in scalar initializer
  152 |     {{{2,0}, {0,1}, {1,1}, {2,1}}, {{0,0}, {1,0}, {1,1}, {1,2}},
      |                                        ^
../Core/Src/main.c:152:40: note: (near initialization for 'tetrominoShapes[6][1][0]')
../Core/Src/main.c:152:5: warning: braces around scalar initializer
  152 |     {{{2,0}, {0,1}, {1,1}, {2,1}}, {{0,0}, {1,0}, {1,1}, {1,2}},
      |     ^
../Core/Src/main.c:152:5: note: (near initialization for 'tetrominoShapes[6][1][1]')
../Core/Src/main.c:152:47: warning: excess elements in scalar initializer
  152 |     {{{2,0}, {0,1}, {1,1}, {2,1}}, {{0,0}, {1,0}, {1,1}, {1,2}},
      |                                               ^
../Core/Src/main.c:152:47: note: (near initialization for 'tetrominoShapes[6][1][1]')
../Core/Src/main.c:152:5: warning: braces around scalar initializer
  152 |     {{{2,0}, {0,1}, {1,1}, {2,1}}, {{0,0}, {1,0}, {1,1}, {1,2}},
      |     ^
../Core/Src/main.c:152:5: note: (near initialization for 'tetrominoShapes[6][1][2]')
../Core/Src/main.c:152:54: warning: excess elements in scalar initializer
  152 |     {{{2,0}, {0,1}, {1,1}, {2,1}}, {{0,0}, {1,0}, {1,1}, {1,2}},
      |                                                      ^
../Core/Src/main.c:152:54: note: (near initialization for 'tetrominoShapes[6][1][2]')
../Core/Src/main.c:152:5: warning: braces around scalar initializer
  152 |     {{{2,0}, {0,1}, {1,1}, {2,1}}, {{0,0}, {1,0}, {1,1}, {1,2}},
      |     ^
../Core/Src/main.c:152:5: note: (near initialization for 'tetrominoShapes[6][1][3]')
../Core/Src/main.c:152:61: warning: excess elements in scalar initializer
  152 |     {{{2,0}, {0,1}, {1,1}, {2,1}}, {{0,0}, {1,0}, {1,1}, {1,2}},
      |                                                             ^
../Core/Src/main.c:152:61: note: (near initialization for 'tetrominoShapes[6][1][3]')
../Core/Src/main.c:153:6: warning: braces around scalar initializer
  153 |      {{0,1}, {1,1}, {2,1}, {0,2}}, {{1,0}, {1,1}, {1,2}, {2,0}}}
      |      ^
../Core/Src/main.c:153:6: note: (near initialization for 'tetrominoShapes[6][2][0]')
../Core/Src/main.c:153:10: warning: excess elements in scalar initializer
  153 |      {{0,1}, {1,1}, {2,1}, {0,2}}, {{1,0}, {1,1}, {1,2}, {2,0}}}
      |          ^
../Core/Src/main.c:153:10: note: (near initialization for 'tetrominoShapes[6][2][0]')
../Core/Src/main.c:153:6: warning: braces around scalar initializer
  153 |      {{0,1}, {1,1}, {2,1}, {0,2}}, {{1,0}, {1,1}, {1,2}, {2,0}}}
      |      ^
../Core/Src/main.c:153:6: note: (near initialization for 'tetrominoShapes[6][2][1]')
../Core/Src/main.c:153:17: warning: excess elements in scalar initializer
  153 |      {{0,1}, {1,1}, {2,1}, {0,2}}, {{1,0}, {1,1}, {1,2}, {2,0}}}
      |                 ^
../Core/Src/main.c:153:17: note: (near initialization for 'tetrominoShapes[6][2][1]')
../Core/Src/main.c:153:6: warning: braces around scalar initializer
  153 |      {{0,1}, {1,1}, {2,1}, {0,2}}, {{1,0}, {1,1}, {1,2}, {2,0}}}
      |      ^
../Core/Src/main.c:153:6: note: (near initialization for 'tetrominoShapes[6][2][2]')
../Core/Src/main.c:153:24: warning: excess elements in scalar initializer
  153 |      {{0,1}, {1,1}, {2,1}, {0,2}}, {{1,0}, {1,1}, {1,2}, {2,0}}}
      |                        ^
../Core/Src/main.c:153:24: note: (near initialization for 'tetrominoShapes[6][2][2]')
../Core/Src/main.c:153:6: warning: braces around scalar initializer
  153 |      {{0,1}, {1,1}, {2,1}, {0,2}}, {{1,0}, {1,1}, {1,2}, {2,0}}}
      |      ^
../Core/Src/main.c:153:6: note: (near initialization for 'tetrominoShapes[6][2][3]')
../Core/Src/main.c:153:31: warning: excess elements in scalar initializer
  153 |      {{0,1}, {1,1}, {2,1}, {0,2}}, {{1,0}, {1,1}, {1,2}, {2,0}}}
      |                               ^
../Core/Src/main.c:153:31: note: (near initialization for 'tetrominoShapes[6][2][3]')
../Core/Src/main.c:153:6: warning: braces around scalar initializer
  153 |      {{0,1}, {1,1}, {2,1}, {0,2}}, {{1,0}, {1,1}, {1,2}, {2,0}}}
      |      ^
../Core/Src/main.c:153:6: note: (near initialization for 'tetrominoShapes[6][3][0]')
../Core/Src/main.c:153:40: warning: excess elements in scalar initializer
  153 |      {{0,1}, {1,1}, {2,1}, {0,2}}, {{1,0}, {1,1}, {1,2}, {2,0}}}
      |                                        ^
../Core/Src/main.c:153:40: note: (near initialization for 'tetrominoShapes[6][3][0]')
../Core/Src/main.c:153:6: warning: braces around scalar initializer
  153 |      {{0,1}, {1,1}, {2,1}, {0,2}}, {{1,0}, {1,1}, {1,2}, {2,0}}}
      |      ^
../Core/Src/main.c:153:6: note: (near initialization for 'tetrominoShapes[6][3][1]')
../Core/Src/main.c:153:47: warning: excess elements in scalar initializer
  153 |      {{0,1}, {1,1}, {2,1}, {0,2}}, {{1,0}, {1,1}, {1,2}, {2,0}}}
      |                                               ^
../Core/Src/main.c:153:47: note: (near initialization for 'tetrominoShapes[6][3][1]')
../Core/Src/main.c:153:6: warning: braces around scalar initializer
  153 |      {{0,1}, {1,1}, {2,1}, {0,2}}, {{1,0}, {1,1}, {1,2}, {2,0}}}
      |      ^
../Core/Src/main.c:153:6: note: (near initialization for 'tetrominoShapes[6][3][2]')
../Core/Src/main.c:153:54: warning: excess elements in scalar initializer
  153 |      {{0,1}, {1,1}, {2,1}, {0,2}}, {{1,0}, {1,1}, {1,2}, {2,0}}}
      |                                                      ^
../Core/Src/main.c:153:54: note: (near initialization for 'tetrominoShapes[6][3][2]')
../Core/Src/main.c:153:6: warning: braces around scalar initializer
  153 |      {{0,1}, {1,1}, {2,1}, {0,2}}, {{1,0}, {1,1}, {1,2}, {2,0}}}
      |      ^
../Core/Src/main.c:153:6: note: (near initialization for 'tetrominoShapes[6][3][3]')
../Core/Src/main.c:153:61: warning: excess elements in scalar initializer
  153 |      {{0,1}, {1,1}, {2,1}, {0,2}}, {{1,0}, {1,1}, {1,2}, {2,0}}}
      |                                                             ^
../Core/Src/main.c:153:61: note: (near initialization for 'tetrominoShapes[6][3][3]')
../Core/Src/main.c:72:17: error: 'ST7735_PURPLE' undeclared here (not in a function); did you mean 'ST7735_NOP'?
   72 | #define T_COLOR ST7735_PURPLE
      |                 ^~~~~~~~~~~~~
../Core/Src/main.c:157:52: note: in expansion of macro 'T_COLOR'
  157 | const uint16_t pieceColors[7] = {I_COLOR, O_COLOR, T_COLOR, S_COLOR, Z_COLOR, J_COLOR, L_COLOR};
      |                                                    ^~~~~~~
../Core/Src/main.c:76:17: error: 'ST7735_ORANGE' undeclared here (not in a function); did you mean 'ST7735_RAMRD'?
   76 | #define L_COLOR ST7735_ORANGE
      |                 ^~~~~~~~~~~~~
../Core/Src/main.c:157:88: note: in expansion of macro 'L_COLOR'
  157 | const uint16_t pieceColors[7] = {I_COLOR, O_COLOR, T_COLOR, S_COLOR, Z_COLOR, J_COLOR, L_COLOR};
      |                                                                                        ^~~~~~~
../Core/Src/main.c: In function 'placePiece':
../Core/Src/main.c:431:21: warning: implicit declaration of function 'clearLines' [-Wimplicit-function-declaration]
  431 |     uint8_t lines = clearLines();
      |                     ^~~~~~~~~~
../Core/Src/main.c: At top level:
../Core/Src/main.c:453:9: error: conflicting types for 'clearLines'
  453 | uint8_t clearLines() {
      |         ^~~~~~~~~~
../Core/Src/main.c:431:21: note: previous implicit declaration of 'clearLines' was here
  431 |     uint8_t lines = clearLines();
      |                     ^~~~~~~~~~
make: *** [Core/Src/subdir.mk:40: Core/Src/main.o] Error 1
"make -j16 all" terminated with exit code 2. Build might be incomplete.
03:00:55 **** Incremental Build of configuration Debug for project task2 ****
make -j16 all 
arm-none-eabi-gcc "../Core/Src/main.c" -mcpu=cortex-m4 -std=gnu11 -g3 -DDEBUG -DUSE_HAL_DRIVER -DSTM32F401xC -c -I../Core/Inc -I../Drivers/STM32F4xx_HAL_Driver/Inc -I../Drivers/STM32F4xx_HAL_Driver/Inc/Legacy -I../Drivers/CMSIS/Device/ST/STM32F4xx/Include -I../Drivers/CMSIS/Include -O0 -ffunction-sections -fdata-sections -Wall -fstack-usage -MMD -MP -MF"Core/Src/main.d" -MT"Core/Src/main.o" --specs=nano.specs -mfpu=fpv4-sp-d16 -mfloat-abi=hard -mthumb -o "Core/Src/main.o"
../Core/Src/main.c:212:5: error: 'ST7735_PURPLE' undeclared here (not in a function); did you mean 'ST7735_NOP'?
  212 |     ST7735_PURPLE, // T
      |     ^~~~~~~~~~~~~
      |     ST7735_NOP
../Core/Src/main.c:216:5: error: 'ST7735_ORANGE' undeclared here (not in a function); did you mean 'ST7735_RAMRD'?
  216 |     ST7735_ORANGE  // L
      |     ^~~~~~~~~~~~~
      |     ST7735_RAMRD
make: *** [Core/Src/subdir.mk:40: Core/Src/main.o] Error 1
"make -j16 all" terminated with exit code 2. Build might be incomplete.
03:04:49 **** Incremental Build of configuration Debug for project task2 ****
make -j16 all 
arm-none-eabi-gcc "../Core/Src/main.c" -mcpu=cortex-m4 -std=gnu11 -g3 -DDEBUG -DUSE_HAL_DRIVER -DSTM32F401xC -c -I../Core/Inc -I../Drivers/STM32F4xx_HAL_Driver/Inc -I../Drivers/STM32F4xx_HAL_Driver/Inc/Legacy -I../Drivers/CMSIS/Device/ST/STM32F4xx/Include -I../Drivers/CMSIS/Include -O0 -ffunction-sections -fdata-sections -Wall -fstack-usage -MMD -MP -MF"Core/Src/main.d" -MT"Core/Src/main.o" --specs=nano.specs -mfpu=fpv4-sp-d16 -mfloat-abi=hard -mthumb -o "Core/Src/main.o"
arm-none-eabi-gcc -o "task2.elf" @"objects.list"   -mcpu=cortex-m4 -T"C:\Users\LaL\STM32CubeIDE\workspace_1.10.1\task2\task2\STM32F401CCUX_FLASH.ld" --specs=nosys.specs -Wl,-Map="task2.map" -Wl,--gc-sections -static --specs=nano.specs -mfpu=fpv4-sp-d16 -mfloat-abi=hard -mthumb -Wl,--start-group -lc -lm -Wl,--end-group
Finished building target: task2.elf
 
arm-none-eabi-size   task2.elf 
arm-none-eabi-objdump -h -S  task2.elf  > "task2.list"
   text	   data	    bss	    dec	    hex	filename
  27932	    136	   2248	  30316	   766c	task2.elf
Finished building: default.size.stdout
 
Finished building: task2.list
 
03:20:28 **** Incremental Build of configuration Debug for project task2 ****
make -j16 all 
arm-none-eabi-gcc "../Core/Src/main.c" -mcpu=cortex-m4 -std=gnu11 -g3 -DDEBUG -DUSE_HAL_DRIVER -DSTM32F401xC -c -I../Core/Inc -I../Drivers/STM32F4xx_HAL_Driver/Inc -I../Drivers/STM32F4xx_HAL_Driver/Inc/Legacy -I../Drivers/CMSIS/Device/ST/STM32F4xx/Include -I../Drivers/CMSIS/Include -O0 -ffunction-sections -fdata-sections -Wall -fstack-usage -MMD -MP -MF"Core/Src/main.d" -MT"Core/Src/main.o" --specs=nano.specs -mfpu=fpv4-sp-d16 -mfloat-abi=hard -mthumb -o "Core/Src/main.o"
arm-none-eabi-gcc -o "task2.elf" @"objects.list"   -mcpu=cortex-m4 -T"C:\Users\LaL\STM32CubeIDE\workspace_1.10.1\task2\task2\STM32F401CCUX_FLASH.ld" --specs=nosys.specs -Wl,-Map="task2.map" -Wl,--gc-sections -static --specs=nano.specs -mfpu=fpv4-sp-d16 -mfloat-abi=hard -mthumb -Wl,--start-group -lc -lm -Wl,--end-group
Finished building target: task2.elf
 
arm-none-eabi-size   task2.elf 
arm-none-eabi-objdump -h -S  task2.elf  > "task2.list"
   text	   data	    bss	    dec	    hex	filename
  27792	    136	   2248	  30176	   75e0	task2.elf
Finished building: default.size.stdout
 
Finished building: task2.list
 
03:21:35 **** Incremental Build of configuration Debug for project task2 ****
make -j16 all 
arm-none-eabi-gcc "../Core/Src/main.c" -mcpu=cortex-m4 -std=gnu11 -g3 -DDEBUG -DUSE_HAL_DRIVER -DSTM32F401xC -c -I../Core/Inc -I../Drivers/STM32F4xx_HAL_Driver/Inc -I../Drivers/STM32F4xx_HAL_Driver/Inc/Legacy -I../Drivers/CMSIS/Device/ST/STM32F4xx/Include -I../Drivers/CMSIS/Include -O0 -ffunction-sections -fdata-sections -Wall -fstack-usage -MMD -MP -MF"Core/Src/main.d" -MT"Core/Src/main.o" --specs=nano.specs -mfpu=fpv4-sp-d16 -mfloat-abi=hard -mthumb -o "Core/Src/main.o"
arm-none-eabi-gcc -o "task2.elf" @"objects.list"   -mcpu=cortex-m4 -T"C:\Users\LaL\STM32CubeIDE\workspace_1.10.1\task2\task2\STM32F401CCUX_FLASH.ld" --specs=nosys.specs -Wl,-Map="task2.map" -Wl,--gc-sections -static --specs=nano.specs -mfpu=fpv4-sp-d16 -mfloat-abi=hard -mthumb -Wl,--start-group -lc -lm -Wl,--end-group
Finished building target: task2.elf
 
arm-none-eabi-size   task2.elf 
arm-none-eabi-objdump -h -S  task2.elf  > "task2.list"
   text	   data	    bss	    dec	    hex	filename
  27932	    136	   2248	  30316	   766c	task2.elf
Finished building: default.size.stdout
 
Finished building: task2.list
 
03:31:35 **** Incremental Build of configuration Debug for project task2 ****
make -j16 all 
arm-none-eabi-gcc "../Core/Src/main.c" -mcpu=cortex-m4 -std=gnu11 -g3 -DDEBUG -DUSE_HAL_DRIVER -DSTM32F401xC -c -I../Core/Inc -I../Drivers/STM32F4xx_HAL_Driver/Inc -I../Drivers/STM32F4xx_HAL_Driver/Inc/Legacy -I../Drivers/CMSIS/Device/ST/STM32F4xx/Include -I../Drivers/CMSIS/Include -O0 -ffunction-sections -fdata-sections -Wall -fstack-usage -MMD -MP -MF"Core/Src/main.d" -MT"Core/Src/main.o" --specs=nano.specs -mfpu=fpv4-sp-d16 -mfloat-abi=hard -mthumb -o "Core/Src/main.o"
arm-none-eabi-gcc -o "task2.elf" @"objects.list"   -mcpu=cortex-m4 -T"C:\Users\LaL\STM32CubeIDE\workspace_1.10.1\task2\task2\STM32F401CCUX_FLASH.ld" --specs=nosys.specs -Wl,-Map="task2.map" -Wl,--gc-sections -static --specs=nano.specs -mfpu=fpv4-sp-d16 -mfloat-abi=hard -mthumb -Wl,--start-group -lc -lm -Wl,--end-group
Finished building target: task2.elf
 
arm-none-eabi-size   task2.elf 
arm-none-eabi-objdump -h -S  task2.elf  > "task2.list"
   text	   data	    bss	    dec	    hex	filename
  27812	    136	   2552	  30500	   7724	task2.elf
Finished building: default.size.stdout
 
Finished building: task2.list
 
03:40:07 **** Incremental Build of configuration Debug for project task2 ****
make -j16 all 
arm-none-eabi-gcc "../Core/Src/main.c" -mcpu=cortex-m4 -std=gnu11 -g3 -DDEBUG -DUSE_HAL_DRIVER -DSTM32F401xC -c -I../Core/Inc -I../Drivers/STM32F4xx_HAL_Driver/Inc -I../Drivers/STM32F4xx_HAL_Driver/Inc/Legacy -I../Drivers/CMSIS/Device/ST/STM32F4xx/Include -I../Drivers/CMSIS/Include -O0 -ffunction-sections -fdata-sections -Wall -fstack-usage -MMD -MP -MF"Core/Src/main.d" -MT"Core/Src/main.o" --specs=nano.specs -mfpu=fpv4-sp-d16 -mfloat-abi=hard -mthumb -o "Core/Src/main.o"
arm-none-eabi-gcc -o "task2.elf" @"objects.list"   -mcpu=cortex-m4 -T"C:\Users\LaL\STM32CubeIDE\workspace_1.10.1\task2\task2\STM32F401CCUX_FLASH.ld" --specs=nosys.specs -Wl,-Map="task2.map" -Wl,--gc-sections -static --specs=nano.specs -mfpu=fpv4-sp-d16 -mfloat-abi=hard -mthumb -Wl,--start-group -lc -lm -Wl,--end-group
Finished building target: task2.elf
 
arm-none-eabi-size   task2.elf 
arm-none-eabi-objdump -h -S  task2.elf  > "task2.list"
   text	   data	    bss	    dec	    hex	filename
  28164	    136	   2248	  30548	   7754	task2.elf
Finished building: default.size.stdout
 
Finished building: task2.list
 
03:41:05 **** Incremental Build of configuration Debug for project task2 ****
make -j16 all 
arm-none-eabi-gcc "../Core/Src/main.c" -mcpu=cortex-m4 -std=gnu11 -g3 -DDEBUG -DUSE_HAL_DRIVER -DSTM32F401xC -c -I../Core/Inc -I../Drivers/STM32F4xx_HAL_Driver/Inc -I../Drivers/STM32F4xx_HAL_Driver/Inc/Legacy -I../Drivers/CMSIS/Device/ST/STM32F4xx/Include -I../Drivers/CMSIS/Include -O0 -ffunction-sections -fdata-sections -Wall -fstack-usage -MMD -MP -MF"Core/Src/main.d" -MT"Core/Src/main.o" --specs=nano.specs -mfpu=fpv4-sp-d16 -mfloat-abi=hard -mthumb -o "Core/Src/main.o"
../Core/Src/main.c:491:6: error: redefinition of 'input'
  491 | void input() {
      |      ^~~~~
../Core/Src/main.c:354:6: note: previous definition of 'input' was here
  354 | void input() {
      |      ^~~~~
make: *** [Core/Src/subdir.mk:40: Core/Src/main.o] Error 1
"make -j16 all" terminated with exit code 2. Build might be incomplete.
03:42:12 **** Incremental Build of configuration Debug for project task2 ****
make -j16 all 
arm-none-eabi-gcc "../Core/Src/main.c" -mcpu=cortex-m4 -std=gnu11 -g3 -DDEBUG -DUSE_HAL_DRIVER -DSTM32F401xC -c -I../Core/Inc -I../Drivers/STM32F4xx_HAL_Driver/Inc -I../Drivers/STM32F4xx_HAL_Driver/Inc/Legacy -I../Drivers/CMSIS/Device/ST/STM32F4xx/Include -I../Drivers/CMSIS/Include -O0 -ffunction-sections -fdata-sections -Wall -fstack-usage -MMD -MP -MF"Core/Src/main.d" -MT"Core/Src/main.o" --specs=nano.specs -mfpu=fpv4-sp-d16 -mfloat-abi=hard -mthumb -o "Core/Src/main.o"
arm-none-eabi-gcc -o "task2.elf" @"objects.list"   -mcpu=cortex-m4 -T"C:\Users\LaL\STM32CubeIDE\workspace_1.10.1\task2\task2\STM32F401CCUX_FLASH.ld" --specs=nosys.specs -Wl,-Map="task2.map" -Wl,--gc-sections -static --specs=nano.specs -mfpu=fpv4-sp-d16 -mfloat-abi=hard -mthumb -Wl,--start-group -lc -lm -Wl,--end-group
Finished building target: task2.elf
 
arm-none-eabi-size   task2.elf 
arm-none-eabi-objdump -h -S  task2.elf  > "task2.list"
   text	   data	    bss	    dec	    hex	filename
  27932	    136	   2248	  30316	   766c	task2.elf
Finished building: default.size.stdout
 
Finished building: task2.list
 
03:44:02 **** Incremental Build of configuration Debug for project task2 ****
make -j16 all 
arm-none-eabi-gcc "../Core/Src/main.c" -mcpu=cortex-m4 -std=gnu11 -g3 -DDEBUG -DUSE_HAL_DRIVER -DSTM32F401xC -c -I../Core/Inc -I../Drivers/STM32F4xx_HAL_Driver/Inc -I../Drivers/STM32F4xx_HAL_Driver/Inc/Legacy -I../Drivers/CMSIS/Device/ST/STM32F4xx/Include -I../Drivers/CMSIS/Include -O0 -ffunction-sections -fdata-sections -Wall -fstack-usage -MMD -MP -MF"Core/Src/main.d" -MT"Core/Src/main.o" --specs=nano.specs -mfpu=fpv4-sp-d16 -mfloat-abi=hard -mthumb -o "Core/Src/main.o"
../Core/Src/main.c: In function 'input':
../Core/Src/main.c:380:10: warning: implicit declaration of function 'rotate_piece'; did you mean 'place_piece'? [-Wimplicit-function-declaration]
  380 |          rotate_piece();
      |          ^~~~~~~~~~~~
      |          place_piece
../Core/Src/main.c: At top level:
../Core/Src/main.c:463:6: warning: conflicting types for 'rotate_piece'
  463 | void rotate_piece() {
      |      ^~~~~~~~~~~~
../Core/Src/main.c:380:10: note: previous implicit declaration of 'rotate_piece' was here
  380 |          rotate_piece();
      |          ^~~~~~~~~~~~
arm-none-eabi-gcc -o "task2.elf" @"objects.list"   -mcpu=cortex-m4 -T"C:\Users\LaL\STM32CubeIDE\workspace_1.10.1\task2\task2\STM32F401CCUX_FLASH.ld" --specs=nosys.specs -Wl,-Map="task2.map" -Wl,--gc-sections -static --specs=nano.specs -mfpu=fpv4-sp-d16 -mfloat-abi=hard -mthumb -Wl,--start-group -lc -lm -Wl,--end-group
Finished building target: task2.elf
 
arm-none-eabi-size   task2.elf 
arm-none-eabi-objdump -h -S  task2.elf  > "task2.list"
   text	   data	    bss	    dec	    hex	filename
  28208	    136	   2248	  30592	   7780	task2.elf
Finished building: default.size.stdout
 
Finished building: task2.list
 
03:45:17 **** Incremental Build of configuration Debug for project task2 ****
make -j16 all 
arm-none-eabi-gcc "../Core/Src/main.c" -mcpu=cortex-m4 -std=gnu11 -g3 -DDEBUG -DUSE_HAL_DRIVER -DSTM32F401xC -c -I../Core/Inc -I../Drivers/STM32F4xx_HAL_Driver/Inc -I../Drivers/STM32F4xx_HAL_Driver/Inc/Legacy -I../Drivers/CMSIS/Device/ST/STM32F4xx/Include -I../Drivers/CMSIS/Include -O0 -ffunction-sections -fdata-sections -Wall -fstack-usage -MMD -MP -MF"Core/Src/main.d" -MT"Core/Src/main.o" --specs=nano.specs -mfpu=fpv4-sp-d16 -mfloat-abi=hard -mthumb -o "Core/Src/main.o"
../Core/Src/main.c: In function 'input':
../Core/Src/main.c:393:9: error: redefinition of 'k'
  393 |     int k = 0;
      |         ^
../Core/Src/main.c:355:9: note: previous definition of 'k' was here
  355 |     int k = 0;
      |         ^
../Core/Src/main.c:418:13: warning: implicit declaration of function 'rotate_piece'; did you mean 'place_piece'? [-Wimplicit-function-declaration]
  418 |             rotate_piece();
      |             ^~~~~~~~~~~~
      |             place_piece
../Core/Src/main.c: At top level:
../Core/Src/main.c:501:6: warning: conflicting types for 'rotate_piece'
  501 | void rotate_piece() {
      |      ^~~~~~~~~~~~
../Core/Src/main.c:418:13: note: previous implicit declaration of 'rotate_piece' was here
  418 |             rotate_piece();
      |             ^~~~~~~~~~~~
make: *** [Core/Src/subdir.mk:40: Core/Src/main.o] Error 1
"make -j16 all" terminated with exit code 2. Build might be incomplete.
03:46:07 **** Incremental Build of configuration Debug for project task2 ****
make -j16 all 
arm-none-eabi-gcc "../Core/Src/main.c" -mcpu=cortex-m4 -std=gnu11 -g3 -DDEBUG -DUSE_HAL_DRIVER -DSTM32F401xC -c -I../Core/Inc -I../Drivers/STM32F4xx_HAL_Driver/Inc -I../Drivers/STM32F4xx_HAL_Driver/Inc/Legacy -I../Drivers/CMSIS/Device/ST/STM32F4xx/Include -I../Drivers/CMSIS/Include -O0 -ffunction-sections -fdata-sections -Wall -fstack-usage -MMD -MP -MF"Core/Src/main.d" -MT"Core/Src/main.o" --specs=nano.specs -mfpu=fpv4-sp-d16 -mfloat-abi=hard -mthumb -o "Core/Src/main.o"
../Core/Src/main.c: In function 'infput':
../Core/Src/main.c:393:9: error: redefinition of 'k'
  393 |     int k = 0;
      |         ^
../Core/Src/main.c:355:9: note: previous definition of 'k' was here
  355 |     int k = 0;
      |         ^
../Core/Src/main.c:418:13: warning: implicit declaration of function 'rotate_piece'; did you mean 'place_piece'? [-Wimplicit-function-declaration]
  418 |             rotate_piece();
      |             ^~~~~~~~~~~~
      |             place_piece
../Core/Src/main.c: In function 'main':
../Core/Src/main.c:489:5: warning: implicit declaration of function 'input'; did you mean 'infput'? [-Wimplicit-function-declaration]
  489 |     input();
      |     ^~~~~
      |     infput
../Core/Src/main.c: At top level:
../Core/Src/main.c:501:6: warning: conflicting types for 'rotate_piece'
  501 | void rotate_piece() {
      |      ^~~~~~~~~~~~
../Core/Src/main.c:418:13: note: previous implicit declaration of 'rotate_piece' was here
  418 |             rotate_piece();
      |             ^~~~~~~~~~~~
../Core/Src/main.c:535:6: warning: conflicting types for 'input'
  535 | void input() {
      |      ^~~~~
../Core/Src/main.c:489:5: note: previous implicit declaration of 'input' was here
  489 |     input();
      |     ^~~~~
../Core/Src/main.c: In function 'input':
../Core/Src/main.c:574:10: error: redefinition of 'k'
  574 |      int k = 0;
      |          ^
../Core/Src/main.c:536:6: note: previous definition of 'k' was here
  536 |  int k = 0;
      |      ^
make: *** [Core/Src/subdir.mk:40: Core/Src/main.o] Error 1
"make -j16 all" terminated with exit code 2. Build might be incomplete.
03:46:28 **** Incremental Build of configuration Debug for project task2 ****
make -j16 all 
arm-none-eabi-gcc "../Core/Src/main.c" -mcpu=cortex-m4 -std=gnu11 -g3 -DDEBUG -DUSE_HAL_DRIVER -DSTM32F401xC -c -I../Core/Inc -I../Drivers/STM32F4xx_HAL_Driver/Inc -I../Drivers/STM32F4xx_HAL_Driver/Inc/Legacy -I../Drivers/CMSIS/Device/ST/STM32F4xx/Include -I../Drivers/CMSIS/Include -O0 -ffunction-sections -fdata-sections -Wall -fstack-usage -MMD -MP -MF"Core/Src/main.d" -MT"Core/Src/main.o" --specs=nano.specs -mfpu=fpv4-sp-d16 -mfloat-abi=hard -mthumb -o "Core/Src/main.o"
../Core/Src/main.c: In function 'infput':
../Core/Src/main.c:418:13: warning: implicit declaration of function 'rotate_piece'; did you mean 'place_piece'? [-Wimplicit-function-declaration]
  418 |             rotate_piece();
      |             ^~~~~~~~~~~~
      |             place_piece
../Core/Src/main.c: In function 'main':
../Core/Src/main.c:489:5: warning: implicit declaration of function 'input'; did you mean 'infput'? [-Wimplicit-function-declaration]
  489 |     input();
      |     ^~~~~
      |     infput
../Core/Src/main.c: At top level:
../Core/Src/main.c:501:6: warning: conflicting types for 'rotate_piece'
  501 | void rotate_piece() {
      |      ^~~~~~~~~~~~
../Core/Src/main.c:418:13: note: previous implicit declaration of 'rotate_piece' was here
  418 |             rotate_piece();
      |             ^~~~~~~~~~~~
../Core/Src/main.c:535:6: warning: conflicting types for 'input'
  535 | void input() {
      |      ^~~~~
../Core/Src/main.c:489:5: note: previous implicit declaration of 'input' was here
  489 |     input();
      |     ^~~~~
../Core/Src/main.c: In function 'input':
../Core/Src/main.c:574:10: error: redefinition of 'k'
  574 |      int k = 0;
      |          ^
../Core/Src/main.c:536:6: note: previous definition of 'k' was here
  536 |  int k = 0;
      |      ^
make: *** [Core/Src/subdir.mk:40: Core/Src/main.o] Error 1
"make -j16 all" terminated with exit code 2. Build might be incomplete.
03:54:31 **** Incremental Build of configuration Debug for project task2 ****
make -j16 all 
arm-none-eabi-gcc "../Core/Src/main.c" -mcpu=cortex-m4 -std=gnu11 -g3 -DDEBUG -DUSE_HAL_DRIVER -DSTM32F401xC -c -I../Core/Inc -I../Drivers/STM32F4xx_HAL_Driver/Inc -I../Drivers/STM32F4xx_HAL_Driver/Inc/Legacy -I../Drivers/CMSIS/Device/ST/STM32F4xx/Include -I../Drivers/CMSIS/Include -O0 -ffunction-sections -fdata-sections -Wall -fstack-usage -MMD -MP -MF"Core/Src/main.d" -MT"Core/Src/main.o" --specs=nano.specs -mfpu=fpv4-sp-d16 -mfloat-abi=hard -mthumb -o "Core/Src/main.o"
arm-none-eabi-gcc -o "task2.elf" @"objects.list"   -mcpu=cortex-m4 -T"C:\Users\LaL\STM32CubeIDE\workspace_1.10.1\task2\task2\STM32F401CCUX_FLASH.ld" --specs=nosys.specs -Wl,-Map="task2.map" -Wl,--gc-sections -static --specs=nano.specs -mfpu=fpv4-sp-d16 -mfloat-abi=hard -mthumb -Wl,--start-group -lc -lm -Wl,--end-group
Finished building target: task2.elf
 
arm-none-eabi-size   task2.elf 
arm-none-eabi-objdump -h -S  task2.elf  > "task2.list"
   text	   data	    bss	    dec	    hex	filename
  28096	    136	   2248	  30480	   7710	task2.elf
Finished building: default.size.stdout
 
Finished building: task2.list
 
03:56:51 **** Incremental Build of configuration Debug for project task2 ****
make -j16 all 
arm-none-eabi-gcc "../Core/Src/main.c" -mcpu=cortex-m4 -std=gnu11 -g3 -DDEBUG -DUSE_HAL_DRIVER -DSTM32F401xC -c -I../Core/Inc -I../Drivers/STM32F4xx_HAL_Driver/Inc -I../Drivers/STM32F4xx_HAL_Driver/Inc/Legacy -I../Drivers/CMSIS/Device/ST/STM32F4xx/Include -I../Drivers/CMSIS/Include -O0 -ffunction-sections -fdata-sections -Wall -fstack-usage -MMD -MP -MF"Core/Src/main.d" -MT"Core/Src/main.o" --specs=nano.specs -mfpu=fpv4-sp-d16 -mfloat-abi=hard -mthumb -o "Core/Src/main.o"
arm-none-eabi-gcc -o "task2.elf" @"objects.list"   -mcpu=cortex-m4 -T"C:\Users\LaL\STM32CubeIDE\workspace_1.10.1\task2\task2\STM32F401CCUX_FLASH.ld" --specs=nosys.specs -Wl,-Map="task2.map" -Wl,--gc-sections -static --specs=nano.specs -mfpu=fpv4-sp-d16 -mfloat-abi=hard -mthumb -Wl,--start-group -lc -lm -Wl,--end-group
Finished building target: task2.elf
 
arm-none-eabi-size   task2.elf 
arm-none-eabi-objdump -h -S  task2.elf  > "task2.list"
   text	   data	    bss	    dec	    hex	filename
  28208	    136	   2248	  30592	   7780	task2.elf
Finished building: default.size.stdout
 
Finished building: task2.list
 
04:02:28 **** Incremental Build of configuration Debug for project task2 ****
make -j16 all 
arm-none-eabi-gcc "../Core/Src/main.c" -mcpu=cortex-m4 -std=gnu11 -g3 -DDEBUG -DUSE_HAL_DRIVER -DSTM32F401xC -c -I../Core/Inc -I../Drivers/STM32F4xx_HAL_Driver/Inc -I../Drivers/STM32F4xx_HAL_Driver/Inc/Legacy -I../Drivers/CMSIS/Device/ST/STM32F4xx/Include -I../Drivers/CMSIS/Include -O0 -ffunction-sections -fdata-sections -Wall -fstack-usage -MMD -MP -MF"Core/Src/main.d" -MT"Core/Src/main.o" --specs=nano.specs -mfpu=fpv4-sp-d16 -mfloat-abi=hard -mthumb -o "Core/Src/main.o"
arm-none-eabi-gcc -o "task2.elf" @"objects.list"   -mcpu=cortex-m4 -T"C:\Users\LaL\STM32CubeIDE\workspace_1.10.1\task2\task2\STM32F401CCUX_FLASH.ld" --specs=nosys.specs -Wl,-Map="task2.map" -Wl,--gc-sections -static --specs=nano.specs -mfpu=fpv4-sp-d16 -mfloat-abi=hard -mthumb -Wl,--start-group -lc -lm -Wl,--end-group
Finished building target: task2.elf
 
arm-none-eabi-size   task2.elf 
arm-none-eabi-objdump -h -S  task2.elf  > "task2.list"
   text	   data	    bss	    dec	    hex	filename
  28484	    136	   2248	  30868	   7894	task2.elf
Finished building: default.size.stdout
 
Finished building: task2.list
 
04:22:57 **** Incremental Build of configuration Debug for project task2 ****
make -j16 all 
arm-none-eabi-gcc "../Core/Src/main.c" -mcpu=cortex-m4 -std=gnu11 -g3 -DDEBUG -DUSE_HAL_DRIVER -DSTM32F401xC -c -I../Core/Inc -I../Drivers/STM32F4xx_HAL_Driver/Inc -I../Drivers/STM32F4xx_HAL_Driver/Inc/Legacy -I../Drivers/CMSIS/Device/ST/STM32F4xx/Include -I../Drivers/CMSIS/Include -O0 -ffunction-sections -fdata-sections -Wall -fstack-usage -MMD -MP -MF"Core/Src/main.d" -MT"Core/Src/main.o" --specs=nano.specs -mfpu=fpv4-sp-d16 -mfloat-abi=hard -mthumb -o "Core/Src/main.o"
arm-none-eabi-gcc -o "task2.elf" @"objects.list"   -mcpu=cortex-m4 -T"C:\Users\LaL\STM32CubeIDE\workspace_1.10.1\task2\task2\STM32F401CCUX_FLASH.ld" --specs=nosys.specs -Wl,-Map="task2.map" -Wl,--gc-sections -static --specs=nano.specs -mfpu=fpv4-sp-d16 -mfloat-abi=hard -mthumb -Wl,--start-group -lc -lm -Wl,--end-group
Finished building target: task2.elf
 
arm-none-eabi-size   task2.elf 
arm-none-eabi-objdump -h -S  task2.elf  > "task2.list"
   text	   data	    bss	    dec	    hex	filename
  28676	    136	   2248	  31060	   7954	task2.elf
Finished building: default.size.stdout
 
Finished building: task2.list
 
04:31:04 **** Incremental Build of configuration Debug for project task2 ****
make -j16 all 
arm-none-eabi-gcc "../Core/Src/main.c" -mcpu=cortex-m4 -std=gnu11 -g3 -DDEBUG -DUSE_HAL_DRIVER -DSTM32F401xC -c -I../Core/Inc -I../Drivers/STM32F4xx_HAL_Driver/Inc -I../Drivers/STM32F4xx_HAL_Driver/Inc/Legacy -I../Drivers/CMSIS/Device/ST/STM32F4xx/Include -I../Drivers/CMSIS/Include -O0 -ffunction-sections -fdata-sections -Wall -fstack-usage -MMD -MP -MF"Core/Src/main.d" -MT"Core/Src/main.o" --specs=nano.specs -mfpu=fpv4-sp-d16 -mfloat-abi=hard -mthumb -o "Core/Src/main.o"
arm-none-eabi-gcc -o "task2.elf" @"objects.list"   -mcpu=cortex-m4 -T"C:\Users\LaL\STM32CubeIDE\workspace_1.10.1\task2\task2\STM32F401CCUX_FLASH.ld" --specs=nosys.specs -Wl,-Map="task2.map" -Wl,--gc-sections -static --specs=nano.specs -mfpu=fpv4-sp-d16 -mfloat-abi=hard -mthumb -Wl,--start-group -lc -lm -Wl,--end-group
Finished building target: task2.elf
 
arm-none-eabi-size   task2.elf 
arm-none-eabi-objdump -h -S  task2.elf  > "task2.list"
   text	   data	    bss	    dec	    hex	filename
  28676	    136	   2248	  31060	   7954	task2.elf
Finished building: default.size.stdout
 
Finished building: task2.list
 
04:44:54 **** Incremental Build of configuration Debug for project task2 ****
make -j16 all 
arm-none-eabi-gcc "../Core/Src/main.c" -mcpu=cortex-m4 -std=gnu11 -g3 -DDEBUG -DUSE_HAL_DRIVER -DSTM32F401xC -c -I../Core/Inc -I../Drivers/STM32F4xx_HAL_Driver/Inc -I../Drivers/STM32F4xx_HAL_Driver/Inc/Legacy -I../Drivers/CMSIS/Device/ST/STM32F4xx/Include -I../Drivers/CMSIS/Include -O0 -ffunction-sections -fdata-sections -Wall -fstack-usage -MMD -MP -MF"Core/Src/main.d" -MT"Core/Src/main.o" --specs=nano.specs -mfpu=fpv4-sp-d16 -mfloat-abi=hard -mthumb -o "Core/Src/main.o"
arm-none-eabi-gcc -o "task2.elf" @"objects.list"   -mcpu=cortex-m4 -T"C:\Users\LaL\STM32CubeIDE\workspace_1.10.1\task2\task2\STM32F401CCUX_FLASH.ld" --specs=nosys.specs -Wl,-Map="task2.map" -Wl,--gc-sections -static --specs=nano.specs -mfpu=fpv4-sp-d16 -mfloat-abi=hard -mthumb -Wl,--start-group -lc -lm -Wl,--end-group
Finished building target: task2.elf
 
arm-none-eabi-size   task2.elf 
arm-none-eabi-objdump -h -S  task2.elf  > "task2.list"
   text	   data	    bss	    dec	    hex	filename
  28212	    136	   2240	  30588	   777c	task2.elf
Finished building: default.size.stdout
 
Finished building: task2.list
 
04:45:20 **** Incremental Build of configuration Debug for project task2 ****
make -j16 all 
arm-none-eabi-size   task2.elf 
   text	   data	    bss	    dec	    hex	filename
  28212	    136	   2240	  30588	   777c	task2.elf
Finished building: default.size.stdout
 
04:46:39 **** Incremental Build of configuration Debug for project task2 ****
make -j16 all 
arm-none-eabi-gcc "../Core/Src/main.c" -mcpu=cortex-m4 -std=gnu11 -g3 -DDEBUG -DUSE_HAL_DRIVER -DSTM32F401xC -c -I../Core/Inc -I../Drivers/STM32F4xx_HAL_Driver/Inc -I../Drivers/STM32F4xx_HAL_Driver/Inc/Legacy -I../Drivers/CMSIS/Device/ST/STM32F4xx/Include -I../Drivers/CMSIS/Include -O0 -ffunction-sections -fdata-sections -Wall -fstack-usage -MMD -MP -MF"Core/Src/main.d" -MT"Core/Src/main.o" --specs=nano.specs -mfpu=fpv4-sp-d16 -mfloat-abi=hard -mthumb -o "Core/Src/main.o"
../Core/Src/main.c: In function 'reset_game':
../Core/Src/main.c:307:19: error: expected expression before ';' token
  307 |     game_paused = ;
      |                   ^
make: *** [Core/Src/subdir.mk:40: Core/Src/main.o] Error 1
"make -j16 all" terminated with exit code 2. Build might be incomplete.
04:46:48 **** Incremental Build of configuration Debug for project task2 ****
make -j16 all 
arm-none-eabi-gcc "../Core/Src/main.c" -mcpu=cortex-m4 -std=gnu11 -g3 -DDEBUG -DUSE_HAL_DRIVER -DSTM32F401xC -c -I../Core/Inc -I../Drivers/STM32F4xx_HAL_Driver/Inc -I../Drivers/STM32F4xx_HAL_Driver/Inc/Legacy -I../Drivers/CMSIS/Device/ST/STM32F4xx/Include -I../Drivers/CMSIS/Include -O0 -ffunction-sections -fdata-sections -Wall -fstack-usage -MMD -MP -MF"Core/Src/main.d" -MT"Core/Src/main.o" --specs=nano.specs -mfpu=fpv4-sp-d16 -mfloat-abi=hard -mthumb -o "Core/Src/main.o"
arm-none-eabi-gcc -o "task2.elf" @"objects.list"   -mcpu=cortex-m4 -T"C:\Users\LaL\STM32CubeIDE\workspace_1.10.1\task2\task2\STM32F401CCUX_FLASH.ld" --specs=nosys.specs -Wl,-Map="task2.map" -Wl,--gc-sections -static --specs=nano.specs -mfpu=fpv4-sp-d16 -mfloat-abi=hard -mthumb -Wl,--start-group -lc -lm -Wl,--end-group
Finished building target: task2.elf
 
arm-none-eabi-size   task2.elf 
arm-none-eabi-objdump -h -S  task2.elf  > "task2.list"
   text	   data	    bss	    dec	    hex	filename
  28484	    136	   2248	  30868	   7894	task2.elf
Finished building: default.size.stdout
 
Finished building: task2.list
 
04:47:57 **** Incremental Build of configuration Debug for project task2 ****
make -j16 all 
arm-none-eabi-gcc "../Core/Src/main.c" -mcpu=cortex-m4 -std=gnu11 -g3 -DDEBUG -DUSE_HAL_DRIVER -DSTM32F401xC -c -I../Core/Inc -I../Drivers/STM32F4xx_HAL_Driver/Inc -I../Drivers/STM32F4xx_HAL_Driver/Inc/Legacy -I../Drivers/CMSIS/Device/ST/STM32F4xx/Include -I../Drivers/CMSIS/Include -O0 -ffunction-sections -fdata-sections -Wall -fstack-usage -MMD -MP -MF"Core/Src/main.d" -MT"Core/Src/main.o" --specs=nano.specs -mfpu=fpv4-sp-d16 -mfloat-abi=hard -mthumb -o "Core/Src/main.o"
arm-none-eabi-gcc -o "task2.elf" @"objects.list"   -mcpu=cortex-m4 -T"C:\Users\LaL\STM32CubeIDE\workspace_1.10.1\task2\task2\STM32F401CCUX_FLASH.ld" --specs=nosys.specs -Wl,-Map="task2.map" -Wl,--gc-sections -static --specs=nano.specs -mfpu=fpv4-sp-d16 -mfloat-abi=hard -mthumb -Wl,--start-group -lc -lm -Wl,--end-group
Finished building target: task2.elf
 
arm-none-eabi-size   task2.elf 
arm-none-eabi-objdump -h -S  task2.elf  > "task2.list"
   text	   data	    bss	    dec	    hex	filename
  28676	    136	   2248	  31060	   7954	task2.elf
Finished building: default.size.stdout
 
Finished building: task2.list
 
04:58:20 **** Incremental Build of configuration Debug for project task2 ****
make -j16 all 
arm-none-eabi-gcc "../Core/Src/main.c" -mcpu=cortex-m4 -std=gnu11 -g3 -DDEBUG -DUSE_HAL_DRIVER -DSTM32F401xC -c -I../Core/Inc -I../Drivers/STM32F4xx_HAL_Driver/Inc -I../Drivers/STM32F4xx_HAL_Driver/Inc/Legacy -I../Drivers/CMSIS/Device/ST/STM32F4xx/Include -I../Drivers/CMSIS/Include -O0 -ffunction-sections -fdata-sections -Wall -fstack-usage -MMD -MP -MF"Core/Src/main.d" -MT"Core/Src/main.o" --specs=nano.specs -mfpu=fpv4-sp-d16 -mfloat-abi=hard -mthumb -o "Core/Src/main.o"
arm-none-eabi-gcc -o "task2.elf" @"objects.list"   -mcpu=cortex-m4 -T"C:\Users\LaL\STM32CubeIDE\workspace_1.10.1\task2\task2\STM32F401CCUX_FLASH.ld" --specs=nosys.specs -Wl,-Map="task2.map" -Wl,--gc-sections -static --specs=nano.specs -mfpu=fpv4-sp-d16 -mfloat-abi=hard -mthumb -Wl,--start-group -lc -lm -Wl,--end-group
Finished building target: task2.elf
 
arm-none-eabi-size   task2.elf 
arm-none-eabi-objdump -h -S  task2.elf  > "task2.list"
   text	   data	    bss	    dec	    hex	filename
  28380	    136	   2248	  30764	   782c	task2.elf
Finished building: default.size.stdout
 
Finished building: task2.list
 
04:59:53 **** Incremental Build of configuration Debug for project task2 ****
make -j16 all 
arm-none-eabi-gcc "../Core/Src/main.c" -mcpu=cortex-m4 -std=gnu11 -g3 -DDEBUG -DUSE_HAL_DRIVER -DSTM32F401xC -c -I../Core/Inc -I../Drivers/STM32F4xx_HAL_Driver/Inc -I../Drivers/STM32F4xx_HAL_Driver/Inc/Legacy -I../Drivers/CMSIS/Device/ST/STM32F4xx/Include -I../Drivers/CMSIS/Include -O0 -ffunction-sections -fdata-sections -Wall -fstack-usage -MMD -MP -MF"Core/Src/main.d" -MT"Core/Src/main.o" --specs=nano.specs -mfpu=fpv4-sp-d16 -mfloat-abi=hard -mthumb -o "Core/Src/main.o"
arm-none-eabi-gcc -o "task2.elf" @"objects.list"   -mcpu=cortex-m4 -T"C:\Users\LaL\STM32CubeIDE\workspace_1.10.1\task2\task2\STM32F401CCUX_FLASH.ld" --specs=nosys.specs -Wl,-Map="task2.map" -Wl,--gc-sections -static --specs=nano.specs -mfpu=fpv4-sp-d16 -mfloat-abi=hard -mthumb -Wl,--start-group -lc -lm -Wl,--end-group
Finished building target: task2.elf
 
arm-none-eabi-size   task2.elf 
arm-none-eabi-objdump -h -S  task2.elf  > "task2.list"
   text	   data	    bss	    dec	    hex	filename
  27360	    132	   2244	  29736	   7428	task2.elf
Finished building: default.size.stdout
 
Finished building: task2.list
 
05:26:04 **** Incremental Build of configuration Debug for project task2 ****
make -j16 all 
arm-none-eabi-gcc "../Core/Src/main.c" -mcpu=cortex-m4 -std=gnu11 -g3 -DDEBUG -DUSE_HAL_DRIVER -DSTM32F401xC -c -I../Core/Inc -I../Drivers/STM32F4xx_HAL_Driver/Inc -I../Drivers/STM32F4xx_HAL_Driver/Inc/Legacy -I../Drivers/CMSIS/Device/ST/STM32F4xx/Include -I../Drivers/CMSIS/Include -O0 -ffunction-sections -fdata-sections -Wall -fstack-usage -MMD -MP -MF"Core/Src/main.d" -MT"Core/Src/main.o" --specs=nano.specs -mfpu=fpv4-sp-d16 -mfloat-abi=hard -mthumb -o "Core/Src/main.o"
arm-none-eabi-gcc -o "task2.elf" @"objects.list"   -mcpu=cortex-m4 -T"C:\Users\LaL\STM32CubeIDE\workspace_1.10.1\task2\task2\STM32F401CCUX_FLASH.ld" --specs=nosys.specs -Wl,-Map="task2.map" -Wl,--gc-sections -static --specs=nano.specs -mfpu=fpv4-sp-d16 -mfloat-abi=hard -mthumb -Wl,--start-group -lc -lm -Wl,--end-group
Finished building target: task2.elf
 
arm-none-eabi-size   task2.elf 
arm-none-eabi-objdump -h -S  task2.elf  > "task2.list"
   text	   data	    bss	    dec	    hex	filename
  30592	    144	   2256	  32992	   80e0	task2.elf
Finished building: default.size.stdout
 
Finished building: task2.list
 
05:31:17 **** Incremental Build of configuration Debug for project task2 ****
make -j16 all 
arm-none-eabi-gcc "../Core/Src/main.c" -mcpu=cortex-m4 -std=gnu11 -g3 -DDEBUG -DUSE_HAL_DRIVER -DSTM32F401xC -c -I../Core/Inc -I../Drivers/STM32F4xx_HAL_Driver/Inc -I../Drivers/STM32F4xx_HAL_Driver/Inc/Legacy -I../Drivers/CMSIS/Device/ST/STM32F4xx/Include -I../Drivers/CMSIS/Include -O0 -ffunction-sections -fdata-sections -Wall -fstack-usage -MMD -MP -MF"Core/Src/main.d" -MT"Core/Src/main.o" --specs=nano.specs -mfpu=fpv4-sp-d16 -mfloat-abi=hard -mthumb -o "Core/Src/main.o"
../Core/Src/main.c:1:1: error: stray '`' in program
    1 | ```c
      | ^
../Core/Src/main.c:1:2: error: stray '`' in program
    1 | ```c
      |  ^
../Core/Src/main.c:1:3: error: stray '`' in program
    1 | ```c
      |   ^
../Core/Src/main.c:1:5: error: expected ';' before 'typedef'
    1 | ```c
      |     ^
      |     ;
../Core/Src/main.c:860:1: error: stray '`' in program
  860 | ```
      | ^
../Core/Src/main.c:860:2: error: stray '`' in program
  860 | ```
      |  ^
../Core/Src/main.c:860:3: error: stray '`' in program
  860 | ```
      |   ^
make: *** [Core/Src/subdir.mk:40: Core/Src/main.o] Error 1
"make -j16 all" terminated with exit code 2. Build might be incomplete.
05:32:26 **** Incremental Build of configuration Debug for project task2 ****
make -j16 all 
arm-none-eabi-gcc "../Core/Src/main.c" -mcpu=cortex-m4 -std=gnu11 -g3 -DDEBUG -DUSE_HAL_DRIVER -DSTM32F401xC -c -I../Core/Inc -I../Drivers/STM32F4xx_HAL_Driver/Inc -I../Drivers/STM32F4xx_HAL_Driver/Inc/Legacy -I../Drivers/CMSIS/Device/ST/STM32F4xx/Include -I../Drivers/CMSIS/Include -O0 -ffunction-sections -fdata-sections -Wall -fstack-usage -MMD -MP -MF"Core/Src/main.d" -MT"Core/Src/main.o" --specs=nano.specs -mfpu=fpv4-sp-d16 -mfloat-abi=hard -mthumb -o "Core/Src/main.o"
../Core/Src/main.c: In function 'MX_ADC1_Init':
../Core/Src/main.c:698:28: warning: unused variable 'sConfig' [-Wunused-variable]
  698 |     ADC_ChannelConfTypeDef sConfig = { 0 };
      |                            ^~~~~~~
arm-none-eabi-gcc -o "task2.elf" @"objects.list"   -mcpu=cortex-m4 -T"C:\Users\LaL\STM32CubeIDE\workspace_1.10.1\task2\task2\STM32F401CCUX_FLASH.ld" --specs=nosys.specs -Wl,-Map="task2.map" -Wl,--gc-sections -static --specs=nano.specs -mfpu=fpv4-sp-d16 -mfloat-abi=hard -mthumb -Wl,--start-group -lc -lm -Wl,--end-group
Finished building target: task2.elf
 
arm-none-eabi-size   task2.elf 
arm-none-eabi-objdump -h -S  task2.elf  > "task2.list"
   text	   data	    bss	    dec	    hex	filename
  29980	    140	   2260	  32380	   7e7c	task2.elf
Finished building: default.size.stdout
 
Finished building: task2.list
 
05:36:45 **** Incremental Build of configuration Debug for project task2 ****
make -j16 all 
arm-none-eabi-gcc "../Core/Src/main.c" -mcpu=cortex-m4 -std=gnu11 -g3 -DDEBUG -DUSE_HAL_DRIVER -DSTM32F401xC -c -I../Core/Inc -I../Drivers/STM32F4xx_HAL_Driver/Inc -I../Drivers/STM32F4xx_HAL_Driver/Inc/Legacy -I../Drivers/CMSIS/Device/ST/STM32F4xx/Include -I../Drivers/CMSIS/Include -O0 -ffunction-sections -fdata-sections -Wall -fstack-usage -MMD -MP -MF"Core/Src/main.d" -MT"Core/Src/main.o" --specs=nano.specs -mfpu=fpv4-sp-d16 -mfloat-abi=hard -mthumb -o "Core/Src/main.o"
../Core/Src/main.c:1:1: error: stray '`' in program
    1 | ```c
      | ^
../Core/Src/main.c:1:2: error: stray '`' in program
    1 | ```c
      |  ^
../Core/Src/main.c:1:3: error: stray '`' in program
    1 | ```c
      |   ^
../Core/Src/main.c:1:5: error: expected ';' before 'typedef'
    1 | ```c
      |     ^
      |     ;
../Core/Src/main.c:860:1: error: stray '`' in program
  860 | ```
      | ^
../Core/Src/main.c:860:2: error: stray '`' in program
  860 | ```
      |  ^
../Core/Src/main.c:860:3: error: stray '`' in program
  860 | ```
      |   ^
make: *** [Core/Src/subdir.mk:40: Core/Src/main.o] Error 1
"make -j16 all" terminated with exit code 2. Build might be incomplete.
05:39:03 **** Incremental Build of configuration Debug for project task2 ****
make -j16 all 
arm-none-eabi-gcc "../Core/Src/main.c" -mcpu=cortex-m4 -std=gnu11 -g3 -DDEBUG -DUSE_HAL_DRIVER -DSTM32F401xC -c -I../Core/Inc -I../Drivers/STM32F4xx_HAL_Driver/Inc -I../Drivers/STM32F4xx_HAL_Driver/Inc/Legacy -I../Drivers/CMSIS/Device/ST/STM32F4xx/Include -I../Drivers/CMSIS/Include -O0 -ffunction-sections -fdata-sections -Wall -fstack-usage -MMD -MP -MF"Core/Src/main.d" -MT"Core/Src/main.o" --specs=nano.specs -mfpu=fpv4-sp-d16 -mfloat-abi=hard -mthumb -o "Core/Src/main.o"
../Core/Src/main.c:1:1: error: stray '`' in program
    1 | ```c
      | ^
../Core/Src/main.c:1:2: error: stray '`' in program
    1 | ```c
      |  ^
../Core/Src/main.c:1:3: error: stray '`' in program
    1 | ```c
      |   ^
../Core/Src/main.c:1:5: error: expected ';' before 'typedef'
    1 | ```c
      |     ^
      |     ;
../Core/Src/main.c:860:1: error: stray '`' in program
  860 | ```
      | ^
../Core/Src/main.c:860:2: error: stray '`' in program
  860 | ```
      |  ^
../Core/Src/main.c:860:3: error: stray '`' in program
  860 | ```
      |   ^
make: *** [Core/Src/subdir.mk:40: Core/Src/main.o] Error 1
"make -j16 all" terminated with exit code 2. Build might be incomplete.
05:40:24 **** Incremental Build of configuration Debug for project task2 ****
make -j16 all 
arm-none-eabi-gcc "../Core/Src/main.c" -mcpu=cortex-m4 -std=gnu11 -g3 -DDEBUG -DUSE_HAL_DRIVER -DSTM32F401xC -c -I../Core/Inc -I../Drivers/STM32F4xx_HAL_Driver/Inc -I../Drivers/STM32F4xx_HAL_Driver/Inc/Legacy -I../Drivers/CMSIS/Device/ST/STM32F4xx/Include -I../Drivers/CMSIS/Include -O0 -ffunction-sections -fdata-sections -Wall -fstack-usage -MMD -MP -MF"Core/Src/main.d" -MT"Core/Src/main.o" --specs=nano.specs -mfpu=fpv4-sp-d16 -mfloat-abi=hard -mthumb -o "Core/Src/main.o"
../Core/Src/main.c: In function 'MX_ADC1_Init':
../Core/Src/main.c:729:28: warning: unused variable 'sConfig' [-Wunused-variable]
  729 |     ADC_ChannelConfTypeDef sConfig = { 0 };
      |                            ^~~~~~~
arm-none-eabi-gcc -o "task2.elf" @"objects.list"   -mcpu=cortex-m4 -T"C:\Users\LaL\STM32CubeIDE\workspace_1.10.1\task2\task2\STM32F401CCUX_FLASH.ld" --specs=nosys.specs -Wl,-Map="task2.map" -Wl,--gc-sections -static --specs=nano.specs -mfpu=fpv4-sp-d16 -mfloat-abi=hard -mthumb -Wl,--start-group -lc -lm -Wl,--end-group
Finished building target: task2.elf
 
arm-none-eabi-size   task2.elf 
arm-none-eabi-objdump -h -S  task2.elf  > "task2.list"
   text	   data	    bss	    dec	    hex	filename
  30996	    144	   2256	  33396	   8274	task2.elf
Finished building: default.size.stdout
 
Finished building: task2.list
 
05:43:34 **** Incremental Build of configuration Debug for project task2 ****
make -j16 all 
arm-none-eabi-gcc "../Core/Src/main.c" -mcpu=cortex-m4 -std=gnu11 -g3 -DDEBUG -DUSE_HAL_DRIVER -DSTM32F401xC -c -I../Core/Inc -I../Drivers/STM32F4xx_HAL_Driver/Inc -I../Drivers/STM32F4xx_HAL_Driver/Inc/Legacy -I../Drivers/CMSIS/Device/ST/STM32F4xx/Include -I../Drivers/CMSIS/Include -O0 -ffunction-sections -fdata-sections -Wall -fstack-usage -MMD -MP -MF"Core/Src/main.d" -MT"Core/Src/main.o" --specs=nano.specs -mfpu=fpv4-sp-d16 -mfloat-abi=hard -mthumb -o "Core/Src/main.o"
arm-none-eabi-gcc -o "task2.elf" @"objects.list"   -mcpu=cortex-m4 -T"C:\Users\LaL\STM32CubeIDE\workspace_1.10.1\task2\task2\STM32F401CCUX_FLASH.ld" --specs=nosys.specs -Wl,-Map="task2.map" -Wl,--gc-sections -static --specs=nano.specs -mfpu=fpv4-sp-d16 -mfloat-abi=hard -mthumb -Wl,--start-group -lc -lm -Wl,--end-group
Finished building target: task2.elf
 
arm-none-eabi-size   task2.elf 
arm-none-eabi-objdump -h -S  task2.elf  > "task2.list"
   text	   data	    bss	    dec	    hex	filename
  28292	    132	   2244	  30668	   77cc	task2.elf
Finished building: default.size.stdout
 
Finished building: task2.list
 
05:46:27 **** Incremental Build of configuration Debug for project task2 ****
make -j16 all 
arm-none-eabi-gcc "../Core/Src/main.c" -mcpu=cortex-m4 -std=gnu11 -g3 -DDEBUG -DUSE_HAL_DRIVER -DSTM32F401xC -c -I../Core/Inc -I../Drivers/STM32F4xx_HAL_Driver/Inc -I../Drivers/STM32F4xx_HAL_Driver/Inc/Legacy -I../Drivers/CMSIS/Device/ST/STM32F4xx/Include -I../Drivers/CMSIS/Include -O0 -ffunction-sections -fdata-sections -Wall -fstack-usage -MMD -MP -MF"Core/Src/main.d" -MT"Core/Src/main.o" --specs=nano.specs -mfpu=fpv4-sp-d16 -mfloat-abi=hard -mthumb -o "Core/Src/main.o"
arm-none-eabi-gcc -o "task2.elf" @"objects.list"   -mcpu=cortex-m4 -T"C:\Users\LaL\STM32CubeIDE\workspace_1.10.1\task2\task2\STM32F401CCUX_FLASH.ld" --specs=nosys.specs -Wl,-Map="task2.map" -Wl,--gc-sections -static --specs=nano.specs -mfpu=fpv4-sp-d16 -mfloat-abi=hard -mthumb -Wl,--start-group -lc -lm -Wl,--end-group
Finished building target: task2.elf
 
arm-none-eabi-size   task2.elf 
arm-none-eabi-objdump -h -S  task2.elf  > "task2.list"
   text	   data	    bss	    dec	    hex	filename
  30540	    144	   2248	  32932	   80a4	task2.elf
Finished building: default.size.stdout
 
Finished building: task2.list
 
05:51:19 **** Incremental Build of configuration Debug for project task2 ****
make -j16 all 
arm-none-eabi-size   task2.elf 
   text	   data	    bss	    dec	    hex	filename
  30540	    144	   2248	  32932	   80a4	task2.elf
Finished building: default.size.stdout
 
05:52:14 **** Incremental Build of configuration Debug for project task2 ****
make -j16 all 
arm-none-eabi-gcc "../Core/Src/main.c" -mcpu=cortex-m4 -std=gnu11 -g3 -DDEBUG -DUSE_HAL_DRIVER -DSTM32F401xC -c -I../Core/Inc -I../Drivers/STM32F4xx_HAL_Driver/Inc -I../Drivers/STM32F4xx_HAL_Driver/Inc/Legacy -I../Drivers/CMSIS/Device/ST/STM32F4xx/Include -I../Drivers/CMSIS/Include -O0 -ffunction-sections -fdata-sections -Wall -fstack-usage -MMD -MP -MF"Core/Src/main.d" -MT"Core/Src/main.o" --specs=nano.specs -mfpu=fpv4-sp-d16 -mfloat-abi=hard -mthumb -o "Core/Src/main.o"
arm-none-eabi-gcc -o "task2.elf" @"objects.list"   -mcpu=cortex-m4 -T"C:\Users\LaL\STM32CubeIDE\workspace_1.10.1\task2\task2\STM32F401CCUX_FLASH.ld" --specs=nosys.specs -Wl,-Map="task2.map" -Wl,--gc-sections -static --specs=nano.specs -mfpu=fpv4-sp-d16 -mfloat-abi=hard -mthumb -Wl,--start-group -lc -lm -Wl,--end-group
Finished building target: task2.elf
 
arm-none-eabi-size   task2.elf 
arm-none-eabi-objdump -h -S  task2.elf  > "task2.list"
   text	   data	    bss	    dec	    hex	filename
  30592	    144	   2256	  32992	   80e0	task2.elf
Finished building: default.size.stdout
 
Finished building: task2.list
 
05:53:32 **** Incremental Build of configuration Debug for project task2 ****
make -j16 all 
arm-none-eabi-gcc "../Core/Src/main.c" -mcpu=cortex-m4 -std=gnu11 -g3 -DDEBUG -DUSE_HAL_DRIVER -DSTM32F401xC -c -I../Core/Inc -I../Drivers/STM32F4xx_HAL_Driver/Inc -I../Drivers/STM32F4xx_HAL_Driver/Inc/Legacy -I../Drivers/CMSIS/Device/ST/STM32F4xx/Include -I../Drivers/CMSIS/Include -O0 -ffunction-sections -fdata-sections -Wall -fstack-usage -MMD -MP -MF"Core/Src/main.d" -MT"Core/Src/main.o" --specs=nano.specs -mfpu=fpv4-sp-d16 -mfloat-abi=hard -mthumb -o "Core/Src/main.o"
../Core/Src/main.c: In function 'MX_ADC1_Init':
../Core/Src/main.c:698:28: warning: unused variable 'sConfig' [-Wunused-variable]
  698 |     ADC_ChannelConfTypeDef sConfig = { 0 };
      |                            ^~~~~~~
arm-none-eabi-gcc -o "task2.elf" @"objects.list"   -mcpu=cortex-m4 -T"C:\Users\LaL\STM32CubeIDE\workspace_1.10.1\task2\task2\STM32F401CCUX_FLASH.ld" --specs=nosys.specs -Wl,-Map="task2.map" -Wl,--gc-sections -static --specs=nano.specs -mfpu=fpv4-sp-d16 -mfloat-abi=hard -mthumb -Wl,--start-group -lc -lm -Wl,--end-group
Finished building target: task2.elf
 
arm-none-eabi-size   task2.elf 
arm-none-eabi-objdump -h -S  task2.elf  > "task2.list"
   text	   data	    bss	    dec	    hex	filename
  29980	    140	   2260	  32380	   7e7c	task2.elf
Finished building: default.size.stdout
 
Finished building: task2.list
 
05:58:21 **** Incremental Build of configuration Debug for project task2 ****
make -j16 all 
arm-none-eabi-gcc "../Core/Src/main.c" -mcpu=cortex-m4 -std=gnu11 -g3 -DDEBUG -DUSE_HAL_DRIVER -DSTM32F401xC -c -I../Core/Inc -I../Drivers/STM32F4xx_HAL_Driver/Inc -I../Drivers/STM32F4xx_HAL_Driver/Inc/Legacy -I../Drivers/CMSIS/Device/ST/STM32F4xx/Include -I../Drivers/CMSIS/Include -O0 -ffunction-sections -fdata-sections -Wall -fstack-usage -MMD -MP -MF"Core/Src/main.d" -MT"Core/Src/main.o" --specs=nano.specs -mfpu=fpv4-sp-d16 -mfloat-abi=hard -mthumb -o "Core/Src/main.o"
arm-none-eabi-gcc -o "task2.elf" @"objects.list"   -mcpu=cortex-m4 -T"C:\Users\LaL\STM32CubeIDE\workspace_1.10.1\task2\task2\STM32F401CCUX_FLASH.ld" --specs=nosys.specs -Wl,-Map="task2.map" -Wl,--gc-sections -static --specs=nano.specs -mfpu=fpv4-sp-d16 -mfloat-abi=hard -mthumb -Wl,--start-group -lc -lm -Wl,--end-group
Finished building target: task2.elf
 
arm-none-eabi-size   task2.elf 
arm-none-eabi-objdump -h -S  task2.elf  > "task2.list"
   text	   data	    bss	    dec	    hex	filename
  28292	    132	   2244	  30668	   77cc	task2.elf
Finished building: default.size.stdout
 
Finished building: task2.list
 
05:59:08 **** Incremental Build of configuration Debug for project task2 ****
make -j16 all 
arm-none-eabi-gcc "../Core/Src/main.c" -mcpu=cortex-m4 -std=gnu11 -g3 -DDEBUG -DUSE_HAL_DRIVER -DSTM32F401xC -c -I../Core/Inc -I../Drivers/STM32F4xx_HAL_Driver/Inc -I../Drivers/STM32F4xx_HAL_Driver/Inc/Legacy -I../Drivers/CMSIS/Device/ST/STM32F4xx/Include -I../Drivers/CMSIS/Include -O0 -ffunction-sections -fdata-sections -Wall -fstack-usage -MMD -MP -MF"Core/Src/main.d" -MT"Core/Src/main.o" --specs=nano.specs -mfpu=fpv4-sp-d16 -mfloat-abi=hard -mthumb -o "Core/Src/main.o"
arm-none-eabi-gcc -o "task2.elf" @"objects.list"   -mcpu=cortex-m4 -T"C:\Users\LaL\STM32CubeIDE\workspace_1.10.1\task2\task2\STM32F401CCUX_FLASH.ld" --specs=nosys.specs -Wl,-Map="task2.map" -Wl,--gc-sections -static --specs=nano.specs -mfpu=fpv4-sp-d16 -mfloat-abi=hard -mthumb -Wl,--start-group -lc -lm -Wl,--end-group
Finished building target: task2.elf
 
arm-none-eabi-size   task2.elf 
arm-none-eabi-objdump -h -S  task2.elf  > "task2.list"
   text	   data	    bss	    dec	    hex	filename
  28292	    132	   2244	  30668	   77cc	task2.elf
Finished building: default.size.stdout
 
Finished building: task2.list
 
06:01:51 **** Incremental Build of configuration Debug for project task2 ****
make -j16 all 
arm-none-eabi-gcc "../Core/Src/main.c" -mcpu=cortex-m4 -std=gnu11 -g3 -DDEBUG -DUSE_HAL_DRIVER -DSTM32F401xC -c -I../Core/Inc -I../Drivers/STM32F4xx_HAL_Driver/Inc -I../Drivers/STM32F4xx_HAL_Driver/Inc/Legacy -I../Drivers/CMSIS/Device/ST/STM32F4xx/Include -I../Drivers/CMSIS/Include -O0 -ffunction-sections -fdata-sections -Wall -fstack-usage -MMD -MP -MF"Core/Src/main.d" -MT"Core/Src/main.o" --specs=nano.specs -mfpu=fpv4-sp-d16 -mfloat-abi=hard -mthumb -o "Core/Src/main.o"
../Core/Src/main.c:88:11: error: 'BOARD_HEIGHT' undeclared here (not in a function)
   88 | int board[BOARD_HEIGHT][BOARD_WIDTH] = {0};
      |           ^~~~~~~~~~~~
../Core/Src/main.c:88:25: error: 'BOARD_WIDTH' undeclared here (not in a function)
   88 | int board[BOARD_HEIGHT][BOARD_WIDTH] = {0};
      |                         ^~~~~~~~~~~
make: *** [Core/Src/subdir.mk:40: Core/Src/main.o] Error 1
"make -j16 all" terminated with exit code 2. Build might be incomplete.
06:07:48 **** Incremental Build of configuration Debug for project task2 ****
make -j16 all 
arm-none-eabi-gcc "../Core/Src/main.c" -mcpu=cortex-m4 -std=gnu11 -g3 -DDEBUG -DUSE_HAL_DRIVER -DSTM32F401xC -c -I../Core/Inc -I../Drivers/STM32F4xx_HAL_Driver/Inc -I../Drivers/STM32F4xx_HAL_Driver/Inc/Legacy -I../Drivers/CMSIS/Device/ST/STM32F4xx/Include -I../Drivers/CMSIS/Include -O0 -ffunction-sections -fdata-sections -Wall -fstack-usage -MMD -MP -MF"Core/Src/main.d" -MT"Core/Src/main.o" --specs=nano.specs -mfpu=fpv4-sp-d16 -mfloat-abi=hard -mthumb -o "Core/Src/main.o"
arm-none-eabi-gcc -o "task2.elf" @"objects.list"   -mcpu=cortex-m4 -T"C:\Users\LaL\STM32CubeIDE\workspace_1.10.1\task2\task2\STM32F401CCUX_FLASH.ld" --specs=nosys.specs -Wl,-Map="task2.map" -Wl,--gc-sections -static --specs=nano.specs -mfpu=fpv4-sp-d16 -mfloat-abi=hard -mthumb -Wl,--start-group -lc -lm -Wl,--end-group
Finished building target: task2.elf
 
arm-none-eabi-size   task2.elf 
arm-none-eabi-objdump -h -S  task2.elf  > "task2.list"
   text	   data	    bss	    dec	    hex	filename
  28784	    132	   2252	  31168	   79c0	task2.elf
Finished building: default.size.stdout
 
Finished building: task2.list
 
06:10:06 **** Incremental Build of configuration Debug for project task2 ****
make -j16 all 
arm-none-eabi-gcc "../Core/Src/main.c" -mcpu=cortex-m4 -std=gnu11 -g3 -DDEBUG -DUSE_HAL_DRIVER -DSTM32F401xC -c -I../Core/Inc -I../Drivers/STM32F4xx_HAL_Driver/Inc -I../Drivers/STM32F4xx_HAL_Driver/Inc/Legacy -I../Drivers/CMSIS/Device/ST/STM32F4xx/Include -I../Drivers/CMSIS/Include -O0 -ffunction-sections -fdata-sections -Wall -fstack-usage -MMD -MP -MF"Core/Src/main.d" -MT"Core/Src/main.o" --specs=nano.specs -mfpu=fpv4-sp-d16 -mfloat-abi=hard -mthumb -o "Core/Src/main.o"
arm-none-eabi-gcc -o "task2.elf" @"objects.list"   -mcpu=cortex-m4 -T"C:\Users\LaL\STM32CubeIDE\workspace_1.10.1\task2\task2\STM32F401CCUX_FLASH.ld" --specs=nosys.specs -Wl,-Map="task2.map" -Wl,--gc-sections -static --specs=nano.specs -mfpu=fpv4-sp-d16 -mfloat-abi=hard -mthumb -Wl,--start-group -lc -lm -Wl,--end-group
Finished building target: task2.elf
 
arm-none-eabi-size   task2.elf 
arm-none-eabi-objdump -h -S  task2.elf  > "task2.list"
   text	   data	    bss	    dec	    hex	filename
  31020	    144	   2256	  33420	   828c	task2.elf
Finished building: default.size.stdout
 
Finished building: task2.list
 
06:11:26 **** Incremental Build of configuration Debug for project task2 ****
make -j16 all 
arm-none-eabi-gcc "../Core/Src/main.c" -mcpu=cortex-m4 -std=gnu11 -g3 -DDEBUG -DUSE_HAL_DRIVER -DSTM32F401xC -c -I../Core/Inc -I../Drivers/STM32F4xx_HAL_Driver/Inc -I../Drivers/STM32F4xx_HAL_Driver/Inc/Legacy -I../Drivers/CMSIS/Device/ST/STM32F4xx/Include -I../Drivers/CMSIS/Include -O0 -ffunction-sections -fdata-sections -Wall -fstack-usage -MMD -MP -MF"Core/Src/main.d" -MT"Core/Src/main.o" --specs=nano.specs -mfpu=fpv4-sp-d16 -mfloat-abi=hard -mthumb -o "Core/Src/main.o"
arm-none-eabi-gcc -o "task2.elf" @"objects.list"   -mcpu=cortex-m4 -T"C:\Users\LaL\STM32CubeIDE\workspace_1.10.1\task2\task2\STM32F401CCUX_FLASH.ld" --specs=nosys.specs -Wl,-Map="task2.map" -Wl,--gc-sections -static --specs=nano.specs -mfpu=fpv4-sp-d16 -mfloat-abi=hard -mthumb -Wl,--start-group -lc -lm -Wl,--end-group
Finished building target: task2.elf
 
arm-none-eabi-size   task2.elf 
arm-none-eabi-objdump -h -S  task2.elf  > "task2.list"
   text	   data	    bss	    dec	    hex	filename
  27360	    132	   2244	  29736	   7428	task2.elf
Finished building: default.size.stdout
 
Finished building: task2.list
 
06:12:14 **** Incremental Build of configuration Debug for project task2 ****
make -j16 all 
arm-none-eabi-gcc "../Core/Src/main.c" -mcpu=cortex-m4 -std=gnu11 -g3 -DDEBUG -DUSE_HAL_DRIVER -DSTM32F401xC -c -I../Core/Inc -I../Drivers/STM32F4xx_HAL_Driver/Inc -I../Drivers/STM32F4xx_HAL_Driver/Inc/Legacy -I../Drivers/CMSIS/Device/ST/STM32F4xx/Include -I../Drivers/CMSIS/Include -O0 -ffunction-sections -fdata-sections -Wall -fstack-usage -MMD -MP -MF"Core/Src/main.d" -MT"Core/Src/main.o" --specs=nano.specs -mfpu=fpv4-sp-d16 -mfloat-abi=hard -mthumb -o "Core/Src/main.o"
../Core/Src/main.c: In function 'MX_ADC1_Init':
../Core/Src/main.c:715:28: warning: unused variable 'sConfig' [-Wunused-variable]
  715 |     ADC_ChannelConfTypeDef sConfig = { 0 };
      |                            ^~~~~~~
arm-none-eabi-gcc -o "task2.elf" @"objects.list"   -mcpu=cortex-m4 -T"C:\Users\LaL\STM32CubeIDE\workspace_1.10.1\task2\task2\STM32F401CCUX_FLASH.ld" --specs=nosys.specs -Wl,-Map="task2.map" -Wl,--gc-sections -static --specs=nano.specs -mfpu=fpv4-sp-d16 -mfloat-abi=hard -mthumb -Wl,--start-group -lc -lm -Wl,--end-group
Finished building target: task2.elf
 
arm-none-eabi-size   task2.elf 
arm-none-eabi-objdump -h -S  task2.elf  > "task2.list"
   text	   data	    bss	    dec	    hex	filename
  30752	    140	   2260	  33152	   8180	task2.elf
Finished building: default.size.stdout
 
Finished building: task2.list
 
06:18:36 **** Incremental Build of configuration Debug for project task2 ****
make -j16 all 
arm-none-eabi-gcc "../Core/Src/main.c" -mcpu=cortex-m4 -std=gnu11 -g3 -DDEBUG -DUSE_HAL_DRIVER -DSTM32F401xC -c -I../Core/Inc -I../Drivers/STM32F4xx_HAL_Driver/Inc -I../Drivers/STM32F4xx_HAL_Driver/Inc/Legacy -I../Drivers/CMSIS/Device/ST/STM32F4xx/Include -I../Drivers/CMSIS/Include -O0 -ffunction-sections -fdata-sections -Wall -fstack-usage -MMD -MP -MF"Core/Src/main.d" -MT"Core/Src/main.o" --specs=nano.specs -mfpu=fpv4-sp-d16 -mfloat-abi=hard -mthumb -o "Core/Src/main.o"
../Core/Src/main.c: In function 'MX_ADC1_Init':
../Core/Src/main.c:716:28: warning: unused variable 'sConfig' [-Wunused-variable]
  716 |     ADC_ChannelConfTypeDef sConfig = { 0 };
      |                            ^~~~~~~
arm-none-eabi-gcc -o "task2.elf" @"objects.list"   -mcpu=cortex-m4 -T"C:\Users\LaL\STM32CubeIDE\workspace_1.10.1\task2\task2\STM32F401CCUX_FLASH.ld" --specs=nosys.specs -Wl,-Map="task2.map" -Wl,--gc-sections -static --specs=nano.specs -mfpu=fpv4-sp-d16 -mfloat-abi=hard -mthumb -Wl,--start-group -lc -lm -Wl,--end-group
Finished building target: task2.elf
 
arm-none-eabi-size   task2.elf 
arm-none-eabi-objdump -h -S  task2.elf  > "task2.list"
   text	   data	    bss	    dec	    hex	filename
  30732	    140	   2260	  33132	   816c	task2.elf
Finished building: default.size.stdout
 
Finished building: task2.list
 
06:23:34 **** Incremental Build of configuration Debug for project task2 ****
make -j16 all 
arm-none-eabi-gcc "../Core/Src/main.c" -mcpu=cortex-m4 -std=gnu11 -g3 -DDEBUG -DUSE_HAL_DRIVER -DSTM32F401xC -c -I../Core/Inc -I../Drivers/STM32F4xx_HAL_Driver/Inc -I../Drivers/STM32F4xx_HAL_Driver/Inc/Legacy -I../Drivers/CMSIS/Device/ST/STM32F4xx/Include -I../Drivers/CMSIS/Include -O0 -ffunction-sections -fdata-sections -Wall -fstack-usage -MMD -MP -MF"Core/Src/main.d" -MT"Core/Src/main.o" --specs=nano.specs -mfpu=fpv4-sp-d16 -mfloat-abi=hard -mthumb -o "Core/Src/main.o"
../Core/Src/main.c: In function 'MX_ADC1_Init':
../Core/Src/main.c:724:28: warning: unused variable 'sConfig' [-Wunused-variable]
  724 |     ADC_ChannelConfTypeDef sConfig = { 0 };
      |                            ^~~~~~~
arm-none-eabi-gcc -o "task2.elf" @"objects.list"   -mcpu=cortex-m4 -T"C:\Users\LaL\STM32CubeIDE\workspace_1.10.1\task2\task2\STM32F401CCUX_FLASH.ld" --specs=nosys.specs -Wl,-Map="task2.map" -Wl,--gc-sections -static --specs=nano.specs -mfpu=fpv4-sp-d16 -mfloat-abi=hard -mthumb -Wl,--start-group -lc -lm -Wl,--end-group
Finished building target: task2.elf
 
arm-none-eabi-size   task2.elf 
arm-none-eabi-objdump -h -S  task2.elf  > "task2.list"
   text	   data	    bss	    dec	    hex	filename
  30812	    140	   2260	  33212	   81bc	task2.elf
Finished building: default.size.stdout
 
Finished building: task2.list
 
11:40:49 **** Incremental Build of configuration Debug for project task2 ****
make -j16 all 
arm-none-eabi-gcc "../Core/Src/main.c" -mcpu=cortex-m4 -std=gnu11 -g3 -DDEBUG -DUSE_HAL_DRIVER -DSTM32F401xC -c -I../Core/Inc -I../Drivers/STM32F4xx_HAL_Driver/Inc -I../Drivers/STM32F4xx_HAL_Driver/Inc/Legacy -I../Drivers/CMSIS/Device/ST/STM32F4xx/Include -I../Drivers/CMSIS/Include -O0 -ffunction-sections -fdata-sections -Wall -fstack-usage -MMD -MP -MF"Core/Src/main.d" -MT"Core/Src/main.o" --specs=nano.specs -mfpu=fpv4-sp-d16 -mfloat-abi=hard -mthumb -o "Core/Src/main.o"
arm-none-eabi-gcc -o "task2.elf" @"objects.list"   -mcpu=cortex-m4 -T"C:\Users\LaL\STM32CubeIDE\workspace_1.10.1\task2\task2\STM32F401CCUX_FLASH.ld" --specs=nosys.specs -Wl,-Map="task2.map" -Wl,--gc-sections -static --specs=nano.specs -mfpu=fpv4-sp-d16 -mfloat-abi=hard -mthumb -Wl,--start-group -lc -lm -Wl,--end-group
Finished building target: task2.elf
 
arm-none-eabi-size   task2.elf 
arm-none-eabi-objdump -h -S  task2.elf  > "task2.list"
   text	   data	    bss	    dec	    hex	filename
  30592	    144	   2256	  32992	   80e0	task2.elf
Finished building: default.size.stdout
 
Finished building: task2.list
 
11:41:17 **** Incremental Build of configuration Debug for project task2 ****
make -j16 all 
arm-none-eabi-size   task2.elf 
   text	   data	    bss	    dec	    hex	filename
  30592	    144	   2256	  32992	   80e0	task2.elf
Finished building: default.size.stdout
 
11:42:39 **** Incremental Build of configuration Debug for project task2 ****
make -j16 all 
arm-none-eabi-size   task2.elf 
   text	   data	    bss	    dec	    hex	filename
  30592	    144	   2256	  32992	   80e0	task2.elf
Finished building: default.size.stdout
 
11:43:10 **** Incremental Build of configuration Debug for project task2 ****
make -j16 all 
arm-none-eabi-size   task2.elf 
   text	   data	    bss	    dec	    hex	filename
  30592	    144	   2256	  32992	   80e0	task2.elf
Finished building: default.size.stdout
 
11:51:50 **** Incremental Build of configuration Debug for project task2 ****
make -j16 all 
arm-none-eabi-size   task2.elf 
   text	   data	    bss	    dec	    hex	filename
  30592	    144	   2256	  32992	   80e0	task2.elf
Finished building: default.size.stdout
 
11:54:39 **** Incremental Build of configuration Debug for project task2 ****
make -j16 all 
arm-none-eabi-size   task2.elf 
   text	   data	    bss	    dec	    hex	filename
  30592	    144	   2256	  32992	   80e0	task2.elf
Finished building: default.size.stdout
 
14:22:44 **** Incremental Build of configuration Debug for project task2 ****
make -j16 all 
arm-none-eabi-size   task2.elf 
   text	   data	    bss	    dec	    hex	filename
  30592	    144	   2256	  32992	   80e0	task2.elf
Finished building: default.size.stdout
 
14:28:48 **** Incremental Build of configuration Debug for project task2 ****
make -j16 all 
arm-none-eabi-gcc "../Core/Src/main.c" -mcpu=cortex-m4 -std=gnu11 -g3 -DDEBUG -DUSE_HAL_DRIVER -DSTM32F401xC -c -I../Core/Inc -I../Drivers/STM32F4xx_HAL_Driver/Inc -I../Drivers/STM32F4xx_HAL_Driver/Inc/Legacy -I../Drivers/CMSIS/Device/ST/STM32F4xx/Include -I../Drivers/CMSIS/Include -O0 -ffunction-sections -fdata-sections -Wall -fstack-usage -MMD -MP -MF"Core/Src/main.d" -MT"Core/Src/main.o" --specs=nano.specs -mfpu=fpv4-sp-d16 -mfloat-abi=hard -mthumb -o "Core/Src/main.o"
../Core/Src/main.c: In function 'input':
../Core/Src/main.c:332:29: warning: passing argument 2 of 'HAL_ADC_Start_DMA' from incompatible pointer type [-Wincompatible-pointer-types]
  332 |   HAL_ADC_Start_DMA(&hadc1, adcData, 2);
      |                             ^~~~~~~
      |                             |
      |                             int *
In file included from ../Core/Inc/stm32f4xx_hal_conf.h:295,
                 from ../Drivers/STM32F4xx_HAL_Driver/Inc/stm32f4xx_hal.h:29,
                 from ../Core/Inc/main.h:30,
                 from ../Core/Src/main.c:20:
../Drivers/STM32F4xx_HAL_Driver/Inc/stm32f4xx_hal_adc.h:594:72: note: expected 'uint32_t *' {aka 'long unsigned int *'} but argument is of type 'int *'
  594 | HAL_StatusTypeDef HAL_ADC_Start_DMA(ADC_HandleTypeDef* hadc, uint32_t* pData, uint32_t Length);
      |                                                              ~~~~~~~~~~^~~~~
../Core/Src/main.c: In function 'draw':
../Core/Src/main.c:432:28: warning: '           ' directive writing 11 bytes into a region of size between 0 and 2 [-Wformat-overflow=]
  432 |     sprintf(d, "Score: %d           ", score);
      |                          ~~^~~~~~~~~
../Core/Src/main.c:432:5: note: 'sprintf' output between 20 and 30 bytes into a destination of size 10
  432 |     sprintf(d, "Score: %d           ", score);
      |     ^~~~~~~~~~~~~~~~~~~~~~~~~~~~~~~~~~~~~~~~~
arm-none-eabi-gcc -o "task2.elf" @"objects.list"   -mcpu=cortex-m4 -T"C:\Users\LaL\STM32CubeIDE\workspace_1.10.1\task2\task2\STM32F401CCUX_FLASH.ld" --specs=nosys.specs -Wl,-Map="task2.map" -Wl,--gc-sections -static --specs=nano.specs -mfpu=fpv4-sp-d16 -mfloat-abi=hard -mthumb -Wl,--start-group -lc -lm -Wl,--end-group
Finished building target: task2.elf
 
arm-none-eabi-size   task2.elf 
arm-none-eabi-objdump -h -S  task2.elf  > "task2.list"
   text	   data	    bss	    dec	    hex	filename
  27368	    136	  12976	  40480	   9e20	task2.elf
Finished building: default.size.stdout
 
Finished building: task2.list
 
14:42:48 **** Incremental Build of configuration Debug for project task2 ****
make -j16 all 
arm-none-eabi-gcc "../Core/Src/main.c" -mcpu=cortex-m4 -std=gnu11 -g3 -DDEBUG -DUSE_HAL_DRIVER -DSTM32F401xC -c -I../Core/Inc -I../Drivers/STM32F4xx_HAL_Driver/Inc -I../Drivers/STM32F4xx_HAL_Driver/Inc/Legacy -I../Drivers/CMSIS/Device/ST/STM32F4xx/Include -I../Drivers/CMSIS/Include -O0 -ffunction-sections -fdata-sections -Wall -fstack-usage -MMD -MP -MF"Core/Src/main.d" -MT"Core/Src/main.o" --specs=nano.specs -mfpu=fpv4-sp-d16 -mfloat-abi=hard -mthumb -o "Core/Src/main.o"
arm-none-eabi-gcc -o "task2.elf" @"objects.list"   -mcpu=cortex-m4 -T"C:\Users\LaL\STM32CubeIDE\workspace_1.10.1\task2\task2\STM32F401CCUX_FLASH.ld" --specs=nosys.specs -Wl,-Map="task2.map" -Wl,--gc-sections -static --specs=nano.specs -mfpu=fpv4-sp-d16 -mfloat-abi=hard -mthumb -Wl,--start-group -lc -lm -Wl,--end-group
Finished building target: task2.elf
 
arm-none-eabi-size   task2.elf 
arm-none-eabi-objdump -h -S  task2.elf  > "task2.list"
   text	   data	    bss	    dec	    hex	filename
  30772	    144	   2248	  33164	   818c	task2.elf
Finished building: default.size.stdout
 
Finished building: task2.list
 
14:46:41 **** Incremental Build of configuration Debug for project task2 ****
make -j16 all 
arm-none-eabi-gcc "../Core/Src/main.c" -mcpu=cortex-m4 -std=gnu11 -g3 -DDEBUG -DUSE_HAL_DRIVER -DSTM32F401xC -c -I../Core/Inc -I../Drivers/STM32F4xx_HAL_Driver/Inc -I../Drivers/STM32F4xx_HAL_Driver/Inc/Legacy -I../Drivers/CMSIS/Device/ST/STM32F4xx/Include -I../Drivers/CMSIS/Include -O0 -ffunction-sections -fdata-sections -Wall -fstack-usage -MMD -MP -MF"Core/Src/main.d" -MT"Core/Src/main.o" --specs=nano.specs -mfpu=fpv4-sp-d16 -mfloat-abi=hard -mthumb -o "Core/Src/main.o"
../Core/Src/main.c: In function 'input_extended':
../Core/Src/main.c:489:35: warning: passing argument 2 of 'HAL_ADC_Start_DMA' from incompatible pointer type [-Wincompatible-pointer-types]
  489 |         HAL_ADC_Start_DMA(&hadc1, adcData, 2);
      |                                   ^~~~~~~
      |                                   |
      |                                   int *
In file included from ../Core/Inc/stm32f4xx_hal_conf.h:295,
                 from ../Drivers/STM32F4xx_HAL_Driver/Inc/stm32f4xx_hal.h:29,
                 from ../Core/Inc/main.h:30,
                 from ../Core/Src/main.c:20:
../Drivers/STM32F4xx_HAL_Driver/Inc/stm32f4xx_hal_adc.h:594:72: note: expected 'uint32_t *' {aka 'long unsigned int *'} but argument is of type 'int *'
  594 | HAL_StatusTypeDef HAL_ADC_Start_DMA(ADC_HandleTypeDef* hadc, uint32_t* pData, uint32_t Length);
      |                                                              ~~~~~~~~~~^~~~~
../Core/Src/main.c: In function 'main':
../Core/Src/main.c:602:29: warning: passing argument 2 of 'HAL_ADC_Start_DMA' from incompatible pointer type [-Wincompatible-pointer-types]
  602 |   HAL_ADC_Start_DMA(&hadc1, adcData, 2);
      |                             ^~~~~~~
      |                             |
      |                             int *
In file included from ../Core/Inc/stm32f4xx_hal_conf.h:295,
                 from ../Drivers/STM32F4xx_HAL_Driver/Inc/stm32f4xx_hal.h:29,
                 from ../Core/Inc/main.h:30,
                 from ../Core/Src/main.c:20:
../Drivers/STM32F4xx_HAL_Driver/Inc/stm32f4xx_hal_adc.h:594:72: note: expected 'uint32_t *' {aka 'long unsigned int *'} but argument is of type 'int *'
  594 | HAL_StatusTypeDef HAL_ADC_Start_DMA(ADC_HandleTypeDef* hadc, uint32_t* pData, uint32_t Length);
      |                                                              ~~~~~~~~~~^~~~~
arm-none-eabi-gcc -o "task2.elf" @"objects.list"   -mcpu=cortex-m4 -T"C:\Users\LaL\STM32CubeIDE\workspace_1.10.1\task2\task2\STM32F401CCUX_FLASH.ld" --specs=nosys.specs -Wl,-Map="task2.map" -Wl,--gc-sections -static --specs=nano.specs -mfpu=fpv4-sp-d16 -mfloat-abi=hard -mthumb -Wl,--start-group -lc -lm -Wl,--end-group
c:\st\stm32cubeide_1.10.1\stm32cubeide\plugins\com.st.stm32cube.ide.mcu.externaltools.gnu-tools-for-stm32.10.3-2021.10.win32_1.0.0.202111181127\tools\arm-none-eabi\bin\ld.exe: ./Core/Src/stm32f4xx_it.o: in function `TIM1_UP_TIM10_IRQHandler':
C:/Users/LaL/STM32CubeIDE/workspace_1.10.1/task2/task2/Debug/../Core/Src/stm32f4xx_it.c:214: undefined reference to `input'
collect2.exe: error: ld returned 1 exit status
make: *** [makefile:64: task2.elf] Error 1
"make -j16 all" terminated with exit code 2. Build might be incomplete.
14:46:56 **** Incremental Build of configuration Debug for project task2 ****
make -j16 all 
arm-none-eabi-gcc "../Core/Src/main.c" -mcpu=cortex-m4 -std=gnu11 -g3 -DDEBUG -DUSE_HAL_DRIVER -DSTM32F401xC -c -I../Core/Inc -I../Drivers/STM32F4xx_HAL_Driver/Inc -I../Drivers/STM32F4xx_HAL_Driver/Inc/Legacy -I../Drivers/CMSIS/Device/ST/STM32F4xx/Include -I../Drivers/CMSIS/Include -O0 -ffunction-sections -fdata-sections -Wall -fstack-usage -MMD -MP -MF"Core/Src/main.d" -MT"Core/Src/main.o" --specs=nano.specs -mfpu=fpv4-sp-d16 -mfloat-abi=hard -mthumb -o "Core/Src/main.o"
../Core/Src/main.c: In function 'input_extended':
../Core/Src/main.c:489:35: warning: passing argument 2 of 'HAL_ADC_Start_DMA' from incompatible pointer type [-Wincompatible-pointer-types]
  489 |         HAL_ADC_Start_DMA(&hadc1, adcData, 2);
      |                                   ^~~~~~~
      |                                   |
      |                                   int *
In file included from ../Core/Inc/stm32f4xx_hal_conf.h:295,
                 from ../Drivers/STM32F4xx_HAL_Driver/Inc/stm32f4xx_hal.h:29,
                 from ../Core/Inc/main.h:30,
                 from ../Core/Src/main.c:20:
../Drivers/STM32F4xx_HAL_Driver/Inc/stm32f4xx_hal_adc.h:594:72: note: expected 'uint32_t *' {aka 'long unsigned int *'} but argument is of type 'int *'
  594 | HAL_StatusTypeDef HAL_ADC_Start_DMA(ADC_HandleTypeDef* hadc, uint32_t* pData, uint32_t Length);
      |                                                              ~~~~~~~~~~^~~~~
../Core/Src/main.c: In function 'main':
../Core/Src/main.c:602:29: warning: passing argument 2 of 'HAL_ADC_Start_DMA' from incompatible pointer type [-Wincompatible-pointer-types]
  602 |   HAL_ADC_Start_DMA(&hadc1, adcData, 2);
      |                             ^~~~~~~
      |                             |
      |                             int *
In file included from ../Core/Inc/stm32f4xx_hal_conf.h:295,
                 from ../Drivers/STM32F4xx_HAL_Driver/Inc/stm32f4xx_hal.h:29,
                 from ../Core/Inc/main.h:30,
                 from ../Core/Src/main.c:20:
../Drivers/STM32F4xx_HAL_Driver/Inc/stm32f4xx_hal_adc.h:594:72: note: expected 'uint32_t *' {aka 'long unsigned int *'} but argument is of type 'int *'
  594 | HAL_StatusTypeDef HAL_ADC_Start_DMA(ADC_HandleTypeDef* hadc, uint32_t* pData, uint32_t Length);
      |                                                              ~~~~~~~~~~^~~~~
arm-none-eabi-gcc -o "task2.elf" @"objects.list"   -mcpu=cortex-m4 -T"C:\Users\LaL\STM32CubeIDE\workspace_1.10.1\task2\task2\STM32F401CCUX_FLASH.ld" --specs=nosys.specs -Wl,-Map="task2.map" -Wl,--gc-sections -static --specs=nano.specs -mfpu=fpv4-sp-d16 -mfloat-abi=hard -mthumb -Wl,--start-group -lc -lm -Wl,--end-group
c:\st\stm32cubeide_1.10.1\stm32cubeide\plugins\com.st.stm32cube.ide.mcu.externaltools.gnu-tools-for-stm32.10.3-2021.10.win32_1.0.0.202111181127\tools\arm-none-eabi\bin\ld.exe: ./Core/Src/stm32f4xx_it.o: in function `TIM1_UP_TIM10_IRQHandler':
C:/Users/LaL/STM32CubeIDE/workspace_1.10.1/task2/task2/Debug/../Core/Src/stm32f4xx_it.c:214: undefined reference to `input'
collect2.exe: error: ld returned 1 exit status
make: *** [makefile:64: task2.elf] Error 1
"make -j16 all" terminated with exit code 2. Build might be incomplete.
14:47:08 **** Incremental Build of configuration Debug for project task2 ****
make -j16 all 
arm-none-eabi-gcc "../Core/Src/main.c" -mcpu=cortex-m4 -std=gnu11 -g3 -DDEBUG -DUSE_HAL_DRIVER -DSTM32F401xC -c -I../Core/Inc -I../Drivers/STM32F4xx_HAL_Driver/Inc -I../Drivers/STM32F4xx_HAL_Driver/Inc/Legacy -I../Drivers/CMSIS/Device/ST/STM32F4xx/Include -I../Drivers/CMSIS/Include -O0 -ffunction-sections -fdata-sections -Wall -fstack-usage -MMD -MP -MF"Core/Src/main.d" -MT"Core/Src/main.o" --specs=nano.specs -mfpu=fpv4-sp-d16 -mfloat-abi=hard -mthumb -o "Core/Src/main.o"
arm-none-eabi-gcc -o "task2.elf" @"objects.list"   -mcpu=cortex-m4 -T"C:\Users\LaL\STM32CubeIDE\workspace_1.10.1\task2\task2\STM32F401CCUX_FLASH.ld" --specs=nosys.specs -Wl,-Map="task2.map" -Wl,--gc-sections -static --specs=nano.specs -mfpu=fpv4-sp-d16 -mfloat-abi=hard -mthumb -Wl,--start-group -lc -lm -Wl,--end-group
Finished building target: task2.elf
 
arm-none-eabi-size   task2.elf 
arm-none-eabi-objdump -h -S  task2.elf  > "task2.list"
   text	   data	    bss	    dec	    hex	filename
  30772	    144	   2248	  33164	   818c	task2.elf
Finished building: default.size.stdout
 
Finished building: task2.list
 
